<?xml version="1.0" encoding="UTF-8"?>
<!-- Generated by org.testng.reporters.JUnitReportReporter -->
<testsuite skipped="0" hostname="MacBook-Pro.attlocal.net" name="org.rahulshettyacademy.IOSBasics" tests="1" failures="0" timestamp="06 Jul 2022 15:39:29 GMT" time="3.196" errors="0">
  <testcase name="IOSBasicsTest" time="3.196" classname="org.rahulshettyacademy.IOSBasics"/>
</testsuite> <!-- org.rahulshettyacademy.IOSBasics -->
