<?xml version="1.0" encoding="UTF-8"?>
<!-- Generated by org.testng.reporters.JUnitReportReporter -->
<testsuite skipped="0" hostname="MacBook-Pro.attlocal.net" name="org.rahulshettyacademy.eCommerce_tc_4_Hybrid" tests="2" failures="0" timestamp="06 Jul 2022 15:44:07 GMT" time="25.976" errors="0">
  <testcase name="FillForm" time="12.769" classname="org.rahulshettyacademy.eCommerce_tc_4_Hybrid"/>
  <testcase name="FillForm" time="13.207" classname="org.rahulshettyacademy.eCommerce_tc_4_Hybrid"/>
</testsuite> <!-- org.rahulshettyacademy.eCommerce_tc_4_Hybrid -->
