<?xml version="1.0" encoding="UTF-8"?>
<testsuite xmlns:xsi="http://www.w3.org/2001/XMLSchema-instance" xsi:noNamespaceSchemaLocation="https://maven.apache.org/surefire/maven-surefire-plugin/xsd/surefire-test-report-3.0.xsd" version="3.0" name="TestSuite" time="43.341" tests="2" errors="0" skipped="0" failures="0">
  <properties>
    <property name="gopherProxySet" value="false"/>
    <property name="awt.toolkit" value="sun.lwawt.macosx.LWCToolkit"/>
    <property name="file.encoding.pkg" value="sun.io"/>
    <property name="java.specification.version" value="1.8"/>
    <property name="sun.cpu.isalist" value=""/>
    <property name="sun.jnu.encoding" value="UTF-8"/>
    <property name="java.class.path" value="/Users/rahulshetty/workingcode/AppiumFrameworkDesign/target/test-classes:/Users/rahulshetty/workingcode/AppiumFrameworkDesign/target/classes:/Users/rahulshetty/.m2/repository/io/appium/java-client/8.1.1/java-client-8.1.1.jar:/Users/rahulshetty/.m2/repository/org/seleniumhq/selenium/selenium-api/4.3.0/selenium-api-4.3.0.jar:/Users/rahulshetty/.m2/repository/org/seleniumhq/selenium/selenium-remote-driver/4.3.0/selenium-remote-driver-4.3.0.jar:/Users/rahulshetty/.m2/repository/com/google/auto/service/auto-service-annotations/1.0.1/auto-service-annotations-1.0.1.jar:/Users/rahulshetty/.m2/repository/com/google/auto/service/auto-service/1.0.1/auto-service-1.0.1.jar:/Users/rahulshetty/.m2/repository/com/google/auto/auto-common/1.2/auto-common-1.2.jar:/Users/rahulshetty/.m2/repository/com/google/guava/guava/31.1-jre/guava-31.1-jre.jar:/Users/rahulshetty/.m2/repository/com/google/guava/failureaccess/1.0.1/failureaccess-1.0.1.jar:/Users/rahulshetty/.m2/repository/com/google/guava/listenablefuture/9999.0-empty-to-avoid-conflict-with-guava/listenablefuture-9999.0-empty-to-avoid-conflict-with-guava.jar:/Users/rahulshetty/.m2/repository/com/google/code/findbugs/jsr305/3.0.2/jsr305-3.0.2.jar:/Users/rahulshetty/.m2/repository/org/checkerframework/checker-qual/3.12.0/checker-qual-3.12.0.jar:/Users/rahulshetty/.m2/repository/com/google/errorprone/error_prone_annotations/2.11.0/error_prone_annotations-2.11.0.jar:/Users/rahulshetty/.m2/repository/com/google/j2objc/j2objc-annotations/1.3/j2objc-annotations-1.3.jar:/Users/rahulshetty/.m2/repository/io/netty/netty-buffer/4.1.78.Final/netty-buffer-4.1.78.Final.jar:/Users/rahulshetty/.m2/repository/io/netty/netty-codec-http/4.1.78.Final/netty-codec-http-4.1.78.Final.jar:/Users/rahulshetty/.m2/repository/io/netty/netty-codec/4.1.78.Final/netty-codec-4.1.78.Final.jar:/Users/rahulshetty/.m2/repository/io/netty/netty-handler/4.1.78.Final/netty-handler-4.1.78.Final.jar:/Users/rahulshetty/.m2/repository/io/netty/netty-common/4.1.78.Final/netty-common-4.1.78.Final.jar:/Users/rahulshetty/.m2/repository/io/netty/netty-transport-classes-epoll/4.1.78.Final/netty-transport-classes-epoll-4.1.78.Final.jar:/Users/rahulshetty/.m2/repository/io/netty/netty-transport-classes-kqueue/4.1.78.Final/netty-transport-classes-kqueue-4.1.78.Final.jar:/Users/rahulshetty/.m2/repository/io/netty/netty-transport-native-epoll/4.1.78.Final/netty-transport-native-epoll-4.1.78.Final.jar:/Users/rahulshetty/.m2/repository/io/netty/netty-transport-native-kqueue/4.1.78.Final/netty-transport-native-kqueue-4.1.78.Final.jar:/Users/rahulshetty/.m2/repository/io/netty/netty-transport-native-unix-common/4.1.78.Final/netty-transport-native-unix-common-4.1.78.Final.jar:/Users/rahulshetty/.m2/repository/io/netty/netty-transport/4.1.78.Final/netty-transport-4.1.78.Final.jar:/Users/rahulshetty/.m2/repository/io/netty/netty-resolver/4.1.78.Final/netty-resolver-4.1.78.Final.jar:/Users/rahulshetty/.m2/repository/io/opentelemetry/opentelemetry-api/1.15.0/opentelemetry-api-1.15.0.jar:/Users/rahulshetty/.m2/repository/io/opentelemetry/opentelemetry-context/1.15.0/opentelemetry-context-1.15.0.jar:/Users/rahulshetty/.m2/repository/io/opentelemetry/opentelemetry-exporter-logging/1.15.0/opentelemetry-exporter-logging-1.15.0.jar:/Users/rahulshetty/.m2/repository/io/opentelemetry/opentelemetry-sdk-metrics/1.15.0/opentelemetry-sdk-metrics-1.15.0.jar:/Users/rahulshetty/.m2/repository/io/opentelemetry/opentelemetry-sdk-logs/1.15.0-alpha/opentelemetry-sdk-logs-1.15.0-alpha.jar:/Users/rahulshetty/.m2/repository/io/opentelemetry/opentelemetry-sdk-common/1.15.0/opentelemetry-sdk-common-1.15.0.jar:/Users/rahulshetty/.m2/repository/io/opentelemetry/opentelemetry-sdk-extension-autoconfigure-spi/1.15.0/opentelemetry-sdk-extension-autoconfigure-spi-1.15.0.jar:/Users/rahulshetty/.m2/repository/io/opentelemetry/opentelemetry-sdk-extension-autoconfigure/1.15.0-alpha/opentelemetry-sdk-extension-autoconfigure-1.15.0-alpha.jar:/Users/rahulshetty/.m2/repository/io/opentelemetry/opentelemetry-sdk-trace/1.15.0/opentelemetry-sdk-trace-1.15.0.jar:/Users/rahulshetty/.m2/repository/io/opentelemetry/opentelemetry-sdk/1.15.0/opentelemetry-sdk-1.15.0.jar:/Users/rahulshetty/.m2/repository/io/opentelemetry/opentelemetry-semconv/1.15.0-alpha/opentelemetry-semconv-1.15.0-alpha.jar:/Users/rahulshetty/.m2/repository/io/ous/jtoml/2.0.0/jtoml-2.0.0.jar:/Users/rahulshetty/.m2/repository/net/bytebuddy/byte-buddy/1.12.10/byte-buddy-1.12.10.jar:/Users/rahulshetty/.m2/repository/org/apache/commons/commons-exec/1.3/commons-exec-1.3.jar:/Users/rahulshetty/.m2/repository/org/asynchttpclient/async-http-client/2.12.3/async-http-client-2.12.3.jar:/Users/rahulshetty/.m2/repository/org/asynchttpclient/async-http-client-netty-utils/2.12.3/async-http-client-netty-utils-2.12.3.jar:/Users/rahulshetty/.m2/repository/io/netty/netty-codec-socks/4.1.60.Final/netty-codec-socks-4.1.60.Final.jar:/Users/rahulshetty/.m2/repository/io/netty/netty-handler-proxy/4.1.60.Final/netty-handler-proxy-4.1.60.Final.jar:/Users/rahulshetty/.m2/repository/io/netty/netty-transport-native-epoll/4.1.60.Final/netty-transport-native-epoll-4.1.60.Final-linux-x86_64.jar:/Users/rahulshetty/.m2/repository/io/netty/netty-transport-native-kqueue/4.1.60.Final/netty-transport-native-kqueue-4.1.60.Final-osx-x86_64.jar:/Users/rahulshetty/.m2/repository/org/reactivestreams/reactive-streams/1.0.3/reactive-streams-1.0.3.jar:/Users/rahulshetty/.m2/repository/com/typesafe/netty/netty-reactive-streams/2.0.4/netty-reactive-streams-2.0.4.jar:/Users/rahulshetty/.m2/repository/com/sun/activation/jakarta.activation/1.2.2/jakarta.activation-1.2.2.jar:/Users/rahulshetty/.m2/repository/org/seleniumhq/selenium/selenium-http/4.3.0/selenium-http-4.3.0.jar:/Users/rahulshetty/.m2/repository/dev/failsafe/failsafe/3.2.4/failsafe-3.2.4.jar:/Users/rahulshetty/.m2/repository/org/seleniumhq/selenium/selenium-json/4.3.0/selenium-json-4.3.0.jar:/Users/rahulshetty/.m2/repository/org/seleniumhq/selenium/selenium-support/4.3.0/selenium-support-4.3.0.jar:/Users/rahulshetty/.m2/repository/com/google/code/gson/gson/2.9.0/gson-2.9.0.jar:/Users/rahulshetty/.m2/repository/commons-codec/commons-codec/1.15/commons-codec-1.15.jar:/Users/rahulshetty/.m2/repository/cglib/cglib/3.3.0/cglib-3.3.0.jar:/Users/rahulshetty/.m2/repository/org/ow2/asm/asm/7.1/asm-7.1.jar:/Users/rahulshetty/.m2/repository/commons-validator/commons-validator/1.7/commons-validator-1.7.jar:/Users/rahulshetty/.m2/repository/commons-beanutils/commons-beanutils/1.9.4/commons-beanutils-1.9.4.jar:/Users/rahulshetty/.m2/repository/commons-digester/commons-digester/2.1/commons-digester-2.1.jar:/Users/rahulshetty/.m2/repository/commons-logging/commons-logging/1.2/commons-logging-1.2.jar:/Users/rahulshetty/.m2/repository/commons-collections/commons-collections/3.2.2/commons-collections-3.2.2.jar:/Users/rahulshetty/.m2/repository/org/apache/commons/commons-lang3/3.12.0/commons-lang3-3.12.0.jar:/Users/rahulshetty/.m2/repository/org/slf4j/slf4j-api/1.7.36/slf4j-api-1.7.36.jar:/Users/rahulshetty/.m2/repository/org/testng/testng/6.14.3/testng-6.14.3.jar:/Users/rahulshetty/.m2/repository/com/beust/jcommander/1.72/jcommander-1.72.jar:/Users/rahulshetty/.m2/repository/org/apache-extras/beanshell/bsh/2.0b6/bsh-2.0b6.jar:/Users/rahulshetty/.m2/repository/com/aventstack/extentreports/4.1.3/extentreports-4.1.3.jar:/Users/rahulshetty/.m2/repository/org/freemarker/freemarker/2.3.29/freemarker-2.3.29.jar:/Users/rahulshetty/.m2/repository/org/apache/httpcomponents/httpclient/4.5.2/httpclient-4.5.2.jar:/Users/rahulshetty/.m2/repository/org/apache/httpcomponents/httpcore/4.4.4/httpcore-4.4.4.jar:/Users/rahulshetty/.m2/repository/org/apache/httpcomponents/httpmime/4.5.2/httpmime-4.5.2.jar:/Users/rahulshetty/.m2/repository/org/mongodb/mongodb-driver/3.12.0/mongodb-driver-3.12.0.jar:/Users/rahulshetty/.m2/repository/org/mongodb/mongodb-driver-core/3.12.0/mongodb-driver-core-3.12.0.jar:/Users/rahulshetty/.m2/repository/org/mongodb/bson/3.12.0/bson-3.12.0.jar:/Users/rahulshetty/.m2/repository/com/fasterxml/jackson/core/jackson-databind/2.13.3/jackson-databind-2.13.3.jar:/Users/rahulshetty/.m2/repository/com/fasterxml/jackson/core/jackson-annotations/2.13.3/jackson-annotations-2.13.3.jar:/Users/rahulshetty/.m2/repository/com/fasterxml/jackson/core/jackson-core/2.13.3/jackson-core-2.13.3.jar:/Users/rahulshetty/.m2/repository/commons-io/commons-io/2.11.0/commons-io-2.11.0.jar:"/>
    <property name="java.vm.vendor" value="Oracle Corporation"/>
    <property name="sun.arch.data.model" value="64"/>
    <property name="java.vendor.url" value="http://java.oracle.com/"/>
    <property name="user.timezone" value="America/New_York"/>
    <property name="java.vm.specification.version" value="1.8"/>
    <property name="os.name" value="Mac OS X"/>
    <property name="user.country" value="US"/>
    <property name="sun.java.launcher" value="SUN_STANDARD"/>
    <property name="sun.boot.library.path" value="/Library/Java/JavaVirtualMachines/jdk1.8.0_261.jdk/Contents/Home/jre/lib"/>
    <property name="sun.java.command" value="/Users/rahulshetty/workingcode/AppiumFrameworkDesign/target/surefire/surefirebooter-20220706114323540_3.jar /Users/rahulshetty/workingcode/AppiumFrameworkDesign/target/surefire 2022-07-06T11-43-22_305-jvmRun1 surefire-20220706114323540_1tmp surefire_0-20220706114323540_2tmp"/>
    <property name="http.nonProxyHosts" value="local|*.local|169.254/16|*.169.254/16"/>
    <property name="surefire.test.class.path" value="/Users/rahulshetty/workingcode/AppiumFrameworkDesign/target/test-classes:/Users/rahulshetty/workingcode/AppiumFrameworkDesign/target/classes:/Users/rahulshetty/.m2/repository/io/appium/java-client/8.1.1/java-client-8.1.1.jar:/Users/rahulshetty/.m2/repository/org/seleniumhq/selenium/selenium-api/4.3.0/selenium-api-4.3.0.jar:/Users/rahulshetty/.m2/repository/org/seleniumhq/selenium/selenium-remote-driver/4.3.0/selenium-remote-driver-4.3.0.jar:/Users/rahulshetty/.m2/repository/com/google/auto/service/auto-service-annotations/1.0.1/auto-service-annotations-1.0.1.jar:/Users/rahulshetty/.m2/repository/com/google/auto/service/auto-service/1.0.1/auto-service-1.0.1.jar:/Users/rahulshetty/.m2/repository/com/google/auto/auto-common/1.2/auto-common-1.2.jar:/Users/rahulshetty/.m2/repository/com/google/guava/guava/31.1-jre/guava-31.1-jre.jar:/Users/rahulshetty/.m2/repository/com/google/guava/failureaccess/1.0.1/failureaccess-1.0.1.jar:/Users/rahulshetty/.m2/repository/com/google/guava/listenablefuture/9999.0-empty-to-avoid-conflict-with-guava/listenablefuture-9999.0-empty-to-avoid-conflict-with-guava.jar:/Users/rahulshetty/.m2/repository/com/google/code/findbugs/jsr305/3.0.2/jsr305-3.0.2.jar:/Users/rahulshetty/.m2/repository/org/checkerframework/checker-qual/3.12.0/checker-qual-3.12.0.jar:/Users/rahulshetty/.m2/repository/com/google/errorprone/error_prone_annotations/2.11.0/error_prone_annotations-2.11.0.jar:/Users/rahulshetty/.m2/repository/com/google/j2objc/j2objc-annotations/1.3/j2objc-annotations-1.3.jar:/Users/rahulshetty/.m2/repository/io/netty/netty-buffer/4.1.78.Final/netty-buffer-4.1.78.Final.jar:/Users/rahulshetty/.m2/repository/io/netty/netty-codec-http/4.1.78.Final/netty-codec-http-4.1.78.Final.jar:/Users/rahulshetty/.m2/repository/io/netty/netty-codec/4.1.78.Final/netty-codec-4.1.78.Final.jar:/Users/rahulshetty/.m2/repository/io/netty/netty-handler/4.1.78.Final/netty-handler-4.1.78.Final.jar:/Users/rahulshetty/.m2/repository/io/netty/netty-common/4.1.78.Final/netty-common-4.1.78.Final.jar:/Users/rahulshetty/.m2/repository/io/netty/netty-transport-classes-epoll/4.1.78.Final/netty-transport-classes-epoll-4.1.78.Final.jar:/Users/rahulshetty/.m2/repository/io/netty/netty-transport-classes-kqueue/4.1.78.Final/netty-transport-classes-kqueue-4.1.78.Final.jar:/Users/rahulshetty/.m2/repository/io/netty/netty-transport-native-epoll/4.1.78.Final/netty-transport-native-epoll-4.1.78.Final.jar:/Users/rahulshetty/.m2/repository/io/netty/netty-transport-native-kqueue/4.1.78.Final/netty-transport-native-kqueue-4.1.78.Final.jar:/Users/rahulshetty/.m2/repository/io/netty/netty-transport-native-unix-common/4.1.78.Final/netty-transport-native-unix-common-4.1.78.Final.jar:/Users/rahulshetty/.m2/repository/io/netty/netty-transport/4.1.78.Final/netty-transport-4.1.78.Final.jar:/Users/rahulshetty/.m2/repository/io/netty/netty-resolver/4.1.78.Final/netty-resolver-4.1.78.Final.jar:/Users/rahulshetty/.m2/repository/io/opentelemetry/opentelemetry-api/1.15.0/opentelemetry-api-1.15.0.jar:/Users/rahulshetty/.m2/repository/io/opentelemetry/opentelemetry-context/1.15.0/opentelemetry-context-1.15.0.jar:/Users/rahulshetty/.m2/repository/io/opentelemetry/opentelemetry-exporter-logging/1.15.0/opentelemetry-exporter-logging-1.15.0.jar:/Users/rahulshetty/.m2/repository/io/opentelemetry/opentelemetry-sdk-metrics/1.15.0/opentelemetry-sdk-metrics-1.15.0.jar:/Users/rahulshetty/.m2/repository/io/opentelemetry/opentelemetry-sdk-logs/1.15.0-alpha/opentelemetry-sdk-logs-1.15.0-alpha.jar:/Users/rahulshetty/.m2/repository/io/opentelemetry/opentelemetry-sdk-common/1.15.0/opentelemetry-sdk-common-1.15.0.jar:/Users/rahulshetty/.m2/repository/io/opentelemetry/opentelemetry-sdk-extension-autoconfigure-spi/1.15.0/opentelemetry-sdk-extension-autoconfigure-spi-1.15.0.jar:/Users/rahulshetty/.m2/repository/io/opentelemetry/opentelemetry-sdk-extension-autoconfigure/1.15.0-alpha/opentelemetry-sdk-extension-autoconfigure-1.15.0-alpha.jar:/Users/rahulshetty/.m2/repository/io/opentelemetry/opentelemetry-sdk-trace/1.15.0/opentelemetry-sdk-trace-1.15.0.jar:/Users/rahulshetty/.m2/repository/io/opentelemetry/opentelemetry-sdk/1.15.0/opentelemetry-sdk-1.15.0.jar:/Users/rahulshetty/.m2/repository/io/opentelemetry/opentelemetry-semconv/1.15.0-alpha/opentelemetry-semconv-1.15.0-alpha.jar:/Users/rahulshetty/.m2/repository/io/ous/jtoml/2.0.0/jtoml-2.0.0.jar:/Users/rahulshetty/.m2/repository/net/bytebuddy/byte-buddy/1.12.10/byte-buddy-1.12.10.jar:/Users/rahulshetty/.m2/repository/org/apache/commons/commons-exec/1.3/commons-exec-1.3.jar:/Users/rahulshetty/.m2/repository/org/asynchttpclient/async-http-client/2.12.3/async-http-client-2.12.3.jar:/Users/rahulshetty/.m2/repository/org/asynchttpclient/async-http-client-netty-utils/2.12.3/async-http-client-netty-utils-2.12.3.jar:/Users/rahulshetty/.m2/repository/io/netty/netty-codec-socks/4.1.60.Final/netty-codec-socks-4.1.60.Final.jar:/Users/rahulshetty/.m2/repository/io/netty/netty-handler-proxy/4.1.60.Final/netty-handler-proxy-4.1.60.Final.jar:/Users/rahulshetty/.m2/repository/io/netty/netty-transport-native-epoll/4.1.60.Final/netty-transport-native-epoll-4.1.60.Final-linux-x86_64.jar:/Users/rahulshetty/.m2/repository/io/netty/netty-transport-native-kqueue/4.1.60.Final/netty-transport-native-kqueue-4.1.60.Final-osx-x86_64.jar:/Users/rahulshetty/.m2/repository/org/reactivestreams/reactive-streams/1.0.3/reactive-streams-1.0.3.jar:/Users/rahulshetty/.m2/repository/com/typesafe/netty/netty-reactive-streams/2.0.4/netty-reactive-streams-2.0.4.jar:/Users/rahulshetty/.m2/repository/com/sun/activation/jakarta.activation/1.2.2/jakarta.activation-1.2.2.jar:/Users/rahulshetty/.m2/repository/org/seleniumhq/selenium/selenium-http/4.3.0/selenium-http-4.3.0.jar:/Users/rahulshetty/.m2/repository/dev/failsafe/failsafe/3.2.4/failsafe-3.2.4.jar:/Users/rahulshetty/.m2/repository/org/seleniumhq/selenium/selenium-json/4.3.0/selenium-json-4.3.0.jar:/Users/rahulshetty/.m2/repository/org/seleniumhq/selenium/selenium-support/4.3.0/selenium-support-4.3.0.jar:/Users/rahulshetty/.m2/repository/com/google/code/gson/gson/2.9.0/gson-2.9.0.jar:/Users/rahulshetty/.m2/repository/commons-codec/commons-codec/1.15/commons-codec-1.15.jar:/Users/rahulshetty/.m2/repository/cglib/cglib/3.3.0/cglib-3.3.0.jar:/Users/rahulshetty/.m2/repository/org/ow2/asm/asm/7.1/asm-7.1.jar:/Users/rahulshetty/.m2/repository/commons-validator/commons-validator/1.7/commons-validator-1.7.jar:/Users/rahulshetty/.m2/repository/commons-beanutils/commons-beanutils/1.9.4/commons-beanutils-1.9.4.jar:/Users/rahulshetty/.m2/repository/commons-digester/commons-digester/2.1/commons-digester-2.1.jar:/Users/rahulshetty/.m2/repository/commons-logging/commons-logging/1.2/commons-logging-1.2.jar:/Users/rahulshetty/.m2/repository/commons-collections/commons-collections/3.2.2/commons-collections-3.2.2.jar:/Users/rahulshetty/.m2/repository/org/apache/commons/commons-lang3/3.12.0/commons-lang3-3.12.0.jar:/Users/rahulshetty/.m2/repository/org/slf4j/slf4j-api/1.7.36/slf4j-api-1.7.36.jar:/Users/rahulshetty/.m2/repository/org/testng/testng/6.14.3/testng-6.14.3.jar:/Users/rahulshetty/.m2/repository/com/beust/jcommander/1.72/jcommander-1.72.jar:/Users/rahulshetty/.m2/repository/org/apache-extras/beanshell/bsh/2.0b6/bsh-2.0b6.jar:/Users/rahulshetty/.m2/repository/com/aventstack/extentreports/4.1.3/extentreports-4.1.3.jar:/Users/rahulshetty/.m2/repository/org/freemarker/freemarker/2.3.29/freemarker-2.3.29.jar:/Users/rahulshetty/.m2/repository/org/apache/httpcomponents/httpclient/4.5.2/httpclient-4.5.2.jar:/Users/rahulshetty/.m2/repository/org/apache/httpcomponents/httpcore/4.4.4/httpcore-4.4.4.jar:/Users/rahulshetty/.m2/repository/org/apache/httpcomponents/httpmime/4.5.2/httpmime-4.5.2.jar:/Users/rahulshetty/.m2/repository/org/mongodb/mongodb-driver/3.12.0/mongodb-driver-3.12.0.jar:/Users/rahulshetty/.m2/repository/org/mongodb/mongodb-driver-core/3.12.0/mongodb-driver-core-3.12.0.jar:/Users/rahulshetty/.m2/repository/org/mongodb/bson/3.12.0/bson-3.12.0.jar:/Users/rahulshetty/.m2/repository/com/fasterxml/jackson/core/jackson-databind/2.13.3/jackson-databind-2.13.3.jar:/Users/rahulshetty/.m2/repository/com/fasterxml/jackson/core/jackson-annotations/2.13.3/jackson-annotations-2.13.3.jar:/Users/rahulshetty/.m2/repository/com/fasterxml/jackson/core/jackson-core/2.13.3/jackson-core-2.13.3.jar:/Users/rahulshetty/.m2/repository/commons-io/commons-io/2.11.0/commons-io-2.11.0.jar:"/>
    <property name="sun.cpu.endian" value="little"/>
    <property name="user.home" value="/Users/rahulshetty"/>
    <property name="user.language" value="en"/>
    <property name="ipAddress" value="127.0.0.1"/>
    <property name="java.specification.vendor" value="Oracle Corporation"/>
    <property name="java.home" value="/Library/Java/JavaVirtualMachines/jdk1.8.0_261.jdk/Contents/Home/jre"/>
    <property name="basedir" value="/Users/rahulshetty/workingcode/AppiumFrameworkDesign"/>
    <property name="file.separator" value="/"/>
    <property name="line.separator" value="&#10;"/>
    <property name="java.vm.specification.vendor" value="Oracle Corporation"/>
    <property name="java.specification.name" value="Java Platform API Specification"/>
    <property name="java.awt.graphicsenv" value="sun.awt.CGraphicsEnvironment"/>
    <property name="surefire.real.class.path" value="/Users/rahulshetty/workingcode/AppiumFrameworkDesign/target/surefire/surefirebooter-20220706114323540_3.jar"/>
    <property name="sun.boot.class.path" value="/Library/Java/JavaVirtualMachines/jdk1.8.0_261.jdk/Contents/Home/jre/lib/resources.jar:/Library/Java/JavaVirtualMachines/jdk1.8.0_261.jdk/Contents/Home/jre/lib/rt.jar:/Library/Java/JavaVirtualMachines/jdk1.8.0_261.jdk/Contents/Home/jre/lib/sunrsasign.jar:/Library/Java/JavaVirtualMachines/jdk1.8.0_261.jdk/Contents/Home/jre/lib/jsse.jar:/Library/Java/JavaVirtualMachines/jdk1.8.0_261.jdk/Contents/Home/jre/lib/jce.jar:/Library/Java/JavaVirtualMachines/jdk1.8.0_261.jdk/Contents/Home/jre/lib/charsets.jar:/Library/Java/JavaVirtualMachines/jdk1.8.0_261.jdk/Contents/Home/jre/lib/jfr.jar:/Library/Java/JavaVirtualMachines/jdk1.8.0_261.jdk/Contents/Home/jre/classes"/>
    <property name="sun.management.compiler" value="HotSpot 64-Bit Tiered Compilers"/>
    <property name="ftp.nonProxyHosts" value="local|*.local|169.254/16|*.169.254/16"/>
    <property name="java.runtime.version" value="1.8.0_261-b12"/>
    <property name="user.name" value="rahulshetty"/>
    <property name="path.separator" value=":"/>
    <property name="os.version" value="10.16"/>
    <property name="java.endorsed.dirs" value="/Library/Java/JavaVirtualMachines/jdk1.8.0_261.jdk/Contents/Home/jre/lib/endorsed"/>
    <property name="java.runtime.name" value="Java(TM) SE Runtime Environment"/>
    <property name="file.encoding" value="UTF-8"/>
    <property name="java.vm.name" value="Java HotSpot(TM) 64-Bit Server VM"/>
    <property name="localRepository" value="/Users/rahulshetty/.m2/repository"/>
    <property name="java.vendor.url.bug" value="http://bugreport.sun.com/bugreport/"/>
    <property name="java.io.tmpdir" value="/var/folders/3_/wh51kb951t7db1mxlwnp141h0000gn/T/"/>
    <property name="java.version" value="1.8.0_261"/>
    <property name="user.dir" value="/Users/rahulshetty/workingcode/AppiumFrameworkDesign"/>
    <property name="os.arch" value="x86_64"/>
    <property name="java.vm.specification.name" value="Java Virtual Machine Specification"/>
    <property name="java.awt.printerjob" value="sun.lwawt.macosx.CPrinterJob"/>
    <property name="sun.os.patch.level" value="unknown"/>
    <property name="java.library.path" value="/Users/rahulshetty/Library/Java/Extensions:/Library/Java/Extensions:/Network/Library/Java/Extensions:/System/Library/Java/Extensions:/usr/lib/java:."/>
    <property name="java.vm.info" value="mixed mode"/>
    <property name="java.vendor" value="Oracle Corporation"/>
    <property name="java.vm.version" value="25.261-b12"/>
    <property name="java.ext.dirs" value="/Users/rahulshetty/Library/Java/Extensions:/Library/Java/JavaVirtualMachines/jdk1.8.0_261.jdk/Contents/Home/jre/lib/ext:/Library/Java/Extensions:/Network/Library/Java/Extensions:/System/Library/Java/Extensions:/usr/lib/java"/>
    <property name="sun.io.unicode.encoding" value="UnicodeBig"/>
    <property name="java.class.version" value="52.0"/>
    <property name="socksNonProxyHosts" value="local|*.local|169.254/16|*.169.254/16"/>
  </properties>
  <testcase name="FillForm[{name=rahul shetty, country=Argentina, gender=Female}](1)" classname="org.rahulshettyacademy.eCommerce_tc_4_Hybrid" time="12.13">
    <system-out><![CDATA[[TestNGContentHandler] [WARN] It is strongly recommended to add "<!DOCTYPE suite SYSTEM "http://testng.org/testng-1.0.dtd" >" at the top of your file, otherwise TestNG may fail or not work as expected.
127.0.0.1
&amp#27;[35m[Appium]&amp#27;[39m Welcome to Appium v2.0.0-beta.35
&amp#27;[35m[Appium]&amp#27;[39m Non-default server args:
&amp#27;[35m[Appium]&amp#27;[39m { address: &amp#27;[32m'127.0.0.1'&amp#27;[39m }
&amp#27;[35m[Appium]&amp#27;[39m Attempting to load driver uiautomator2...
[debug] &amp#27;[35m[Appium]&amp#27;[39m Requiring driver at /Users/rahulshetty/.appium/node_modules/appium-uiautomator2-driver
[Appium] Attempting to load driver gecko...
[debug] [Appium] Requiring driver at /Users/rahulshetty/.appium/node_modules/appium-geckodriver
[Appium] Attempting to load driver xcuitest...
[debug] [Appium] Requiring driver at /Users/rahulshetty/.appium/node_modules/appium-xcuitest-driver
([Appinum] Appium REST ohttpd ei:n3t1e4r1f6a)c eM alxLiisstteenneerr ssEtxacreteedde doWna r1n2i7n.g0:. 0P.o1s:s4i7bl2e3 E
ventEm[iAtptpeir umme]m orAy lveaka ideltaeble cteddrivers:
[Appium] .  - uiautomator2@2.1.1  11 exit listeners added to [pr(automatoionName 'UiAutomatorc2')e
[ssA]. Use emitter.setMaxListeners() to increase plpiimuimt]
( Use  `n o-d eg e-c-ktor@a1c.e0-.wa6r n(ings ..a.u`t otmo asthioown Nawmhee r'eG etchkoe' )w
a[rAnppiinugm ]was created)
   - xcuitest@4.4.2 (automationName 'XCUITest')
[Appium] Available plugins:
[Appium]   - execute-driver@1.0.5
[Appium] No plugins activated. Use the --use-plugins flag with names of plugins to activate
[HTTP] &amp#27;[37m-->&amp#27;[39m &amp#27;[37mGET&amp#27;[39m &amp#27;[37m/status&amp#27;[39m
[HTTP] {}
[debug] [AppiumDriver@09a4] Calling AppiumDriver.getStatus() with args: []
[debug] [AppiumDriver@09a4] Responding to client with driver.getStatus() result: {"build":{"version":"2.0.0-beta.35"}}
[HTTP] <-- GET /status 200 5 ms - 47
[HTTP] 
[debug] [HTTP] Request idempotency key: 0cdb04da-01b6-41c0-822b-cb9ff8ebc545
[HTTP] &amp#27;[37m-->&amp#27;[39m &amp#27;[37mPOST&amp#27;[39m &amp#27;[37m/session&amp#27;[39m
[HTTP] {"capabilities":{"firstMatch":[{}],"alwaysMatch":{"appium:app":"/Users/rahulshetty/workingcode/AppiumFrameworkDesign//src//test//java//org//rahulshettyacademy//resources//General-Store.apk","appium:automationName":"UIAutomator2","appium:chromedriverExecutable":"//Users//rahulshetty//documents//chromedriver 11","platformName":"android"}}}
[debug] [AppiumDriver@09a4] Calling AppiumDriver.createSession() with args: [null,null,{"firstMatch":[{}],"alwaysMatch":{"appium:app":"/Users/rahulshetty/workingcode/AppiumFrameworkDesign//src//test//java//org//rahulshettyacademy//resources//General-Store.apk","appium:automationName":"UIAutomator2","appium:chromedriverExecutable":"//Users//rahulshetty//documents//chromedriver 11","platformName":"android"}}]
[debug] [AppiumDriver@09a4] Event 'newSessionRequested' logged at 1657122212149 (11:43:32 GMT-0400 (Eastern Daylight Time))
[Appium] Attempting to find matching driver for automationName 'UIAutomator2' and platformName 'android'
[Appium] The 'uiautomator2' driver was installed and matched caps.
[Appium] Will require it at /Users/rahulshetty/.appium/node_modules/appium-uiautomator2-driver
[debug] [Appium] Requiring driver at /Users/rahulshetty/.appium/node_modules/appium-uiautomator2-driver
[AppiumDriver@09a4] Appium v2.0.0-beta.35 creating new AndroidUiautomator2Driver (v2.1.1) session
[AppiumDriver@09a4] Checking BaseDriver versions for Appium and AndroidUiautomator2Driver
[AppiumDriver@09a4] Appium's BaseDriver version is 8.5.3
[AppiumDriver@09a4] AndroidUiautomator2Driver's BaseDriver version is 8.5.3
[debug] [AndroidUiautomator2Driver@186c] Creating session with W3C capabilities: {
[debug] [AndroidUiautomator2Driver@186c]   "alwaysMatch": {
[debug] [AndroidUiautomator2Driver@186c]     "platformName": "android",
[debug] [AndroidUiautomator2Driver@186c]     "appium:app": "/Users/rahulshetty/workingcode/AppiumFrameworkDesign//src//test//java//org//rahulshettyacademy//resources//General-Store.apk",
[debug] [AndroidUiautomator2Driver@186c]     "appium:automationName": "UIAutomator2",
[debug] [AndroidUiautomator2Driver@186c]     "appium:chromedriverExecutable": "//Users//rahulshetty//documents//chromedriver 11"
[debug] [AndroidUiautomator2Driver@186c]   },
[debug] [AndroidUiautomator2Driver@186c]   "firstMatch": [
[debug] [AndroidUiautomator2Driver@186c]     {}
[debug] [AndroidUiautomator2Driver@186c]   ]
[debug] [AndroidUiautomator2Driver@186c] }
[AndroidUiautomator2Driver@186c (bcb36653)] Session created with session id: bcb36653-c4ca-4285-8a38-b50763b3e7ba
[BaseDriver] Using local app '/Users/rahulshetty/workingcode/AppiumFrameworkDesign//src//test//java//org//rahulshettyacademy//resources//General-Store.apk'
[debug] [AndroidUiautomator2Driver@186c (bcb36653)] Checking whether app is actually present
[ADB] Found 2 'build-tools' folders under '/users/rahulshetty/Library/Android/sdk' (newest first):
[ADB]     /users/rahulshetty/Library/Android/sdk/build-tools/30.0.3
[ADB]     /users/rahulshetty/Library/Android/sdk/build-tools/30.0.2
[ADB] Using 'adb' from '/users/rahulshetty/Library/Android/sdk/platform-tools/adb'
[debug] [ADB] Running '/users/rahulshetty/Library/Android/sdk/platform-tools/adb -P 5037 start-server'
[AndroidDriver] Retrieving device list
[debug] [ADB] Trying to find a connected android device
[debug] [ADB] Getting connected devices
[debug] [ADB] Connected devices: [{"udid":"emulator-5554","state":"device"}]
[AndroidDriver] Using device: emulator-5554
[ADB] Using 'adb' from '/users/rahulshetty/Library/Android/sdk/platform-tools/adb'
[debug] [ADB] Running '/users/rahulshetty/Library/Android/sdk/platform-tools/adb -P 5037 start-server'
[debug] [ADB] Setting device id to emulator-5554
[debug] [ADB] Running '/users/rahulshetty/Library/Android/sdk/platform-tools/adb -P 5037 -s emulator-5554 shell getprop ro.build.version.sdk'
[debug] [ADB] Current device property 'ro.build.version.sdk': 31
[ADB] Getting device platform version
[debug] [ADB] Running '/users/rahulshetty/Library/Android/sdk/platform-tools/adb -P 5037 -s emulator-5554 shell getprop ro.build.version.release'
[debug] [ADB] Current device property 'ro.build.version.release': 12
[debug] [ADB] Device API level: 31
[AndroidUiautomator2Driver@186c (bcb36653)] Relaxing hidden api policy
[debug] [ADB] Running '/users/rahulshetty/Library/Android/sdk/platform-tools/adb -P 5037 -s emulator-5554 shell 'settings put global hidden_api_policy_pre_p_apps 1;settings put global hidden_api_policy_p_apps 1;settings put global hidden_api_policy 1''
[debug] [AndroidDriver] Parsing package and activity from app manifest
[ADB] Package name: 'com.androidsample.generalstore'
[ADB] Main activity name: 'com.androidsample.generalstore.SplashActivity'
[debug] [AndroidDriver] Parsed package and activity are: com.androidsample.generalstore/com.androidsample.generalstore.SplashActivity
[debug] [ADB] Running '/users/rahulshetty/Library/Android/sdk/platform-tools/adb -P 5037 -s emulator-5554 wait-for-device'
[debug] [ADB] Running '/users/rahulshetty/Library/Android/sdk/platform-tools/adb -P 5037 -s emulator-5554 shell echo ping'
[debug] [AndroidDriver] Pushing settings apk to device...
[debug] [ADB] Getting install status for io.appium.settings
[debug] [ADB] Running '/users/rahulshetty/Library/Android/sdk/platform-tools/adb -P 5037 -s emulator-5554 shell dumpsys package io.appium.settings'
[debug] [ADB] 'io.appium.settings' is installed
[debug] [ADB] Getting package info for 'io.appium.settings'
[debug] [ADB] Running '/users/rahulshetty/Library/Android/sdk/platform-tools/adb -P 5037 -s emulator-5554 shell dumpsys package io.appium.settings'
[debug] [ADB] The version name of the installed 'io.appium.settings' is greater or equal to the application version name ('4.0.9' >= '4.0.9')
[debug] [ADB] There is no need to install/upgrade '/Users/rahulshetty/.appium/node_modules/appium-uiautomator2-driver/node_modules/io.appium.settings/apks/settings_apk-debug.apk'
[debug] [ADB] Getting IDs of all 'io.appium.settings' processes
[debug] [ADB] Running '/users/rahulshetty/Library/Android/sdk/platform-tools/adb -P 5037 -s emulator-5554 shell 'pgrep --help; echo $?''
[debug] [ADB] Running '/users/rahulshetty/Library/Android/sdk/platform-tools/adb -P 5037 -s emulator-5554 shell pgrep -f \(\[\[:blank:\]\]\|\^\)io\.appium\.settings\(\[\[:blank:\]\]\|\$\)'
[debug] [AndroidDriver] io.appium.settings is already running. There is no need to reset its permissions.
[debug] [Logcat] Starting logs capture with command: /users/rahulshetty/Library/Android/sdk/platform-tools/adb -P 5037 -s emulator-5554 logcat -v threadtime
[debug] [AndroidUiautomator2Driver@186c (bcb36653)] Forwarding UiAutomator2 Server port 6790 to local port 8202
[debug] [ADB] Forwarding system: 8202 to device: 6790
[debug] [ADB] Running '/users/rahulshetty/Library/Android/sdk/platform-tools/adb -P 5037 -s emulator-5554 forward tcp:8202 tcp:6790'
[debug] [ADB] Getting install status for io.appium.uiautomator2.server
[debug] [ADB] Running '/users/rahulshetty/Library/Android/sdk/platform-tools/adb -P 5037 -s emulator-5554 shell dumpsys package io.appium.uiautomator2.server'
[debug] [ADB] 'io.appium.uiautomator2.server' is installed
[debug] [ADB] Getting package info for 'io.appium.uiautomator2.server'
[debug] [ADB] Running '/users/rahulshetty/Library/Android/sdk/platform-tools/adb -P 5037 -s emulator-5554 shell dumpsys package io.appium.uiautomator2.server'
[debug] [ADB] The version name of the installed 'io.appium.uiautomator2.server' is greater or equal to the application version name ('5.6.1' >= '5.6.1')
[debug] [AndroidUiautomator2Driver@186c (bcb36653)] io.appium.uiautomator2.server installation state: sameVersionInstalled
[debug] [ADB] Checking app cert for /Users/rahulshetty/.appium/node_modules/appium-uiautomator2-driver/node_modules/appium-uiautomator2-server/apks/appium-uiautomator2-server-v5.6.1.apk
[ADB] Using 'apksigner.jar' from '/users/rahulshetty/Library/Android/sdk/build-tools/30.0.3/lib/apksigner.jar'
[debug] [ADB] Starting apksigner: /Library/Java/JavaVirtualMachines/jdk1.8.0_261.jdk/Contents/Home/bin/java -Xmx1024M -Xss1m -jar /users/rahulshetty/Library/Android/sdk/build-tools/30.0.3/lib/apksigner.jar verify --print-certs /Users/rahulshetty/.appium/node_modules/appium-uiautomator2-driver/node_modules/appium-uiautomator2-server/apks/appium-uiautomator2-server-v5.6.1.apk
[debug] [ADB] apksigner stdout: Signer #1 certificate DN: EMAILADDRESS=android@android.com, CN=Android, OU=Android, O=Android, L=Mountain View, ST=California, C=US
[debug] [ADB] Signer #1 certificate SHA-256 digest: a40da80a59d170caa950cf15c18c454d47a39b26989d8b640ecd745ba71bf5dc
[debug] [ADB] Signer #1 certificate SHA-1 digest: 61ed377e85d386a8dfee6b864bd85b0bfaa5af81
[debug] [ADB] Signer #1 certificate MD5 digest: e89b158e4bcf988ebd09eb83f5378e87
[debug] [ADB] 
[debug] [ADB] sha256 hash did match for 'appium-uiautomator2-server-v5.6.1.apk'
[ADB] '/Users/rahulshetty/.appium/node_modules/appium-uiautomator2-driver/node_modules/appium-uiautomator2-server/apks/appium-uiautomator2-server-v5.6.1.apk' is signed with the default certificate
[debug] [ADB] Getting install status for io.appium.uiautomator2.server.test
[debug] [ADB] Running '/users/rahulshetty/Library/Android/sdk/platform-tools/adb -P 5037 -s emulator-5554 shell dumpsys package io.appium.uiautomator2.server.test'
[debug] [ADB] 'io.appium.uiautomator2.server.test' is installed
[debug] [ADB] Checking app cert for /Users/rahulshetty/.appium/node_modules/appium-uiautomator2-driver/node_modules/appium-uiautomator2-server/apks/appium-uiautomator2-server-debug-androidTest.apk
[debug] [ADB] Starting apksigner: /Library/Java/JavaVirtualMachines/jdk1.8.0_261.jdk/Contents/Home/bin/java -Xmx1024M -Xss1m -jar /users/rahulshetty/Library/Android/sdk/build-tools/30.0.3/lib/apksigner.jar verify --print-certs /Users/rahulshetty/.appium/node_modules/appium-uiautomator2-driver/node_modules/appium-uiautomator2-server/apks/appium-uiautomator2-server-debug-androidTest.apk
[debug] [ADB] apksigner stdout: Signer #1 certificate DN: EMAILADDRESS=android@android.com, CN=Android, OU=Android, O=Android, L=Mountain View, ST=California, C=US
[debug] [ADB] Signer #1 certificate SHA-256 digest: a40da80a59d170caa950cf15c18c454d47a39b26989d8b640ecd745ba71bf5dc
[debug] [ADB] Signer #1 certificate SHA-1 digest: 61ed377e85d386a8dfee6b864bd85b0bfaa5af81
[debug] [ADB] Signer #1 certificate MD5 digest: e89b158e4bcf988ebd09eb83f5378e87
[debug] [ADB] 
[debug] [ADB] sha256 hash did match for 'appium-uiautomator2-server-debug-androidTest.apk'
[ADB] '/Users/rahulshetty/.appium/node_modules/appium-uiautomator2-driver/node_modules/appium-uiautomator2-server/apks/appium-uiautomator2-server-debug-androidTest.apk' is signed with the default certificate
[AndroidUiautomator2Driver@186c (bcb36653)] Server packages are not going to be (re)installed
[debug] [AndroidUiautomator2Driver@186c (bcb36653)] Waiting up to 30000ms for services to be available
[debug] [ADB] Running '/users/rahulshetty/Library/Android/sdk/platform-tools/adb -P 5037 -s emulator-5554 shell pm list instrumentation'
[debug] [AndroidUiautomator2Driver@186c (bcb36653)] Instrumentation target 'io.appium.uiautomator2.server.test/androidx.test.runner.AndroidJUnitRunner' is available
[ADB] Adding packages ["io.appium.settings","io.appium.uiautomator2.server","io.appium.uiautomator2.server.test"] to Doze whitelist
[debug] [ADB] Got the following command chunks to execute: [["dumpsys","deviceidle","whitelist","+io.appium.settings",";","dumpsys","deviceidle","whitelist","+io.appium.uiautomator2.server",";","dumpsys","deviceidle","whitelist","+io.appium.uiautomator2.server.test",";"]]
[debug] [ADB] Running '/users/rahulshetty/Library/Android/sdk/platform-tools/adb -P 5037 -s emulator-5554 shell dumpsys deviceidle whitelist +io.appium.settings ; dumpsys deviceidle whitelist +io.appium.uiautomator2.server ; dumpsys deviceidle whitelist +io.appium.uiautomator2.server.test ;'
[debug] [ADB] Checking app cert for /Users/rahulshetty/workingcode/AppiumFrameworkDesign//src//test//java//org//rahulshettyacademy//resources//General-Store.apk
[debug] [ADB] Starting apksigner: /Library/Java/JavaVirtualMachines/jdk1.8.0_261.jdk/Contents/Home/bin/java -Xmx1024M -Xss1m -jar /users/rahulshetty/Library/Android/sdk/build-tools/30.0.3/lib/apksigner.jar verify --print-certs /Users/rahulshetty/workingcode/AppiumFrameworkDesign//src//test//java//org//rahulshettyacademy//resources//General-Store.apk
[debug] [ADB] apksigner stdout: Signer #1 certificate DN: C=US, O=Android, CN=Android Debug
[debug] [ADB] Signer #1 certificate SHA-256 digest: f5f5931c019be6bff8a26255f76ae9ef8a8e631d2a702ec10e91110231549eef
[debug] [ADB] Signer #1 certificate SHA-1 digest: b250161db8b5d0a1bd39154c9fd749bdad79c1a3
[debug] [ADB] Signer #1 certificate MD5 digest: 7a5550323d84472ca25a0861c63e0a6c
[debug] [ADB] 
[ADB] '/Users/rahulshetty/workingcode/AppiumFrameworkDesign//src//test//java//org//rahulshettyacademy//resources//General-Store.apk' is signed with a non-default certificate
[debug] [ADB] Getting install status for com.androidsample.generalstore
[debug] [ADB] Running '/users/rahulshetty/Library/Android/sdk/platform-tools/adb -P 5037 -s emulator-5554 shell dumpsys package com.androidsample.generalstore'
[debug] [ADB] 'com.androidsample.generalstore' is installed
[debug] [ADB] Getting package info for 'com.androidsample.generalstore'
[debug] [ADB] Running '/users/rahulshetty/Library/Android/sdk/platform-tools/adb -P 5037 -s emulator-5554 shell dumpsys package com.androidsample.generalstore'
[debug] [ADB] The version name of the installed 'com.androidsample.generalstore' is greater or equal to the application version name ('1.0.0' >= '1.0.0')
[debug] [ADB] There is no need to install/upgrade '/Users/rahulshetty/workingcode/AppiumFrameworkDesign//src//test//java//org//rahulshettyacademy//resources//General-Store.apk'
[AndroidDriver] Performing fast reset on 'com.androidsample.generalstore'
[debug] [ADB] Getting install status for com.androidsample.generalstore
[debug] [ADB] Running '/users/rahulshetty/Library/Android/sdk/platform-tools/adb -P 5037 -s emulator-5554 shell dumpsys package com.androidsample.generalstore'
[debug] [ADB] 'com.androidsample.generalstore' is installed
[debug] [ADB] Running '/users/rahulshetty/Library/Android/sdk/platform-tools/adb -P 5037 -s emulator-5554 shell am force-stop com.androidsample.generalstore'
[debug] [ADB] Running '/users/rahulshetty/Library/Android/sdk/platform-tools/adb -P 5037 -s emulator-5554 shell pm clear com.androidsample.generalstore'
[debug] [AndroidDriver] Performed fast reset on the installed 'com.androidsample.generalstore' application (stop and clear)
[debug] [AndroidUiautomator2Driver@186c (bcb36653)] Performing shallow cleanup of automation leftovers
[debug] [AndroidUiautomator2Driver@186c (bcb36653)] No obsolete sessions have been detected (socket hang up)
[debug] [ADB] Running '/users/rahulshetty/Library/Android/sdk/platform-tools/adb -P 5037 -s emulator-5554 shell am force-stop io.appium.uiautomator2.server.test'
[AndroidUiautomator2Driver@186c (bcb36653)] Starting UIAutomator2 server 5.6.1
[AndroidUiautomator2Driver@186c (bcb36653)] Using UIAutomator2 server from '/Users/rahulshetty/.appium/node_modules/appium-uiautomator2-driver/node_modules/appium-uiautomator2-server/apks/appium-uiautomator2-server-v5.6.1.apk' and test from '/Users/rahulshetty/.appium/node_modules/appium-uiautomator2-driver/node_modules/appium-uiautomator2-server/apks/appium-uiautomator2-server-debug-androidTest.apk'
[AndroidUiautomator2Driver@186c (bcb36653)] Waiting up to 30000ms for UiAutomator2 to be online...
[debug] [ADB] Creating ADB subprocess with args: ["-P",5037,"-s","emulator-5554","shell","am","instrument","-w","-e","disableAnalytics",true,"io.appium.uiautomator2.server.test/androidx.test.runner.AndroidJUnitRunner"]
[debug] [AndroidUiautomator2Driver@186c (bcb36653)] Matched '/status' to command name 'getStatus'
[debug] [AndroidUiautomator2Driver@186c (bcb36653)] Proxying [GET /status] to [GET http://127.0.0.1:8202/status] with no body
[AndroidUiautomator2Driver@186c (bcb36653)] socket hang up
[debug] [Instrumentation] io.appium.uiautomator2.server.test.AppiumUiAutomator2Server:
[debug] [AndroidUiautomator2Driver@186c (bcb36653)] Matched '/status' to command name 'getStatus'
[debug] [AndroidUiautomator2Driver@186c (bcb36653)] Proxying [GET /status] to [GET http://127.0.0.1:8202/status] with no body
[AndroidUiautomator2Driver@186c (bcb36653)] socket hang up
[debug] [AndroidUiautomator2Driver@186c (bcb36653)] Matched '/status' to command name 'getStatus'
[debug] [AndroidUiautomator2Driver@186c (bcb36653)] Proxying [GET /status] to [GET http://127.0.0.1:8202/status] with no body
[debug] [AndroidUiautomator2Driver@186c (bcb36653)] Got response with status 200: {"sessionId":"None","value":{"message":"UiAutomator2 Server is ready to accept commands","ready":true}}
[debug] [AndroidUiautomator2Driver@186c (bcb36653)] The initialization of the instrumentation process took 2100ms
[debug] [AndroidUiautomator2Driver@186c (bcb36653)] Matched '/session' to command name 'createSession'
[debug] [AndroidUiautomator2Driver@186c (bcb36653)] Proxying [POST /session] to [POST http://127.0.0.1:8202/session] with body: {"capabilities":{"firstMatch":[{"platform":"LINUX","webStorageEnabled":false,"takesScreenshot":true,"javascriptEnabled":true,"databaseEnabled":false,"networkConnectionEnabled":true,"locationContextEnabled":false,"warnings":{},"desired":{"platformName":"android","app":"/Users/rahulshetty/workingcode/AppiumFrameworkDesign//src//test//java//org//rahulshettyacademy//resources//General-Store.apk","automationName":"UIAutomator2","chromedriverExecutable":"//Users//rahulshetty//documents//chromedriver 11"},"platformName":"android","app":"/Users/rahulshetty/workingcode/AppiumFrameworkDesign//src//test//java//org//rahulshettyacademy//resources//General-Store.apk","automationName":"UIAutomator2","chromedriverExecutable":"//Users//rahulshetty//documents//chromedriver 11","deviceName":"emulator-5554","deviceUDID":"emulator-5554","appPackage":"com.androidsample.generalstore"}],"alwaysMatch":{}}}
[debug] [AndroidUiautomator2Driver@186c (bcb36653)] Got response with status 200: {"sessionId":"4ae94093-069d-41a0-ba97-f6ccb35f126d","value":{"capabilities":{"firstMatch":[{"platform":"LINUX","webStorageEnabled":false,"takesScreenshot":true,"javascriptEnabled":true,"databaseEnabled":false,"networkConnectionEnabled":true,"locationContextEnabled":false,"warnings":{},"desired":{"platformName":"android","app":"/Users/rahulshetty/workingcode/AppiumFrameworkDesign//src//test//java//org//rahulshettyacademy//resources//General-Store.apk","automationName":"UIAutomator2","chromedriverExecutable":"//Users//rahulshetty//documents//chromedriver 11"},"platformName":"android","app":"/Users/rahulshetty/workingcode/AppiumFrameworkDesign//src//test//java//org//rahulshettyacademy//resources//General-Store.apk","automationName":"UIAutomator2","chromedriverExecutable":"//Users//rahulshetty//documents//chromedriver 11","deviceName":"emulator-5554","deviceUDID":"emulator-5554","appPackage":"com.androidsample.generalstore"}],"alwaysMatch":{}},"sessionId":"4ae94093-069d-41a0-ba97-f6ccb35f126d"}}
[AndroidUiautomator2Driver@186c (bcb36653)] Determined the downstream protocol as 'W3C'
[debug] [AndroidUiautomator2Driver@186c (bcb36653)] Proxying [GET /appium/device/info] to [GET http://127.0.0.1:8202/session/4ae94093-069d-41a0-ba97-f6ccb35f126d/appium/device/info] with no body
[debug] [AndroidUiautomator2Driver@186c (bcb36653)] Got response with status 200: {"sessionId":"4ae94093-069d-41a0-ba97-f6ccb35f126d","value":{"androidId":"97657277a5f5106e","apiVersion":"31","bluetooth":{"state":"ON"},"brand":"google","carrierName":"T-Mobile","displayDensity":400,"locale":"en_US","manufacturer":"Google","model":"sdk_gphone64_arm64","networks":[{"capabilities":{"SSID":null,"linkDownBandwidthKbps":4300,"linkUpstreamBandwidthKbps":1800,"networkCapabilities":"NET_CAPABILITY_MMS,NET_CAPABILITY_SUPL,NET_CAPABILITY_DUN,NET_CAPABILITY_FOTA,NET_CAPABILITY_IMS,NET_CAPABILITY_CBS,NET_CAPABILITY_INTERNET,NET_CAPABILITY_NOT_RESTRICTED,NET_CAPABILITY_TRUSTED,NET_CAPABILITY_NOT_VPN,NET_CAPABILITY_VALIDATED,NET_CAPABILITY_NOT_ROAMING,NET_CAPABILITY_NOT_CONGESTED,NET_CAPABILITY_NOT_SUSPENDED","signalStrength":-2147483648,"transportTypes":"TRANSPORT_CELLULAR"},"detailedState":"CONNECTED","extraInfo":"epc.tmobile.com","isAvailable":true,"isConnected":true,"isFailover":false,"isRoaming":false,"state":"CONNECTED","subtype":10,"subtypeName":"HSPA","type":0,"typeName":"MOBILE"},{"capabilitie...
[debug] [ADB] Running '/users/rahulshetty/Library/Android/sdk/platform-tools/adb -P 5037 -s emulator-5554 shell dumpsys window'
[AndroidDriver] Screen already unlocked, doing nothing
[AndroidUiautomator2Driver@186c (bcb36653)] Starting 'com.androidsample.generalstore/com.androidsample.generalstore.SplashActivity and waiting for 'com.androidsample.generalstore/com.androidsample.generalstore.SplashActivity'
[debug] [ADB] Running '/users/rahulshetty/Library/Android/sdk/platform-tools/adb -P 5037 -s emulator-5554 shell am start -W -n com.androidsample.generalstore/com.androidsample.generalstore.SplashActivity -S'
[debug] [ADB] Waiting up to 20000ms for activity matching pkg: 'com.androidsample.generalstore' and activity: 'com.androidsample.generalstore.SplashActivity' to be focused
[debug] [ADB] Possible activities, to be checked: 'com.androidsample.generalstore.SplashActivity', 'com.androidsample.generalstore.com.androidsample.generalstore.SplashActivity'
[debug] [ADB] Getting focused package and activity
[debug] [ADB] Running '/users/rahulshetty/Library/Android/sdk/platform-tools/adb -P 5037 -s emulator-5554 shell dumpsys window displays'
[debug] [ADB] Found package: 'com.androidsample.generalstore' and fully qualified activity name : 'com.androidsample.generalstore.SplashActivity'
[debug] [AndroidUiautomator2Driver@186c (bcb36653)] Proxying [GET /appium/device/pixel_ratio] to [GET http://127.0.0.1:8202/session/4ae94093-069d-41a0-ba97-f6ccb35f126d/appium/device/pixel_ratio] with no body
[debug] [AndroidUiautomator2Driver@186c (bcb36653)] Got response with status 200: {"sessionId":"4ae94093-069d-41a0-ba97-f6ccb35f126d","value":2.5}
[debug] [AndroidUiautomator2Driver@186c (bcb36653)] Matched '/appium/device/system_bars' to command name 'getSystemBars'
[debug] [AndroidUiautomator2Driver@186c (bcb36653)] Proxying [GET /appium/device/system_bars] to [GET http://127.0.0.1:8202/session/4ae94093-069d-41a0-ba97-f6ccb35f126d/appium/device/system_bars] with no body
[debug] [AndroidUiautomator2Driver@186c (bcb36653)] Got response with status 200: {"sessionId":"4ae94093-069d-41a0-ba97-f6ccb35f126d","value":{"statusBar":60}}
[debug] [AndroidUiautomator2Driver@186c (bcb36653)] Matched '/window/current/size' to command name 'getWindowSize'
[debug] [AndroidUiautomator2Driver@186c (bcb36653)] Proxying [GET /window/current/size] to [GET http://127.0.0.1:8202/session/4ae94093-069d-41a0-ba97-f6ccb35f126d/window/current/size] with no body
[debug] [AndroidUiautomator2Driver@186c (bcb36653)] Got response with status 200: {"sessionId":"4ae94093-069d-41a0-ba97-f6ccb35f126d","value":{"height":2040,"width":1080}}
[AppiumDriver@09a4] New AndroidUiautomator2Driver session created successfully, session bcb36653-c4ca-4285-8a38-b50763b3e7ba added to master session list
[debug] [AppiumDriver@09a4] Event 'newSessionStarted' logged at 1657122219596 (11:43:39 GMT-0400 (Eastern Daylight Time))
[debug] [AndroidUiautomator2Driver@186c (bcb36653)] Cached the protocol value 'W3C' for the new session bcb36653-c4ca-4285-8a38-b50763b3e7ba
[debug] [AndroidUiautomator2Driver@186c (bcb36653)] Responding to client with driver.createSession() result: {"capabilities":{"platform":"LINUX","webStorageEnabled":false,"takesScreenshot":true,"javascriptEnabled":true,"databaseEnabled":false,"networkConnectionEnabled":true,"locationContextEnabled":false,"warnings":{},"desired":{"platformName":"android","app":"/Users/rahulshetty/workingcode/AppiumFrameworkDesign//src//test//java//org//rahulshettyacademy//resources//General-Store.apk","automationName":"UIAutomator2","chromedriverExecutable":"//Users//rahulshetty//documents//chromedriver 11"},"platformName":"android","app":"/Users/rahulshetty/workingcode/AppiumFrameworkDesign//src//test//java//org//rahulshettyacademy//resources//General-Store.apk","automationName":"UIAutomator2","chromedriverExecutable":"//Users//rahulshetty//documents//chromedriver 11","deviceName":"emulator-5554","deviceUDID":"emulator-5554","appPackage":"com.androidsample.generalstore","deviceApiLevel":31,"platformVersion":"12","deviceScreenSize":"1080x2160","deviceScreenDensity":400,"deviceModel":"sdk_gphone64_arm64","deviceManufacturer":"Googl...
[HTTP] <-- POST /session 200 7451 ms - 1184
[HTTP] 
[HTTP] &amp#27;[37m-->&amp#27;[39m &amp#27;[37mPOST&amp#27;[39m &amp#27;[37m/session/bcb36653-c4ca-4285-8a38-b50763b3e7ba/timeouts&amp#27;[39m
[HTTP] {"implicit":10000}
[debug] [AndroidUiautomator2Driver@186c (bcb36653)] Calling AppiumDriver.timeouts() with args: [null,null,null,null,10000,"bcb36653-c4ca-4285-8a38-b50763b3e7ba"]
[debug] [AndroidUiautomator2Driver@186c (bcb36653)] W3C timeout argument: {"implicit":10000}}
[debug] [AndroidUiautomator2Driver@186c (bcb36653)] Set implicit wait to 10000ms
[debug] [AndroidUiautomator2Driver@186c (bcb36653)] Responding to client with driver.timeouts() result: null
[HTTP] <-- POST /session/bcb36653-c4ca-4285-8a38-b50763b3e7ba/timeouts 200 3 ms - 14
[HTTP] 
[HTTP] &amp#27;[37m-->&amp#27;[39m &amp#27;[37mPOST&amp#27;[39m &amp#27;[37m/session/bcb36653-c4ca-4285-8a38-b50763b3e7ba/appium/device/start_activity&amp#27;[39m
[HTTP] {"appPackage":"com.androidsample.generalstore","appActivity":"com.androidsample.generalstore.MainActivity","appWaitPackage":"","appWaitActivity":"","dontStopAppOnReset":false,"intentAction":"","intentCategory":"","intentFlags":"","optionalIntentArguments":""}
[debug] [AndroidUiautomator2Driver@186c (bcb36653)] Calling AppiumDriver.startActivity() with args: ["com.androidsample.generalstore","com.androidsample.generalstore.MainActivity","","","","","","",false,null,null,"bcb36653-c4ca-4285-8a38-b50763b3e7ba"]
[debug] [AndroidUiautomator2Driver@186c (bcb36653)] Starting package 'com.androidsample.generalstore' and activity 'com.androidsample.generalstore.MainActivity'
[debug] [ADB] Running '/users/rahulshetty/Library/Android/sdk/platform-tools/adb -P 5037 -s emulator-5554 shell am start -W -n com.androidsample.generalstore/com.androidsample.generalstore.MainActivity -S'
[debug] [ADB] Waiting up to 20000ms for activity matching pkg: 'com.androidsample.generalstore' and activity: 'com.androidsample.generalstore.MainActivity' to be focused
[debug] [ADB] Possible activities, to be checked: 'com.androidsample.generalstore.MainActivity', 'com.androidsample.generalstore.com.androidsample.generalstore.MainActivity'
[debug] [ADB] Getting focused package and activity
[debug] [ADB] Running '/users/rahulshetty/Library/Android/sdk/platform-tools/adb -P 5037 -s emulator-5554 shell dumpsys window displays'
[debug] [ADB] Found package: 'com.androidsample.generalstore' and fully qualified activity name : 'com.androidsample.generalstore.MainActivity'
[debug] [AndroidUiautomator2Driver@186c (bcb36653)] Responding to client with driver.startActivity() result: null
[HTTP] <-- POST /session/bcb36653-c4ca-4285-8a38-b50763b3e7ba/appium/device/start_activity 200 632 ms - 14
[HTTP] 
[HTTP] &amp#27;[37m-->&amp#27;[39m &amp#27;[37mGET&amp#27;[39m &amp#27;[37m/session/bcb36653-c4ca-4285-8a38-b50763b3e7ba/context&amp#27;[39m
[HTTP] {}
[debug] [AndroidUiautomator2Driver@186c (bcb36653)] Calling AppiumDriver.getCurrentContext() with args: ["bcb36653-c4ca-4285-8a38-b50763b3e7ba"]
[debug] [AndroidUiautomator2Driver@186c (bcb36653)] Responding to client with driver.getCurrentContext() result: "NATIVE_APP"
[HTTP] <-- GET /session/bcb36653-c4ca-4285-8a38-b50763b3e7ba/context 200 12 ms - 22
[HTTP] 
[HTTP] &amp#27;[37m-->&amp#27;[39m &amp#27;[37mPOST&amp#27;[39m &amp#27;[37m/session/bcb36653-c4ca-4285-8a38-b50763b3e7ba/element&amp#27;[39m
[HTTP] {"using":"id","value":"com.androidsample.generalstore:id/nameField"}
[debug] [AndroidUiautomator2Driver@186c (bcb36653)] Calling AppiumDriver.findElement() with args: ["id","com.androidsample.generalstore:id/nameField","bcb36653-c4ca-4285-8a38-b50763b3e7ba"]
[debug] [AndroidUiautomator2Driver@186c (bcb36653)] Valid locator strategies for this request: xpath, id, class name, accessibility id, css selector, -android uiautomator
[debug] [AndroidUiautomator2Driver@186c (bcb36653)] Waiting up to 10000 ms for condition
[debug] [AndroidUiautomator2Driver@186c (bcb36653)] Matched '/element' to command name 'findElement'
[debug] [AndroidUiautomator2Driver@186c (bcb36653)] Proxying [POST /element] to [POST http://127.0.0.1:8202/session/4ae94093-069d-41a0-ba97-f6ccb35f126d/element] with body: {"strategy":"id","selector":"com.androidsample.generalstore:id/nameField","context":"","multiple":false}
[debug] [AndroidUiautomator2Driver@186c (bcb36653)] Got response with status 200: {"sessionId":"4ae94093-069d-41a0-ba97-f6ccb35f126d","value":{"ELEMENT":"00000000-0000-038f-ffff-ffff00000013","element-6066-11e4-a52e-4f735466cecf":"00000000-0000-038f-ffff-ffff00000013"}}
[debug] [AndroidUiautomator2Driver@186c (bcb36653)] Responding to client with driver.findElement() result: {"element-6066-11e4-a52e-4f735466cecf":"00000000-0000-038f-ffff-ffff00000013","ELEMENT":"00000000-0000-038f-ffff-ffff00000013"}
[HTTP] <-- POST /session/bcb36653-c4ca-4285-8a38-b50763b3e7ba/element 200 484 ms - 137
[HTTP] 
[HTTP] &amp#27;[37m-->&amp#27;[39m &amp#27;[37mPOST&amp#27;[39m &amp#27;[37m/session/bcb36653-c4ca-4285-8a38-b50763b3e7ba/element/00000000-0000-038f-ffff-ffff00000013/value&amp#27;[39m
[HTTP] {"id":"00000000-0000-038f-ffff-ffff00000013","text":"rahul shetty","value":["r","a","h","u","l"," ","s","h","e","t","t","y"]}
[debug] [AndroidUiautomator2Driver@186c (bcb36653)] Calling AppiumDriver.setValue() with args: [["r","a","h","u","l"," ","s","h","e","t","t","y"],"00000000-0000-038f-ffff-ffff00000013","bcb36653-c4ca-4285-8a38-b50763b3e7ba"]
[debug] [AndroidUiautomator2Driver@186c (bcb36653)] Matched '/element/00000000-0000-038f-ffff-ffff00000013/value' to command name 'setValue'
[debug] [AndroidUiautomator2Driver@186c (bcb36653)] Added 'value' property ["r","a","h","u","l"," ","s","h","e","t","t","y"] to 'setValue' request body
[debug] [AndroidUiautomator2Driver@186c (bcb36653)] Proxying [POST /element/00000000-0000-038f-ffff-ffff00000013/value] to [POST http://127.0.0.1:8202/session/4ae94093-069d-41a0-ba97-f6ccb35f126d/element/00000000-0000-038f-ffff-ffff00000013/value] with body: {"elementId":"00000000-0000-038f-ffff-ffff00000013","text":"rahul shetty","replace":false,"value":["r","a","h","u","l"," ","s","h","e","t","t","y"]}
[debug] [AndroidUiautomator2Driver@186c (bcb36653)] Got response with status 200: {"sessionId":"4ae94093-069d-41a0-ba97-f6ccb35f126d","value":null}
[debug] [AndroidUiautomator2Driver@186c (bcb36653)] Responding to client with driver.setValue() result: null
[HTTP] <-- POST /session/bcb36653-c4ca-4285-8a38-b50763b3e7ba/element/00000000-0000-038f-ffff-ffff00000013/value 200 546 ms - 14
[HTTP] 
[HTTP] &amp#27;[37m-->&amp#27;[39m &amp#27;[37mPOST&amp#27;[39m &amp#27;[37m/session/bcb36653-c4ca-4285-8a38-b50763b3e7ba/appium/device/hide_keyboard&amp#27;[39m
[HTTP] {}
[debug] [AndroidUiautomator2Driver@186c (bcb36653)] Calling AppiumDriver.hideKeyboard() with args: [null,null,null,null,"bcb36653-c4ca-4285-8a38-b50763b3e7ba"]
[debug] [ADB] Running '/users/rahulshetty/Library/Android/sdk/platform-tools/adb -P 5037 -s emulator-5554 shell dumpsys input_method'
[ADB] Keyboard has no UI; no closing necessary
[debug] [AndroidUiautomator2Driver@186c (bcb36653)] Responding to client with driver.hideKeyboard() result: false
[HTTP] <-- POST /session/bcb36653-c4ca-4285-8a38-b50763b3e7ba/appium/device/hide_keyboard 200 117 ms - 15
[HTTP] 
[HTTP] &amp#27;[37m-->&amp#27;[39m &amp#27;[37mGET&amp#27;[39m &amp#27;[37m/session/bcb36653-c4ca-4285-8a38-b50763b3e7ba/context&amp#27;[39m
[HTTP] {}
[debug] [AndroidUiautomator2Driver@186c (bcb36653)] Calling AppiumDriver.getCurrentContext() with args: ["bcb36653-c4ca-4285-8a38-b50763b3e7ba"]
[debug] [AndroidUiautomator2Driver@186c (bcb36653)] Responding to client with driver.getCurrentContext() result: "NATIVE_APP"
[HTTP] <-- GET /session/bcb36653-c4ca-4285-8a38-b50763b3e7ba/context 200 8 ms - 22
[HTTP] 
[HTTP] &amp#27;[37m-->&amp#27;[39m &amp#27;[37mPOST&amp#27;[39m &amp#27;[37m/session/bcb36653-c4ca-4285-8a38-b50763b3e7ba/element&amp#27;[39m
[HTTP] {"using":"xpath","value":"//android.widget.RadioButton[@text='Male']"}
[debug] [AndroidUiautomator2Driver@186c (bcb36653)] Calling AppiumDriver.findElement() with args: ["xpath","//android.widget.RadioButton[@text='Male']","bcb36653-c4ca-4285-8a38-b50763b3e7ba"]
[debug] [AndroidUiautomator2Driver@186c (bcb36653)] Valid locator strategies for this request: xpath, id, class name, accessibility id, css selector, -android uiautomator
[debug] [AndroidUiautomator2Driver@186c (bcb36653)] Waiting up to 10000 ms for condition
[debug] [AndroidUiautomator2Driver@186c (bcb36653)] Matched '/element' to command name 'findElement'
[debug] [AndroidUiautomator2Driver@186c (bcb36653)] Proxying [POST /element] to [POST http://127.0.0.1:8202/session/4ae94093-069d-41a0-ba97-f6ccb35f126d/element] with body: {"strategy":"xpath","selector":"//android.widget.RadioButton[@text='Male']","context":"","multiple":false}
[debug] [AndroidUiautomator2Driver@186c (bcb36653)] Got response with status 200: {"sessionId":"4ae94093-069d-41a0-ba97-f6ccb35f126d","value":{"ELEMENT":"00000000-0000-038f-ffff-ffff00000016","element-6066-11e4-a52e-4f735466cecf":"00000000-0000-038f-ffff-ffff00000016"}}
[debug] [AndroidUiautomator2Driver@186c (bcb36653)] Responding to client with driver.findElement() result: {"element-6066-11e4-a52e-4f735466cecf":"00000000-0000-038f-ffff-ffff00000016","ELEMENT":"00000000-0000-038f-ffff-ffff00000016"}
[HTTP] <-- POST /session/bcb36653-c4ca-4285-8a38-b50763b3e7ba/element 200 446 ms - 137
[HTTP] 
[HTTP] &amp#27;[37m-->&amp#27;[39m &amp#27;[37mPOST&amp#27;[39m &amp#27;[37m/session/bcb36653-c4ca-4285-8a38-b50763b3e7ba/element/00000000-0000-038f-ffff-ffff00000016/click&amp#27;[39m
[HTTP] {"id":"00000000-0000-038f-ffff-ffff00000016"}
[debug] [AndroidUiautomator2Driver@186c (bcb36653)] Calling AppiumDriver.click() with args: ["00000000-0000-038f-ffff-ffff00000016","bcb36653-c4ca-4285-8a38-b50763b3e7ba"]
[debug] [AndroidUiautomator2Driver@186c (bcb36653)] Matched '/element/00000000-0000-038f-ffff-ffff00000016/click' to command name 'click'
[debug] [AndroidUiautomator2Driver@186c (bcb36653)] Proxying [POST /element/00000000-0000-038f-ffff-ffff00000016/click] to [POST http://127.0.0.1:8202/session/4ae94093-069d-41a0-ba97-f6ccb35f126d/element/00000000-0000-038f-ffff-ffff00000016/click] with body: {"element":"00000000-0000-038f-ffff-ffff00000016"}
[debug] [AndroidUiautomator2Driver@186c (bcb36653)] Got response with status 200: {"sessionId":"4ae94093-069d-41a0-ba97-f6ccb35f126d","value":null}
[debug] [AndroidUiautomator2Driver@186c (bcb36653)] Responding to client with driver.click() result: null
[HTTP] <-- POST /session/bcb36653-c4ca-4285-8a38-b50763b3e7ba/element/00000000-0000-038f-ffff-ffff00000016/click 200 43 ms - 14
[HTTP] 
[HTTP] &amp#27;[37m-->&amp#27;[39m &amp#27;[37mGET&amp#27;[39m &amp#27;[37m/session/bcb36653-c4ca-4285-8a38-b50763b3e7ba/context&amp#27;[39m
[HTTP] {}
[debug] [AndroidUiautomator2Driver@186c (bcb36653)] Calling AppiumDriver.getCurrentContext() with args: ["bcb36653-c4ca-4285-8a38-b50763b3e7ba"]
[debug] [AndroidUiautomator2Driver@186c (bcb36653)] Responding to client with driver.getCurrentContext() result: "NATIVE_APP"
[HTTP] <-- GET /session/bcb36653-c4ca-4285-8a38-b50763b3e7ba/context 200 5 ms - 22
[HTTP] 
[HTTP] &amp#27;[37m-->&amp#27;[39m &amp#27;[37mPOST&amp#27;[39m &amp#27;[37m/session/bcb36653-c4ca-4285-8a38-b50763b3e7ba/element&amp#27;[39m
[HTTP] {"using":"id","value":"android:id/text1"}
[debug] [AndroidUiautomator2Driver@186c (bcb36653)] Calling AppiumDriver.findElement() with args: ["id","android:id/text1","bcb36653-c4ca-4285-8a38-b50763b3e7ba"]
[debug] [AndroidUiautomator2Driver@186c (bcb36653)] Valid locator strategies for this request: xpath, id, class name, accessibility id, css selector, -android uiautomator
[debug] [AndroidUiautomator2Driver@186c (bcb36653)] Waiting up to 10000 ms for condition
[debug] [AndroidUiautomator2Driver@186c (bcb36653)] Matched '/element' to command name 'findElement'
[debug] [AndroidUiautomator2Driver@186c (bcb36653)] Proxying [POST /element] to [POST http://127.0.0.1:8202/session/4ae94093-069d-41a0-ba97-f6ccb35f126d/element] with body: {"strategy":"id","selector":"android:id/text1","context":"","multiple":false}
[debug] [AndroidUiautomator2Driver@186c (bcb36653)] Got response with status 200: {"sessionId":"4ae94093-069d-41a0-ba97-f6ccb35f126d","value":{"ELEMENT":"00000000-0000-038f-ffff-ffff0000001b","element-6066-11e4-a52e-4f735466cecf":"00000000-0000-038f-ffff-ffff0000001b"}}
[debug] [AndroidUiautomator2Driver@186c (bcb36653)] Responding to client with driver.findElement() result: {"element-6066-11e4-a52e-4f735466cecf":"00000000-0000-038f-ffff-ffff0000001b","ELEMENT":"00000000-0000-038f-ffff-ffff0000001b"}
[HTTP] <-- POST /session/bcb36653-c4ca-4285-8a38-b50763b3e7ba/element 200 495 ms - 137
[HTTP] 
[HTTP] &amp#27;[37m-->&amp#27;[39m &amp#27;[37mPOST&amp#27;[39m &amp#27;[37m/session/bcb36653-c4ca-4285-8a38-b50763b3e7ba/element/00000000-0000-038f-ffff-ffff0000001b/click&amp#27;[39m
[HTTP] {"id":"00000000-0000-038f-ffff-ffff0000001b"}
[debug] [AndroidUiautomator2Driver@186c (bcb36653)] Calling AppiumDriver.click() with args: ["00000000-0000-038f-ffff-ffff0000001b","bcb36653-c4ca-4285-8a38-b50763b3e7ba"]
[debug] [AndroidUiautomator2Driver@186c (bcb36653)] Matched '/element/00000000-0000-038f-ffff-ffff0000001b/click' to command name 'click'
[debug] [AndroidUiautomator2Driver@186c (bcb36653)] Proxying [POST /element/00000000-0000-038f-ffff-ffff0000001b/click] to [POST http://127.0.0.1:8202/session/4ae94093-069d-41a0-ba97-f6ccb35f126d/element/00000000-0000-038f-ffff-ffff0000001b/click] with body: {"element":"00000000-0000-038f-ffff-ffff0000001b"}
[debug] [AndroidUiautomator2Driver@186c (bcb36653)] Got response with status 200: {"sessionId":"4ae94093-069d-41a0-ba97-f6ccb35f126d","value":null}
[debug] [AndroidUiautomator2Driver@186c (bcb36653)] Responding to client with driver.click() result: null
[HTTP] <-- POST /session/bcb36653-c4ca-4285-8a38-b50763b3e7ba/element/00000000-0000-038f-ffff-ffff0000001b/click 200 60 ms - 14
[HTTP] 
[HTTP] &amp#27;[37m-->&amp#27;[39m &amp#27;[37mPOST&amp#27;[39m &amp#27;[37m/session/bcb36653-c4ca-4285-8a38-b50763b3e7ba/element&amp#27;[39m
[HTTP] {"using":"-android uiautomator","value":"new UiScrollable(new UiSelector()).scrollIntoView(text(\"Argentina\"));"}
[debug] [AndroidUiautomator2Driver@186c (bcb36653)] Calling AppiumDriver.findElement() with args: ["-android uiautomator","new UiScrollable(new UiSelector()).scrollIntoView(text(\"Argentina\"));","bcb36653-c4ca-4285-8a38-b50763b3e7ba"]
[debug] [AndroidUiautomator2Driver@186c (bcb36653)] Valid locator strategies for this request: xpath, id, class name, accessibility id, css selector, -android uiautomator
[debug] [AndroidUiautomator2Driver@186c (bcb36653)] Waiting up to 10000 ms for condition
[debug] [AndroidUiautomator2Driver@186c (bcb36653)] Matched '/element' to command name 'findElement'
[debug] [AndroidUiautomator2Driver@186c (bcb36653)] Proxying [POST /element] to [POST http://127.0.0.1:8202/session/4ae94093-069d-41a0-ba97-f6ccb35f126d/element] with body: {"strategy":"-android uiautomator","selector":"new UiScrollable(new UiSelector()).scrollIntoView(text(\"Argentina\"));","context":"","multiple":false}
[debug] [AndroidUiautomator2Driver@186c (bcb36653)] Got response with status 200: {"sessionId":"4ae94093-069d-41a0-ba97-f6ccb35f126d","value":{"ELEMENT":"00000000-0000-0390-ffff-ffff00000029","element-6066-11e4-a52e-4f735466cecf":"00000000-0000-0390-ffff-ffff00000029"}}
[debug] [AndroidUiautomator2Driver@186c (bcb36653)] Responding to client with driver.findElement() result: {"element-6066-11e4-a52e-4f735466cecf":"00000000-0000-0390-ffff-ffff00000029","ELEMENT":"00000000-0000-0390-ffff-ffff00000029"}
[HTTP] <-- POST /session/bcb36653-c4ca-4285-8a38-b50763b3e7ba/element 200 852 ms - 137
[HTTP] 
[HTTP] &amp#27;[37m-->&amp#27;[39m &amp#27;[37mPOST&amp#27;[39m &amp#27;[37m/session/bcb36653-c4ca-4285-8a38-b50763b3e7ba/element&amp#27;[39m
[HTTP] {"using":"xpath","value":"//android.widget.TextView[@text='Argentina']"}
[debug] [AndroidUiautomator2Driver@186c (bcb36653)] Calling AppiumDriver.findElement() with args: ["xpath","//android.widget.TextView[@text='Argentina']","bcb36653-c4ca-4285-8a38-b50763b3e7ba"]
[debug] [AndroidUiautomator2Driver@186c (bcb36653)] Valid locator strategies for this request: xpath, id, class name, accessibility id, css selector, -android uiautomator
[debug] [AndroidUiautomator2Driver@186c (bcb36653)] Waiting up to 10000 ms for condition
[debug] [AndroidUiautomator2Driver@186c (bcb36653)] Matched '/element' to command name 'findElement'
[debug] [AndroidUiautomator2Driver@186c (bcb36653)] Proxying [POST /element] to [POST http://127.0.0.1:8202/session/4ae94093-069d-41a0-ba97-f6ccb35f126d/element] with body: {"strategy":"xpath","selector":"//android.widget.TextView[@text='Argentina']","context":"","multiple":false}
[debug] [AndroidUiautomator2Driver@186c (bcb36653)] Got response with status 200: {"sessionId":"4ae94093-069d-41a0-ba97-f6ccb35f126d","value":{"ELEMENT":"00000000-0000-0390-ffff-ffff00000029","element-6066-11e4-a52e-4f735466cecf":"00000000-0000-0390-ffff-ffff00000029"}}
[debug] [AndroidUiautomator2Driver@186c (bcb36653)] Responding to client with driver.findElement() result: {"element-6066-11e4-a52e-4f735466cecf":"00000000-0000-0390-ffff-ffff00000029","ELEMENT":"00000000-0000-0390-ffff-ffff00000029"}
[HTTP] <-- POST /session/bcb36653-c4ca-4285-8a38-b50763b3e7ba/element 200 33 ms - 137
[HTTP] 
[HTTP] &amp#27;[37m-->&amp#27;[39m &amp#27;[37mPOST&amp#27;[39m &amp#27;[37m/session/bcb36653-c4ca-4285-8a38-b50763b3e7ba/element/00000000-0000-0390-ffff-ffff00000029/click&amp#27;[39m
[HTTP] {"id":"00000000-0000-0390-ffff-ffff00000029"}
[debug] [AndroidUiautomator2Driver@186c (bcb36653)] Calling AppiumDriver.click() with args: ["00000000-0000-0390-ffff-ffff00000029","bcb36653-c4ca-4285-8a38-b50763b3e7ba"]
[debug] [AndroidUiautomator2Driver@186c (bcb36653)] Matched '/element/00000000-0000-0390-ffff-ffff00000029/click' to command name 'click'
[debug] [AndroidUiautomator2Driver@186c (bcb36653)] Proxying [POST /element/00000000-0000-0390-ffff-ffff00000029/click] to [POST http://127.0.0.1:8202/session/4ae94093-069d-41a0-ba97-f6ccb35f126d/element/00000000-0000-0390-ffff-ffff00000029/click] with body: {"element":"00000000-0000-0390-ffff-ffff00000029"}
[debug] [AndroidUiautomator2Driver@186c (bcb36653)] Got response with status 200: {"sessionId":"4ae94093-069d-41a0-ba97-f6ccb35f126d","value":null}
[debug] [AndroidUiautomator2Driver@186c (bcb36653)] Responding to client with driver.click() result: null
[HTTP] <-- POST /session/bcb36653-c4ca-4285-8a38-b50763b3e7ba/element/00000000-0000-0390-ffff-ffff00000029/click 200 660 ms - 14
[HTTP] 
[HTTP] &amp#27;[37m-->&amp#27;[39m &amp#27;[37mGET&amp#27;[39m &amp#27;[37m/session/bcb36653-c4ca-4285-8a38-b50763b3e7ba/context&amp#27;[39m
[HTTP] {}
[debug] [AndroidUiautomator2Driver@186c (bcb36653)] Calling AppiumDriver.getCurrentContext() with args: ["bcb36653-c4ca-4285-8a38-b50763b3e7ba"]
[debug] [AndroidUiautomator2Driver@186c (bcb36653)] Responding to client with driver.getCurrentContext() result: "NATIVE_APP"
[HTTP] <-- GET /session/bcb36653-c4ca-4285-8a38-b50763b3e7ba/context 200 6 ms - 22
[HTTP] 
[HTTP] &amp#27;[37m-->&amp#27;[39m &amp#27;[37mPOST&amp#27;[39m &amp#27;[37m/session/bcb36653-c4ca-4285-8a38-b50763b3e7ba/element&amp#27;[39m
[HTTP] {"using":"id","value":"com.androidsample.generalstore:id/btnLetsShop"}
[debug] [AndroidUiautomator2Driver@186c (bcb36653)] Calling AppiumDriver.findElement() with args: ["id","com.androidsample.generalstore:id/btnLetsShop","bcb36653-c4ca-4285-8a38-b50763b3e7ba"]
[debug] [AndroidUiautomator2Driver@186c (bcb36653)] Valid locator strategies for this request: xpath, id, class name, accessibility id, css selector, -android uiautomator
[debug] [AndroidUiautomator2Driver@186c (bcb36653)] Waiting up to 10000 ms for condition
[debug] [AndroidUiautomator2Driver@186c (bcb36653)] Matched '/element' to command name 'findElement'
[debug] [AndroidUiautomator2Driver@186c (bcb36653)] Proxying [POST /element] to [POST http://127.0.0.1:8202/session/4ae94093-069d-41a0-ba97-f6ccb35f126d/element] with body: {"strategy":"id","selector":"com.androidsample.generalstore:id/btnLetsShop","context":"","multiple":false}
[debug] [AndroidUiautomator2Driver@186c (bcb36653)] Got response with status 200: {"sessionId":"4ae94093-069d-41a0-ba97-f6ccb35f126d","value":{"ELEMENT":"00000000-0000-038f-ffff-ffff00000018","element-6066-11e4-a52e-4f735466cecf":"00000000-0000-038f-ffff-ffff00000018"}}
[debug] [AndroidUiautomator2Driver@186c (bcb36653)] Responding to client with driver.findElement() result: {"element-6066-11e4-a52e-4f735466cecf":"00000000-0000-038f-ffff-ffff00000018","ELEMENT":"00000000-0000-038f-ffff-ffff00000018"}
[HTTP] <-- POST /session/bcb36653-c4ca-4285-8a38-b50763b3e7ba/element 200 38 ms - 137
[HTTP] 
[HTTP] &amp#27;[37m-->&amp#27;[39m &amp#27;[37mPOST&amp#27;[39m &amp#27;[37m/session/bcb36653-c4ca-4285-8a38-b50763b3e7ba/element/00000000-0000-038f-ffff-ffff00000018/click&amp#27;[39m
[HTTP] {"id":"00000000-0000-038f-ffff-ffff00000018"}
[debug] [AndroidUiautomator2Driver@186c (bcb36653)] Calling AppiumDriver.click() with args: ["00000000-0000-038f-ffff-ffff00000018","bcb36653-c4ca-4285-8a38-b50763b3e7ba"]
[debug] [AndroidUiautomator2Driver@186c (bcb36653)] Matched '/element/00000000-0000-038f-ffff-ffff00000018/click' to command name 'click'
[debug] [AndroidUiautomator2Driver@186c (bcb36653)] Proxying [POST /element/00000000-0000-038f-ffff-ffff00000018/click] to [POST http://127.0.0.1:8202/session/4ae94093-069d-41a0-ba97-f6ccb35f126d/element/00000000-0000-038f-ffff-ffff00000018/click] with body: {"element":"00000000-0000-038f-ffff-ffff00000018"}
[debug] [AndroidUiautomator2Driver@186c (bcb36653)] Got response with status 200: {"sessionId":"4ae94093-069d-41a0-ba97-f6ccb35f126d","value":null}
[debug] [AndroidUiautomator2Driver@186c (bcb36653)] Responding to client with driver.click() result: null
[HTTP] <-- POST /session/bcb36653-c4ca-4285-8a38-b50763b3e7ba/element/00000000-0000-038f-ffff-ffff00000018/click 200 49 ms - 14
[HTTP] 
[HTTP] &amp#27;[37m-->&amp#27;[39m &amp#27;[37mGET&amp#27;[39m &amp#27;[37m/session/bcb36653-c4ca-4285-8a38-b50763b3e7ba/context&amp#27;[39m
[HTTP] {}
[debug] [AndroidUiautomator2Driver@186c (bcb36653)] Calling AppiumDriver.getCurrentContext() with args: ["bcb36653-c4ca-4285-8a38-b50763b3e7ba"]
[debug] [AndroidUiautomator2Driver@186c (bcb36653)] Responding to client with driver.getCurrentContext() result: "NATIVE_APP"
[HTTP] <-- GET /session/bcb36653-c4ca-4285-8a38-b50763b3e7ba/context 200 1 ms - 22
[HTTP] 
[HTTP] &amp#27;[37m-->&amp#27;[39m &amp#27;[37mPOST&amp#27;[39m &amp#27;[37m/session/bcb36653-c4ca-4285-8a38-b50763b3e7ba/elements&amp#27;[39m
[HTTP] {"using":"xpath","value":"//android.widget.TextView[@text='ADD TO CART']"}
[debug] [AndroidUiautomator2Driver@186c (bcb36653)] Calling AppiumDriver.findElements() with args: ["xpath","//android.widget.TextView[@text='ADD TO CART']","bcb36653-c4ca-4285-8a38-b50763b3e7ba"]
[debug] [AndroidUiautomator2Driver@186c (bcb36653)] Valid locator strategies for this request: xpath, id, class name, accessibility id, css selector, -android uiautomator
[debug] [AndroidUiautomator2Driver@186c (bcb36653)] Waiting up to 10000 ms for condition
[debug] [AndroidUiautomator2Driver@186c (bcb36653)] Matched '/elements' to command name 'findElements'
[debug] [AndroidUiautomator2Driver@186c (bcb36653)] Proxying [POST /elements] to [POST http://127.0.0.1:8202/session/4ae94093-069d-41a0-ba97-f6ccb35f126d/elements] with body: {"strategy":"xpath","selector":"//android.widget.TextView[@text='ADD TO CART']","context":"","multiple":true}
[debug] [AndroidUiautomator2Driver@186c (bcb36653)] Got response with status 200: {"sessionId":"4ae94093-069d-41a0-ba97-f6ccb35f126d","value":[{"ELEMENT":"00000000-0000-0391-ffff-ffff00000048","element-6066-11e4-a52e-4f735466cecf":"00000000-0000-0391-ffff-ffff00000048"},{"ELEMENT":"00000000-0000-0391-ffff-ffff00000050","element-6066-11e4-a52e-4f735466cecf":"00000000-0000-0391-ffff-ffff00000050"}]}
[debug] [AndroidUiautomator2Driver@186c (bcb36653)] Responding to client with driver.findElements() result: [{"element-6066-11e4-a52e-4f735466cecf":"00000000-0000-0391-ffff-ffff00000048","ELEMENT":"00000000-0000-0391-ffff-ffff00000048"},{"element-6066-11e4-a52e-4f735466cecf":"00000000-0000-0391-ffff-ffff00000050","ELEMENT":"00000000-0000-0391-ffff-ffff00000050"}]
[HTTP] <-- POST /session/bcb36653-c4ca-4285-8a38-b50763b3e7ba/elements 200 625 ms - 267
[HTTP] 
[HTTP] &amp#27;[37m-->&amp#27;[39m &amp#27;[37mPOST&amp#27;[39m &amp#27;[37m/session/bcb36653-c4ca-4285-8a38-b50763b3e7ba/element/00000000-0000-0391-ffff-ffff00000048/click&amp#27;[39m
[HTTP] {"id":"00000000-0000-0391-ffff-ffff00000048"}
[debug] [AndroidUiautomator2Driver@186c (bcb36653)] Calling AppiumDriver.click() with args: ["00000000-0000-0391-ffff-ffff00000048","bcb36653-c4ca-4285-8a38-b50763b3e7ba"]
[debug] [AndroidUiautomator2Driver@186c (bcb36653)] Matched '/element/00000000-0000-0391-ffff-ffff00000048/click' to command name 'click'
[debug] [AndroidUiautomator2Driver@186c (bcb36653)] Proxying [POST /element/00000000-0000-0391-ffff-ffff00000048/click] to [POST http://127.0.0.1:8202/session/4ae94093-069d-41a0-ba97-f6ccb35f126d/element/00000000-0000-0391-ffff-ffff00000048/click] with body: {"element":"00000000-0000-0391-ffff-ffff00000048"}
[debug] [AndroidUiautomator2Driver@186c (bcb36653)] Got response with status 200: {"sessionId":"4ae94093-069d-41a0-ba97-f6ccb35f126d","value":null}
[debug] [AndroidUiautomator2Driver@186c (bcb36653)] Responding to client with driver.click() result: null
[HTTP] <-- POST /session/bcb36653-c4ca-4285-8a38-b50763b3e7ba/element/00000000-0000-0391-ffff-ffff00000048/click 200 534 ms - 14
[HTTP] 
[HTTP] &amp#27;[37m-->&amp#27;[39m &amp#27;[37mGET&amp#27;[39m &amp#27;[37m/session/bcb36653-c4ca-4285-8a38-b50763b3e7ba/context&amp#27;[39m
[HTTP] {}
[debug] [AndroidUiautomator2Driver@186c (bcb36653)] Calling AppiumDriver.getCurrentContext() with args: ["bcb36653-c4ca-4285-8a38-b50763b3e7ba"]
[debug] [AndroidUiautomator2Driver@186c (bcb36653)] Responding to client with driver.getCurrentContext() result: "NATIVE_APP"
[HTTP] <-- GET /session/bcb36653-c4ca-4285-8a38-b50763b3e7ba/context 200 1 ms - 22
[HTTP] 
[HTTP] &amp#27;[37m-->&amp#27;[39m &amp#27;[37mPOST&amp#27;[39m &amp#27;[37m/session/bcb36653-c4ca-4285-8a38-b50763b3e7ba/elements&amp#27;[39m
[HTTP] {"using":"xpath","value":"//android.widget.TextView[@text='ADD TO CART']"}
[debug] [AndroidUiautomator2Driver@186c (bcb36653)] Calling AppiumDriver.findElements() with args: ["xpath","//android.widget.TextView[@text='ADD TO CART']","bcb36653-c4ca-4285-8a38-b50763b3e7ba"]
[debug] [AndroidUiautomator2Driver@186c (bcb36653)] Valid locator strategies for this request: xpath, id, class name, accessibility id, css selector, -android uiautomator
[debug] [AndroidUiautomator2Driver@186c (bcb36653)] Waiting up to 10000 ms for condition
[debug] [AndroidUiautomator2Driver@186c (bcb36653)] Matched '/elements' to command name 'findElements'
[debug] [AndroidUiautomator2Driver@186c (bcb36653)] Proxying [POST /elements] to [POST http://127.0.0.1:8202/session/4ae94093-069d-41a0-ba97-f6ccb35f126d/elements] with body: {"strategy":"xpath","selector":"//android.widget.TextView[@text='ADD TO CART']","context":"","multiple":true}
[debug] [AndroidUiautomator2Driver@186c (bcb36653)] Got response with status 200: {"sessionId":"4ae94093-069d-41a0-ba97-f6ccb35f126d","value":[{"ELEMENT":"00000000-0000-0391-ffff-ffff00000050","element-6066-11e4-a52e-4f735466cecf":"00000000-0000-0391-ffff-ffff00000050"}]}
[debug] [AndroidUiautomator2Driver@186c (bcb36653)] Responding to client with driver.findElements() result: [{"element-6066-11e4-a52e-4f735466cecf":"00000000-0000-0391-ffff-ffff00000050","ELEMENT":"00000000-0000-0391-ffff-ffff00000050"}]
[HTTP] <-- POST /session/bcb36653-c4ca-4285-8a38-b50763b3e7ba/elements 200 35 ms - 139
[HTTP] 
[HTTP] &amp#27;[37m-->&amp#27;[39m &amp#27;[37mPOST&amp#27;[39m &amp#27;[37m/session/bcb36653-c4ca-4285-8a38-b50763b3e7ba/element/00000000-0000-0391-ffff-ffff00000050/click&amp#27;[39m
[HTTP] {"id":"00000000-0000-0391-ffff-ffff00000050"}
[debug] [AndroidUiautomator2Driver@186c (bcb36653)] Calling AppiumDriver.click() with args: ["00000000-0000-0391-ffff-ffff00000050","bcb36653-c4ca-4285-8a38-b50763b3e7ba"]
[debug] [AndroidUiautomator2Driver@186c (bcb36653)] Matched '/element/00000000-0000-0391-ffff-ffff00000050/click' to command name 'click'
[debug] [AndroidUiautomator2Driver@186c (bcb36653)] Proxying [POST /element/00000000-0000-0391-ffff-ffff00000050/click] to [POST http://127.0.0.1:8202/session/4ae94093-069d-41a0-ba97-f6ccb35f126d/element/00000000-0000-0391-ffff-ffff00000050/click] with body: {"element":"00000000-0000-0391-ffff-ffff00000050"}
[debug] [AndroidUiautomator2Driver@186c (bcb36653)] Got response with status 200: {"sessionId":"4ae94093-069d-41a0-ba97-f6ccb35f126d","value":null}
[debug] [AndroidUiautomator2Driver@186c (bcb36653)] Responding to client with driver.click() result: null
[HTTP] <-- POST /session/bcb36653-c4ca-4285-8a38-b50763b3e7ba/element/00000000-0000-0391-ffff-ffff00000050/click 200 43 ms - 14
[HTTP] 
[HTTP] &amp#27;[37m-->&amp#27;[39m &amp#27;[37mGET&amp#27;[39m &amp#27;[37m/session/bcb36653-c4ca-4285-8a38-b50763b3e7ba/context&amp#27;[39m
[HTTP] {}
[debug] [AndroidUiautomator2Driver@186c (bcb36653)] Calling AppiumDriver.getCurrentContext() with args: ["bcb36653-c4ca-4285-8a38-b50763b3e7ba"]
[debug] [AndroidUiautomator2Driver@186c (bcb36653)] Responding to client with driver.getCurrentContext() result: "NATIVE_APP"
[HTTP] <-- GET /session/bcb36653-c4ca-4285-8a38-b50763b3e7ba/context 200 1 ms - 22
[HTTP] 
[HTTP] &amp#27;[37m-->&amp#27;[39m &amp#27;[37mPOST&amp#27;[39m &amp#27;[37m/session/bcb36653-c4ca-4285-8a38-b50763b3e7ba/element&amp#27;[39m
[HTTP] {"using":"id","value":"com.androidsample.generalstore:id/appbar_btn_cart"}
[debug] [AndroidUiautomator2Driver@186c (bcb36653)] Calling AppiumDriver.findElement() with args: ["id","com.androidsample.generalstore:id/appbar_btn_cart","bcb36653-c4ca-4285-8a38-b50763b3e7ba"]
[debug] [AndroidUiautomator2Driver@186c (bcb36653)] Valid locator strategies for this request: xpath, id, class name, accessibility id, css selector, -android uiautomator
[debug] [AndroidUiautomator2Driver@186c (bcb36653)] Waiting up to 10000 ms for condition
[debug] [AndroidUiautomator2Driver@186c (bcb36653)] Matched '/element' to command name 'findElement'
[debug] [AndroidUiautomator2Driver@186c (bcb36653)] Proxying [POST /element] to [POST http://127.0.0.1:8202/session/4ae94093-069d-41a0-ba97-f6ccb35f126d/element] with body: {"strategy":"id","selector":"com.androidsample.generalstore:id/appbar_btn_cart","context":"","multiple":false}
[debug] [AndroidUiautomator2Driver@186c (bcb36653)] Got response with status 200: {"sessionId":"4ae94093-069d-41a0-ba97-f6ccb35f126d","value":{"ELEMENT":"00000000-0000-0391-ffff-ffff0000003b","element-6066-11e4-a52e-4f735466cecf":"00000000-0000-0391-ffff-ffff0000003b"}}
[debug] [AndroidUiautomator2Driver@186c (bcb36653)] Responding to client with driver.findElement() result: {"element-6066-11e4-a52e-4f735466cecf":"00000000-0000-0391-ffff-ffff0000003b","ELEMENT":"00000000-0000-0391-ffff-ffff0000003b"}
[HTTP] <-- POST /session/bcb36653-c4ca-4285-8a38-b50763b3e7ba/element 200 480 ms - 137
[HTTP] 
[HTTP] &amp#27;[37m-->&amp#27;[39m &amp#27;[37mPOST&amp#27;[39m &amp#27;[37m/session/bcb36653-c4ca-4285-8a38-b50763b3e7ba/element/00000000-0000-0391-ffff-ffff0000003b/click&amp#27;[39m
[HTTP] {"id":"00000000-0000-0391-ffff-ffff0000003b"}
[debug] [AndroidUiautomator2Driver@186c (bcb36653)] Calling AppiumDriver.click() with args: ["00000000-0000-0391-ffff-ffff0000003b","bcb36653-c4ca-4285-8a38-b50763b3e7ba"]
[debug] [AndroidUiautomator2Driver@186c (bcb36653)] Matched '/element/00000000-0000-0391-ffff-ffff0000003b/click' to command name 'click'
[debug] [AndroidUiautomator2Driver@186c (bcb36653)] Proxying [POST /element/00000000-0000-0391-ffff-ffff0000003b/click] to [POST http://127.0.0.1:8202/session/4ae94093-069d-41a0-ba97-f6ccb35f126d/element/00000000-0000-0391-ffff-ffff0000003b/click] with body: {"element":"00000000-0000-0391-ffff-ffff0000003b"}
[debug] [AndroidUiautomator2Driver@186c (bcb36653)] Got response with status 200: {"sessionId":"4ae94093-069d-41a0-ba97-f6ccb35f126d","value":null}
[debug] [AndroidUiautomator2Driver@186c (bcb36653)] Responding to client with driver.click() result: null
[HTTP] <-- POST /session/bcb36653-c4ca-4285-8a38-b50763b3e7ba/element/00000000-0000-0391-ffff-ffff0000003b/click 200 63 ms - 14
[HTTP] 
[HTTP] &amp#27;[37m-->&amp#27;[39m &amp#27;[37mGET&amp#27;[39m &amp#27;[37m/session/bcb36653-c4ca-4285-8a38-b50763b3e7ba/context&amp#27;[39m
[HTTP] {}
[debug] [AndroidUiautomator2Driver@186c (bcb36653)] Calling AppiumDriver.getCurrentContext() with args: ["bcb36653-c4ca-4285-8a38-b50763b3e7ba"]
[debug] [AndroidUiautomator2Driver@186c (bcb36653)] Responding to client with driver.getCurrentContext() result: "NATIVE_APP"
[HTTP] <-- GET /session/bcb36653-c4ca-4285-8a38-b50763b3e7ba/context 200 1 ms - 22
[HTTP] 
[HTTP] &amp#27;[37m-->&amp#27;[39m &amp#27;[37mPOST&amp#27;[39m &amp#27;[37m/session/bcb36653-c4ca-4285-8a38-b50763b3e7ba/elements&amp#27;[39m
[HTTP] {"using":"id","value":"com.androidsample.generalstore:id/productPrice"}
[debug] [AndroidUiautomator2Driver@186c (bcb36653)] Calling AppiumDriver.findElements() with args: ["id","com.androidsample.generalstore:id/productPrice","bcb36653-c4ca-4285-8a38-b50763b3e7ba"]
[debug] [AndroidUiautomator2Driver@186c (bcb36653)] Valid locator strategies for this request: xpath, id, class name, accessibility id, css selector, -android uiautomator
[debug] [AndroidUiautomator2Driver@186c (bcb36653)] Waiting up to 10000 ms for condition
[debug] [AndroidUiautomator2Driver@186c (bcb36653)] Matched '/elements' to command name 'findElements'
[debug] [AndroidUiautomator2Driver@186c (bcb36653)] Proxying [POST /elements] to [POST http://127.0.0.1:8202/session/4ae94093-069d-41a0-ba97-f6ccb35f126d/elements] with body: {"strategy":"id","selector":"com.androidsample.generalstore:id/productPrice","context":"","multiple":true}
[debug] [AndroidUiautomator2Driver@186c (bcb36653)] Got response with status 200: {"sessionId":"4ae94093-069d-41a0-ba97-f6ccb35f126d","value":[{"ELEMENT":"00000000-0000-0392-ffff-ffff0000007d","element-6066-11e4-a52e-4f735466cecf":"00000000-0000-0392-ffff-ffff0000007d"},{"ELEMENT":"00000000-0000-0392-ffff-ffff00000085","element-6066-11e4-a52e-4f735466cecf":"00000000-0000-0392-ffff-ffff00000085"}]}
[debug] [AndroidUiautomator2Driver@186c (bcb36653)] Responding to client with driver.findElements() result: [{"element-6066-11e4-a52e-4f735466cecf":"00000000-0000-0392-ffff-ffff0000007d","ELEMENT":"00000000-0000-0392-ffff-ffff0000007d"},{"element-6066-11e4-a52e-4f735466cecf":"00000000-0000-0392-ffff-ffff00000085","ELEMENT":"00000000-0000-0392-ffff-ffff00000085"}]
[HTTP] <-- POST /session/bcb36653-c4ca-4285-8a38-b50763b3e7ba/elements 200 35 ms - 267
[HTTP] 
[HTTP] &amp#27;[37m-->&amp#27;[39m &amp#27;[37mGET&amp#27;[39m &amp#27;[37m/session/bcb36653-c4ca-4285-8a38-b50763b3e7ba/context&amp#27;[39m
[HTTP] {}
[debug] [AndroidUiautomator2Driver@186c (bcb36653)] Calling AppiumDriver.getCurrentContext() with args: ["bcb36653-c4ca-4285-8a38-b50763b3e7ba"]
[debug] [AndroidUiautomator2Driver@186c (bcb36653)] Responding to client with driver.getCurrentContext() result: "NATIVE_APP"
[HTTP] <-- GET /session/bcb36653-c4ca-4285-8a38-b50763b3e7ba/context 200 1 ms - 22
[HTTP] 
[HTTP] &amp#27;[37m-->&amp#27;[39m &amp#27;[37mPOST&amp#27;[39m &amp#27;[37m/session/bcb36653-c4ca-4285-8a38-b50763b3e7ba/elements&amp#27;[39m
[HTTP] {"using":"id","value":"com.androidsample.generalstore:id/productPrice"}
[debug] [AndroidUiautomator2Driver@186c (bcb36653)] Calling AppiumDriver.findElements() with args: ["id","com.androidsample.generalstore:id/productPrice","bcb36653-c4ca-4285-8a38-b50763b3e7ba"]
[debug] [AndroidUiautomator2Driver@186c (bcb36653)] Valid locator strategies for this request: xpath, id, class name, accessibility id, css selector, -android uiautomator
[debug] [AndroidUiautomator2Driver@186c (bcb36653)] Waiting up to 10000 ms for condition
[debug] [AndroidUiautomator2Driver@186c (bcb36653)] Matched '/elements' to command name 'findElements'
[debug] [AndroidUiautomator2Driver@186c (bcb36653)] Proxying [POST /elements] to [POST http://127.0.0.1:8202/session/4ae94093-069d-41a0-ba97-f6ccb35f126d/elements] with body: {"strategy":"id","selector":"com.androidsample.generalstore:id/productPrice","context":"","multiple":true}
[debug] [AndroidUiautomator2Driver@186c (bcb36653)] Got response with status 200: {"sessionId":"4ae94093-069d-41a0-ba97-f6ccb35f126d","value":[{"ELEMENT":"00000000-0000-0392-ffff-ffff0000007d","element-6066-11e4-a52e-4f735466cecf":"00000000-0000-0392-ffff-ffff0000007d"},{"ELEMENT":"00000000-0000-0392-ffff-ffff00000085","element-6066-11e4-a52e-4f735466cecf":"00000000-0000-0392-ffff-ffff00000085"}]}
[debug] [AndroidUiautomator2Driver@186c (bcb36653)] Responding to client with driver.findElements() result: [{"element-6066-11e4-a52e-4f735466cecf":"00000000-0000-0392-ffff-ffff0000007d","ELEMENT":"00000000-0000-0392-ffff-ffff0000007d"},{"element-6066-11e4-a52e-4f735466cecf":"00000000-0000-0392-ffff-ffff00000085","ELEMENT":"00000000-0000-0392-ffff-ffff00000085"}]
[HTTP] <-- POST /session/bcb36653-c4ca-4285-8a38-b50763b3e7ba/elements 200 20 ms - 267
[HTTP] 
[HTTP] &amp#27;[37m-->&amp#27;[39m &amp#27;[37mGET&amp#27;[39m &amp#27;[37m/session/bcb36653-c4ca-4285-8a38-b50763b3e7ba/element/00000000-0000-0392-ffff-ffff0000007d/text&amp#27;[39m
[HTTP] {}
[AndroidUiautomator2Driver@186c (bcb36653)] Driver proxy active, passing request on via HTTP proxy
[debug] [AndroidUiautomator2Driver@186c (bcb36653)] Matched '/session/bcb36653-c4ca-4285-8a38-b50763b3e7ba/element/00000000-0000-0392-ffff-ffff0000007d/text' to command name 'getText'
[debug] [AndroidUiautomator2Driver@186c (bcb36653)] Proxying [GET /session/bcb36653-c4ca-4285-8a38-b50763b3e7ba/element/00000000-0000-0392-ffff-ffff0000007d/text] to [GET http://127.0.0.1:8202/session/4ae94093-069d-41a0-ba97-f6ccb35f126d/element/00000000-0000-0392-ffff-ffff0000007d/text] with no body
[debug] [AndroidUiautomator2Driver@186c (bcb36653)] Got response with status 200: {"sessionId":"4ae94093-069d-41a0-ba97-f6ccb35f126d","value":"$160.97"}
[AndroidUiautomator2Driver@186c (bcb36653)] Replacing sessionId 4ae94093-069d-41a0-ba97-f6ccb35f126d with bcb36653-c4ca-4285-8a38-b50763b3e7ba
[HTTP] <-- GET /session/bcb36653-c4ca-4285-8a38-b50763b3e7ba/element/00000000-0000-0392-ffff-ffff0000007d/text 200 12 ms - 70
[HTTP] 
[HTTP] &amp#27;[37m-->&amp#27;[39m &amp#27;[37mGET&amp#27;[39m &amp#27;[37m/session/bcb36653-c4ca-4285-8a38-b50763b3e7ba/context&amp#27;[39m
[HTTP] {}
[debug] [AndroidUiautomator2Driver@186c (bcb36653)] Calling AppiumDriver.getCurrentContext() with args: ["bcb36653-c4ca-4285-8a38-b50763b3e7ba"]
[debug] [AndroidUiautomator2Driver@186c (bcb36653)] Responding to client with driver.getCurrentContext() result: "NATIVE_APP"
[HTTP] <-- GET /session/bcb36653-c4ca-4285-8a38-b50763b3e7ba/context 200 1 ms - 22
[HTTP] 
[HTTP] &amp#27;[37m-->&amp#27;[39m &amp#27;[37mPOST&amp#27;[39m &amp#27;[37m/session/bcb36653-c4ca-4285-8a38-b50763b3e7ba/elements&amp#27;[39m
[HTTP] {"using":"id","value":"com.androidsample.generalstore:id/productPrice"}
[debug] [AndroidUiautomator2Driver@186c (bcb36653)] Calling AppiumDriver.findElements() with args: ["id","com.androidsample.generalstore:id/productPrice","bcb36653-c4ca-4285-8a38-b50763b3e7ba"]
[debug] [AndroidUiautomator2Driver@186c (bcb36653)] Valid locator strategies for this request: xpath, id, class name, accessibility id, css selector, -android uiautomator
[debug] [AndroidUiautomator2Driver@186c (bcb36653)] Waiting up to 10000 ms for condition
[debug] [AndroidUiautomator2Driver@186c (bcb36653)] Matched '/elements' to command name 'findElements'
[debug] [AndroidUiautomator2Driver@186c (bcb36653)] Proxying [POST /elements] to [POST http://127.0.0.1:8202/session/4ae94093-069d-41a0-ba97-f6ccb35f126d/elements] with body: {"strategy":"id","selector":"com.androidsample.generalstore:id/productPrice","context":"","multiple":true}
[debug] [AndroidUiautomator2Driver@186c (bcb36653)] Got response with status 200: {"sessionId":"4ae94093-069d-41a0-ba97-f6ccb35f126d","value":[{"ELEMENT":"00000000-0000-0392-ffff-ffff0000007d","element-6066-11e4-a52e-4f735466cecf":"00000000-0000-0392-ffff-ffff0000007d"},{"ELEMENT":"00000000-0000-0392-ffff-ffff00000085","element-6066-11e4-a52e-4f735466cecf":"00000000-0000-0392-ffff-ffff00000085"}]}
[debug] [AndroidUiautomator2Driver@186c (bcb36653)] Responding to client with driver.findElements() result: [{"element-6066-11e4-a52e-4f735466cecf":"00000000-0000-0392-ffff-ffff0000007d","ELEMENT":"00000000-0000-0392-ffff-ffff0000007d"},{"element-6066-11e4-a52e-4f735466cecf":"00000000-0000-0392-ffff-ffff00000085","ELEMENT":"00000000-0000-0392-ffff-ffff00000085"}]
[HTTP] <-- POST /session/bcb36653-c4ca-4285-8a38-b50763b3e7ba/elements 200 24 ms - 267
[HTTP] 
[HTTP] &amp#27;[37m-->&amp#27;[39m &amp#27;[37mGET&amp#27;[39m &amp#27;[37m/session/bcb36653-c4ca-4285-8a38-b50763b3e7ba/element/00000000-0000-0392-ffff-ffff00000085/text&amp#27;[39m
[HTTP] {}
[AndroidUiautomator2Driver@186c (bcb36653)] Driver proxy active, passing request on via HTTP proxy
[debug] [AndroidUiautomator2Driver@186c (bcb36653)] Matched '/session/bcb36653-c4ca-4285-8a38-b50763b3e7ba/element/00000000-0000-0392-ffff-ffff00000085/text' to command name 'getText'
[debug] [AndroidUiautomator2Driver@186c (bcb36653)] Proxying [GET /session/bcb36653-c4ca-4285-8a38-b50763b3e7ba/element/00000000-0000-0392-ffff-ffff00000085/text] to [GET http://127.0.0.1:8202/session/4ae94093-069d-41a0-ba97-f6ccb35f126d/element/00000000-0000-0392-ffff-ffff00000085/text] with no body
[debug] [AndroidUiautomator2Driver@186c (bcb36653)] Got response with status 200: {"sessionId":"4ae94093-069d-41a0-ba97-f6ccb35f126d","value":"$120.0"}
[AndroidUiautomator2Driver@186c (bcb36653)] Replacing sessionId 4ae94093-069d-41a0-ba97-f6ccb35f126d with bcb36653-c4ca-4285-8a38-b50763b3e7ba
[HTTP] <-- GET /session/bcb36653-c4ca-4285-8a38-b50763b3e7ba/element/00000000-0000-0392-ffff-ffff00000085/text 200 15 ms - 69
[HTTP] 
[HTTP] &amp#27;[37m-->&amp#27;[39m &amp#27;[37mGET&amp#27;[39m &amp#27;[37m/session/bcb36653-c4ca-4285-8a38-b50763b3e7ba/context&amp#27;[39m
[HTTP] {}
[debug] [AndroidUiautomator2Driver@186c (bcb36653)] Calling AppiumDriver.getCurrentContext() with args: ["bcb36653-c4ca-4285-8a38-b50763b3e7ba"]
[debug] [AndroidUiautomator2Driver@186c (bcb36653)] Responding to client with driver.getCurrentContext() result: "NATIVE_APP"
[HTTP] <-- GET /session/bcb36653-c4ca-4285-8a38-b50763b3e7ba/context 200 1 ms - 22
[HTTP] 
[HTTP] &amp#27;[37m-->&amp#27;[39m &amp#27;[37mPOST&amp#27;[39m &amp#27;[37m/session/bcb36653-c4ca-4285-8a38-b50763b3e7ba/element&amp#27;[39m
[HTTP] {"using":"id","value":"com.androidsample.generalstore:id/totalAmountLbl"}
[debug] [AndroidUiautomator2Driver@186c (bcb36653)] Calling AppiumDriver.findElement() with args: ["id","com.androidsample.generalstore:id/totalAmountLbl","bcb36653-c4ca-4285-8a38-b50763b3e7ba"]
[debug] [AndroidUiautomator2Driver@186c (bcb36653)] Valid locator strategies for this request: xpath, id, class name, accessibility id, css selector, -android uiautomator
[debug] [AndroidUiautomator2Driver@186c (bcb36653)] Waiting up to 10000 ms for condition
[debug] [AndroidUiautomator2Driver@186c (bcb36653)] Matched '/element' to command name 'findElement'
[debug] [AndroidUiautomator2Driver@186c (bcb36653)] Proxying [POST /element] to [POST http://127.0.0.1:8202/session/4ae94093-069d-41a0-ba97-f6ccb35f126d/element] with body: {"strategy":"id","selector":"com.androidsample.generalstore:id/totalAmountLbl","context":"","multiple":false}
[debug] [AndroidUiautomator2Driver@186c (bcb36653)] Got response with status 200: {"sessionId":"4ae94093-069d-41a0-ba97-f6ccb35f126d","value":{"ELEMENT":"00000000-0000-0392-ffff-ffff00000071","element-6066-11e4-a52e-4f735466cecf":"00000000-0000-0392-ffff-ffff00000071"}}
[debug] [AndroidUiautomator2Driver@186c (bcb36653)] Responding to client with driver.findElement() result: {"element-6066-11e4-a52e-4f735466cecf":"00000000-0000-0392-ffff-ffff00000071","ELEMENT":"00000000-0000-0392-ffff-ffff00000071"}
[HTTP] <-- POST /session/bcb36653-c4ca-4285-8a38-b50763b3e7ba/element 200 24 ms - 137
[HTTP] 
[HTTP] &amp#27;[37m-->&amp#27;[39m &amp#27;[37mGET&amp#27;[39m &amp#27;[37m/session/bcb36653-c4ca-4285-8a38-b50763b3e7ba/element/00000000-0000-0392-ffff-ffff00000071/text&amp#27;[39m
[HTTP] {}
[AndroidUiautomator2Driver@186c (bcb36653)] Driver proxy active, passing request on via HTTP proxy
[debug] [AndroidUiautomator2Driver@186c (bcb36653)] Matched '/session/bcb36653-c4ca-4285-8a38-b50763b3e7ba/element/00000000-0000-0392-ffff-ffff00000071/text' to command name 'getText'
[debug] [AndroidUiautomator2Driver@186c (bcb36653)] Proxying [GET /session/bcb36653-c4ca-4285-8a38-b50763b3e7ba/element/00000000-0000-0392-ffff-ffff00000071/text] to [GET http://127.0.0.1:8202/session/4ae94093-069d-41a0-ba97-f6ccb35f126d/element/00000000-0000-0392-ffff-ffff00000071/text] with no body
[debug] [AndroidUiautomator2Driver@186c (bcb36653)] Got response with status 200: {"sessionId":"4ae94093-069d-41a0-ba97-f6ccb35f126d","value":"$ 280.97"}
[AndroidUiautomator2Driver@186c (bcb36653)] Replacing sessionId 4ae94093-069d-41a0-ba97-f6ccb35f126d with bcb36653-c4ca-4285-8a38-b50763b3e7ba
[HTTP] <-- GET /session/bcb36653-c4ca-4285-8a38-b50763b3e7ba/element/00000000-0000-0392-ffff-ffff00000071/text 200 17 ms - 71
[HTTP] 
[HTTP] &amp#27;[37m-->&amp#27;[39m &amp#27;[37mGET&amp#27;[39m &amp#27;[37m/session/bcb36653-c4ca-4285-8a38-b50763b3e7ba/context&amp#27;[39m
[HTTP] {}
[debug] [AndroidUiautomator2Driver@186c (bcb36653)] Calling AppiumDriver.getCurrentContext() with args: ["bcb36653-c4ca-4285-8a38-b50763b3e7ba"]
[debug] [AndroidUiautomator2Driver@186c (bcb36653)] Responding to client with driver.getCurrentContext() result: "NATIVE_APP"
[HTTP] <-- GET /session/bcb36653-c4ca-4285-8a38-b50763b3e7ba/context 200 1 ms - 22
[HTTP] 
[HTTP] &amp#27;[37m-->&amp#27;[39m &amp#27;[37mPOST&amp#27;[39m &amp#27;[37m/session/bcb36653-c4ca-4285-8a38-b50763b3e7ba/element&amp#27;[39m
[HTTP] {"using":"id","value":"com.androidsample.generalstore:id/termsButton"}
[debug] [AndroidUiautomator2Driver@186c (bcb36653)] Calling AppiumDriver.findElement() with args: ["id","com.androidsample.generalstore:id/termsButton","bcb36653-c4ca-4285-8a38-b50763b3e7ba"]
[debug] [AndroidUiautomator2Driver@186c (bcb36653)] Valid locator strategies for this request: xpath, id, class name, accessibility id, css selector, -android uiautomator
[debug] [AndroidUiautomator2Driver@186c (bcb36653)] Waiting up to 10000 ms for condition
[debug] [AndroidUiautomator2Driver@186c (bcb36653)] Matched '/element' to command name 'findElement'
[debug] [AndroidUiautomator2Driver@186c (bcb36653)] Proxying [POST /element] to [POST http://127.0.0.1:8202/session/4ae94093-069d-41a0-ba97-f6ccb35f126d/element] with body: {"strategy":"id","selector":"com.androidsample.generalstore:id/termsButton","context":"","multiple":false}
[debug] [AndroidUiautomator2Driver@186c (bcb36653)] Got response with status 200: {"sessionId":"4ae94093-069d-41a0-ba97-f6ccb35f126d","value":{"ELEMENT":"00000000-0000-0392-ffff-ffff00000074","element-6066-11e4-a52e-4f735466cecf":"00000000-0000-0392-ffff-ffff00000074"}}
[debug] [AndroidUiautomator2Driver@186c (bcb36653)] Responding to client with driver.findElement() result: {"element-6066-11e4-a52e-4f735466cecf":"00000000-0000-0392-ffff-ffff00000074","ELEMENT":"00000000-0000-0392-ffff-ffff00000074"}
[HTTP] <-- POST /session/bcb36653-c4ca-4285-8a38-b50763b3e7ba/element 200 27 ms - 137
[HTTP] 
[HTTP] &amp#27;[37m-->&amp#27;[39m &amp#27;[37mPOST&amp#27;[39m &amp#27;[37m/session/bcb36653-c4ca-4285-8a38-b50763b3e7ba/execute/sync&amp#27;[39m
[HTTP] {"script":"mobile: longClickGesture","args":[{"elementId":"00000000-0000-0392-ffff-ffff00000074","duration":2000}]}
[debug] [AndroidUiautomator2Driver@186c (bcb36653)] Calling AppiumDriver.execute() with args: ["mobile: longClickGesture",[{"elementId":"00000000-0000-0392-ffff-ffff00000074","duration":2000}],"bcb36653-c4ca-4285-8a38-b50763b3e7ba"]
[AndroidUiautomator2Driver@186c (bcb36653)] Executing native command 'mobile: longClickGesture'
[debug] [AndroidUiautomator2Driver@186c (bcb36653)] Proxying [POST /appium/gestures/long_click] to [POST http://127.0.0.1:8202/session/4ae94093-069d-41a0-ba97-f6ccb35f126d/appium/gestures/long_click] with body: {"origin":{"ELEMENT":"00000000-0000-0392-ffff-ffff00000074","element-6066-11e4-a52e-4f735466cecf":"00000000-0000-0392-ffff-ffff00000074"},"duration":2000}
[debug] [AndroidUiautomator2Driver@186c (bcb36653)] Got response with status 200: {"sessionId":"4ae94093-069d-41a0-ba97-f6ccb35f126d","value":null}
[debug] [AndroidUiautomator2Driver@186c (bcb36653)] Responding to client with driver.execute() result: null
[HTTP] <-- POST /session/bcb36653-c4ca-4285-8a38-b50763b3e7ba/execute/sync 200 2121 ms - 14
[HTTP] 
[HTTP] &amp#27;[37m-->&amp#27;[39m &amp#27;[37mGET&amp#27;[39m &amp#27;[37m/session/bcb36653-c4ca-4285-8a38-b50763b3e7ba/context&amp#27;[39m
[HTTP] {}
[debug] [AndroidUiautomator2Driver@186c (bcb36653)] Calling AppiumDriver.getCurrentContext() with args: ["bcb36653-c4ca-4285-8a38-b50763b3e7ba"]
[debug] [AndroidUiautomator2Driver@186c (bcb36653)] Responding to client with driver.getCurrentContext() result: "NATIVE_APP"
[HTTP] <-- GET /session/bcb36653-c4ca-4285-8a38-b50763b3e7ba/context 200 3 ms - 22
[HTTP] 
[HTTP] &amp#27;[37m-->&amp#27;[39m &amp#27;[37mPOST&amp#27;[39m &amp#27;[37m/session/bcb36653-c4ca-4285-8a38-b50763b3e7ba/element&amp#27;[39m
[HTTP] {"using":"id","value":"android:id/button1"}
[debug] [AndroidUiautomator2Driver@186c (bcb36653)] Calling AppiumDriver.findElement() with args: ["id","android:id/button1","bcb36653-c4ca-4285-8a38-b50763b3e7ba"]
[debug] [AndroidUiautomator2Driver@186c (bcb36653)] Valid locator strategies for this request: xpath, id, class name, accessibility id, css selector, -android uiautomator
[debug] [AndroidUiautomator2Driver@186c (bcb36653)] Waiting up to 10000 ms for condition
[debug] [AndroidUiautomator2Driver@186c (bcb36653)] Matched '/element' to command name 'findElement'
[debug] [AndroidUiautomator2Driver@186c (bcb36653)] Proxying [POST /element] to [POST http://127.0.0.1:8202/session/4ae94093-069d-41a0-ba97-f6ccb35f126d/element] with body: {"strategy":"id","selector":"android:id/button1","context":"","multiple":false}
[debug] [AndroidUiautomator2Driver@186c (bcb36653)] Got response with status 200: {"sessionId":"4ae94093-069d-41a0-ba97-f6ccb35f126d","value":{"ELEMENT":"00000000-0000-0393-ffff-ffff000000a0","element-6066-11e4-a52e-4f735466cecf":"00000000-0000-0393-ffff-ffff000000a0"}}
[debug] [AndroidUiautomator2Driver@186c (bcb36653)] Responding to client with driver.findElement() result: {"element-6066-11e4-a52e-4f735466cecf":"00000000-0000-0393-ffff-ffff000000a0","ELEMENT":"00000000-0000-0393-ffff-ffff000000a0"}
[HTTP] <-- POST /session/bcb36653-c4ca-4285-8a38-b50763b3e7ba/element 200 40 ms - 137
[HTTP] 
[HTTP] &amp#27;[37m-->&amp#27;[39m &amp#27;[37mPOST&amp#27;[39m &amp#27;[37m/session/bcb36653-c4ca-4285-8a38-b50763b3e7ba/element/00000000-0000-0393-ffff-ffff000000a0/click&amp#27;[39m
[HTTP] {"id":"00000000-0000-0393-ffff-ffff000000a0"}
[debug] [AndroidUiautomator2Driver@186c (bcb36653)] Calling AppiumDriver.click() with args: ["00000000-0000-0393-ffff-ffff000000a0","bcb36653-c4ca-4285-8a38-b50763b3e7ba"]
[debug] [AndroidUiautomator2Driver@186c (bcb36653)] Matched '/element/00000000-0000-0393-ffff-ffff000000a0/click' to command name 'click'
[debug] [AndroidUiautomator2Driver@186c (bcb36653)] Proxying [POST /element/00000000-0000-0393-ffff-ffff000000a0/click] to [POST http://127.0.0.1:8202/session/4ae94093-069d-41a0-ba97-f6ccb35f126d/element/00000000-0000-0393-ffff-ffff000000a0/click] with body: {"element":"00000000-0000-0393-ffff-ffff000000a0"}
[debug] [AndroidUiautomator2Driver@186c (bcb36653)] Got response with status 200: {"sessionId":"4ae94093-069d-41a0-ba97-f6ccb35f126d","value":null}
[debug] [AndroidUiautomator2Driver@186c (bcb36653)] Responding to client with driver.click() result: null
[HTTP] <-- POST /session/bcb36653-c4ca-4285-8a38-b50763b3e7ba/element/00000000-0000-0393-ffff-ffff000000a0/click 200 93 ms - 14
[HTTP] 
[HTTP] &amp#27;[37m-->&amp#27;[39m &amp#27;[37mGET&amp#27;[39m &amp#27;[37m/session/bcb36653-c4ca-4285-8a38-b50763b3e7ba/context&amp#27;[39m
[HTTP] {}
[debug] [AndroidUiautomator2Driver@186c (bcb36653)] Calling AppiumDriver.getCurrentContext() with args: ["bcb36653-c4ca-4285-8a38-b50763b3e7ba"]
[debug] [AndroidUiautomator2Driver@186c (bcb36653)] Responding to client with driver.getCurrentContext() result: "NATIVE_APP"
[HTTP] <-- GET /session/bcb36653-c4ca-4285-8a38-b50763b3e7ba/context 200 6 ms - 22
[HTTP] 
[HTTP] &amp#27;[37m-->&amp#27;[39m &amp#27;[37mPOST&amp#27;[39m &amp#27;[37m/session/bcb36653-c4ca-4285-8a38-b50763b3e7ba/element&amp#27;[39m
[HTTP] {"using":"class name","value":"android.widget.CheckBox"}
[debug] [AndroidUiautomator2Driver@186c (bcb36653)] Calling AppiumDriver.findElement() with args: ["class name","android.widget.CheckBox","bcb36653-c4ca-4285-8a38-b50763b3e7ba"]
[debug] [AndroidUiautomator2Driver@186c (bcb36653)] Valid locator strategies for this request: xpath, id, class name, accessibility id, css selector, -android uiautomator
[debug] [AndroidUiautomator2Driver@186c (bcb36653)] Waiting up to 10000 ms for condition
[debug] [AndroidUiautomator2Driver@186c (bcb36653)] Matched '/element' to command name 'findElement'
[debug] [AndroidUiautomator2Driver@186c (bcb36653)] Proxying [POST /element] to [POST http://127.0.0.1:8202/session/4ae94093-069d-41a0-ba97-f6ccb35f126d/element] with body: {"strategy":"class name","selector":"android.widget.CheckBox","context":"","multiple":false}
[debug] [AndroidUiautomator2Driver@186c (bcb36653)] Got response with status 200: {"sessionId":"4ae94093-069d-41a0-ba97-f6ccb35f126d","value":{"ELEMENT":"00000000-0000-0392-ffff-ffff00000072","element-6066-11e4-a52e-4f735466cecf":"00000000-0000-0392-ffff-ffff00000072"}}
[debug] [AndroidUiautomator2Driver@186c (bcb36653)] Responding to client with driver.findElement() result: {"element-6066-11e4-a52e-4f735466cecf":"00000000-0000-0392-ffff-ffff00000072","ELEMENT":"00000000-0000-0392-ffff-ffff00000072"}
[HTTP] <-- POST /session/bcb36653-c4ca-4285-8a38-b50763b3e7ba/element 200 299 ms - 137
[HTTP] 
[HTTP] &amp#27;[37m-->&amp#27;[39m &amp#27;[37mPOST&amp#27;[39m &amp#27;[37m/session/bcb36653-c4ca-4285-8a38-b50763b3e7ba/element/00000000-0000-0392-ffff-ffff00000072/click&amp#27;[39m
[HTTP] {"id":"00000000-0000-0392-ffff-ffff00000072"}
[debug] [AndroidUiautomator2Driver@186c (bcb36653)] Calling AppiumDriver.click() with args: ["00000000-0000-0392-ffff-ffff00000072","bcb36653-c4ca-4285-8a38-b50763b3e7ba"]
[debug] [AndroidUiautomator2Driver@186c (bcb36653)] Matched '/element/00000000-0000-0392-ffff-ffff00000072/click' to command name 'click'
[debug] [AndroidUiautomator2Driver@186c (bcb36653)] Proxying [POST /element/00000000-0000-0392-ffff-ffff00000072/click] to [POST http://127.0.0.1:8202/session/4ae94093-069d-41a0-ba97-f6ccb35f126d/element/00000000-0000-0392-ffff-ffff00000072/click] with body: {"element":"00000000-0000-0392-ffff-ffff00000072"}
[debug] [AndroidUiautomator2Driver@186c (bcb36653)] Got response with status 200: {"sessionId":"4ae94093-069d-41a0-ba97-f6ccb35f126d","value":null}
[debug] [AndroidUiautomator2Driver@186c (bcb36653)] Responding to client with driver.click() result: null
[HTTP] <-- POST /session/bcb36653-c4ca-4285-8a38-b50763b3e7ba/element/00000000-0000-0392-ffff-ffff00000072/click 200 296 ms - 14
[HTTP] 
[HTTP] &amp#27;[37m-->&amp#27;[39m &amp#27;[37mGET&amp#27;[39m &amp#27;[37m/session/bcb36653-c4ca-4285-8a38-b50763b3e7ba/context&amp#27;[39m
[HTTP] {}
[debug] [AndroidUiautomator2Driver@186c (bcb36653)] Calling AppiumDriver.getCurrentContext() with args: ["bcb36653-c4ca-4285-8a38-b50763b3e7ba"]
[debug] [AndroidUiautomator2Driver@186c (bcb36653)] Responding to client with driver.getCurrentContext() result: "NATIVE_APP"
[HTTP] <-- GET /session/bcb36653-c4ca-4285-8a38-b50763b3e7ba/context 200 2 ms - 22
[HTTP] 
[HTTP] &amp#27;[37m-->&amp#27;[39m &amp#27;[37mPOST&amp#27;[39m &amp#27;[37m/session/bcb36653-c4ca-4285-8a38-b50763b3e7ba/element&amp#27;[39m
[HTTP] {"using":"id","value":"com.androidsample.generalstore:id/btnProceed"}
[debug] [AndroidUiautomator2Driver@186c (bcb36653)] Calling AppiumDriver.findElement() with args: ["id","com.androidsample.generalstore:id/btnProceed","bcb36653-c4ca-4285-8a38-b50763b3e7ba"]
[debug] [AndroidUiautomator2Driver@186c (bcb36653)] Valid locator strategies for this request: xpath, id, class name, accessibility id, css selector, -android uiautomator
[debug] [AndroidUiautomator2Driver@186c (bcb36653)] Waiting up to 10000 ms for condition
[debug] [AndroidUiautomator2Driver@186c (bcb36653)] Matched '/element' to command name 'findElement'
[debug] [AndroidUiautomator2Driver@186c (bcb36653)] Proxying [POST /element] to [POST http://127.0.0.1:8202/session/4ae94093-069d-41a0-ba97-f6ccb35f126d/element] with body: {"strategy":"id","selector":"com.androidsample.generalstore:id/btnProceed","context":"","multiple":false}
[debug] [AndroidUiautomator2Driver@186c (bcb36653)] Got response with status 200: {"sessionId":"4ae94093-069d-41a0-ba97-f6ccb35f126d","value":{"ELEMENT":"00000000-0000-0392-ffff-ffff00000073","element-6066-11e4-a52e-4f735466cecf":"00000000-0000-0392-ffff-ffff00000073"}}
[debug] [AndroidUiautomator2Driver@186c (bcb36653)] Responding to client with driver.findElement() result: {"element-6066-11e4-a52e-4f735466cecf":"00000000-0000-0392-ffff-ffff00000073","ELEMENT":"00000000-0000-0392-ffff-ffff00000073"}
[HTTP] <-- POST /session/bcb36653-c4ca-4285-8a38-b50763b3e7ba/element 200 583 ms - 137
[HTTP] 
[HTTP] &amp#27;[37m-->&amp#27;[39m &amp#27;[37mPOST&amp#27;[39m &amp#27;[37m/session/bcb36653-c4ca-4285-8a38-b50763b3e7ba/element/00000000-0000-0392-ffff-ffff00000073/click&amp#27;[39m
[HTTP] {"id":"00000000-0000-0392-ffff-ffff00000073"}
[debug] [AndroidUiautomator2Driver@186c (bcb36653)] Calling AppiumDriver.click() with args: ["00000000-0000-0392-ffff-ffff00000073","bcb36653-c4ca-4285-8a38-b50763b3e7ba"]
[debug] [AndroidUiautomator2Driver@186c (bcb36653)] Matched '/element/00000000-0000-0392-ffff-ffff00000073/click' to command name 'click'
[debug] [AndroidUiautomator2Driver@186c (bcb36653)] Proxying [POST /element/00000000-0000-0392-ffff-ffff00000073/click] to [POST http://127.0.0.1:8202/session/4ae94093-069d-41a0-ba97-f6ccb35f126d/element/00000000-0000-0392-ffff-ffff00000073/click] with body: {"element":"00000000-0000-0392-ffff-ffff00000073"}
[debug] [AndroidUiautomator2Driver@186c (bcb36653)] Got response with status 200: {"sessionId":"4ae94093-069d-41a0-ba97-f6ccb35f126d","value":null}
[debug] [AndroidUiautomator2Driver@186c (bcb36653)] Responding to client with driver.click() result: null
[HTTP] <-- POST /session/bcb36653-c4ca-4285-8a38-b50763b3e7ba/element/00000000-0000-0392-ffff-ffff00000073/click 200 40 ms - 14
[HTTP] 
]]></system-out>
    <system-err><![CDATA[SLF4J: Failed to load class "org.slf4j.impl.StaticLoggerBinder".
SLF4J: Defaulting to no-operation (NOP) logger implementation
SLF4J: See http://www.slf4j.org/codes.html#StaticLoggerBinder for further details.
]]></system-err>
  </testcase>
  <testcase name="FillForm[{name=shetty MR, country=Argentina, gender=male}](2)" classname="org.rahulshettyacademy.eCommerce_tc_4_Hybrid" time="12.539">
    <system-out><![CDATA[[HTTP] &amp#27;[37m-->&amp#27;[39m &amp#27;[37mPOST&amp#27;[39m &amp#27;[37m/session/bcb36653-c4ca-4285-8a38-b50763b3e7ba/appium/device/start_activity&amp#27;[39m
[HTTP] {"appPackage":"com.androidsample.generalstore","appActivity":"com.androidsample.generalstore.MainActivity","appWaitPackage":"","appWaitActivity":"","dontStopAppOnReset":false,"intentAction":"","intentCategory":"","intentFlags":"","optionalIntentArguments":""}
[debug] [AndroidUiautomator2Driver@186c (bcb36653)] Calling AppiumDriver.startActivity() with args: ["com.androidsample.generalstore","com.androidsample.generalstore.MainActivity","","","","","","",false,null,null,"bcb36653-c4ca-4285-8a38-b50763b3e7ba"]
[debug] [AndroidUiautomator2Driver@186c (bcb36653)] Starting package 'com.androidsample.generalstore' and activity 'com.androidsample.generalstore.MainActivity'
[debug] [ADB] Running '/users/rahulshetty/Library/Android/sdk/platform-tools/adb -P 5037 -s emulator-5554 shell am start -W -n com.androidsample.generalstore/com.androidsample.generalstore.MainActivity -S'
[debug] [ADB] Waiting up to 20000ms for activity matching pkg: 'com.androidsample.generalstore' and activity: 'com.androidsample.generalstore.MainActivity' to be focused
[debug] [ADB] Possible activities, to be checked: 'com.androidsample.generalstore.MainActivity', 'com.androidsample.generalstore.com.androidsample.generalstore.MainActivity'
[debug] [ADB] Getting focused package and activity
[debug] [ADB] Running '/users/rahulshetty/Library/Android/sdk/platform-tools/adb -P 5037 -s emulator-5554 shell dumpsys window displays'
[debug] [ADB] Found package: 'com.androidsample.generalstore' and fully qualified activity name : 'com.androidsample.generalstore.MainActivity'
[debug] [AndroidUiautomator2Driver@186c (bcb36653)] Responding to client with driver.startActivity() result: null
[HTTP] <-- POST /session/bcb36653-c4ca-4285-8a38-b50763b3e7ba/appium/device/start_activity 200 668 ms - 14
[HTTP] 
[HTTP] &amp#27;[37m-->&amp#27;[39m &amp#27;[37mGET&amp#27;[39m &amp#27;[37m/session/bcb36653-c4ca-4285-8a38-b50763b3e7ba/context&amp#27;[39m
[HTTP] {}
[debug] [AndroidUiautomator2Driver@186c (bcb36653)] Calling AppiumDriver.getCurrentContext() with args: ["bcb36653-c4ca-4285-8a38-b50763b3e7ba"]
[debug] [AndroidUiautomator2Driver@186c (bcb36653)] Responding to client with driver.getCurrentContext() result: "NATIVE_APP"
[HTTP] <-- GET /session/bcb36653-c4ca-4285-8a38-b50763b3e7ba/context 200 3 ms - 22
[HTTP] 
[HTTP] &amp#27;[37m-->&amp#27;[39m &amp#27;[37mPOST&amp#27;[39m &amp#27;[37m/session/bcb36653-c4ca-4285-8a38-b50763b3e7ba/element&amp#27;[39m
[HTTP] {"using":"id","value":"com.androidsample.generalstore:id/nameField"}
[debug] [AndroidUiautomator2Driver@186c (bcb36653)] Calling AppiumDriver.findElement() with args: ["id","com.androidsample.generalstore:id/nameField","bcb36653-c4ca-4285-8a38-b50763b3e7ba"]
[debug] [AndroidUiautomator2Driver@186c (bcb36653)] Valid locator strategies for this request: xpath, id, class name, accessibility id, css selector, -android uiautomator
[debug] [AndroidUiautomator2Driver@186c (bcb36653)] Waiting up to 10000 ms for condition
[debug] [AndroidUiautomator2Driver@186c (bcb36653)] Matched '/element' to command name 'findElement'
[debug] [AndroidUiautomator2Driver@186c (bcb36653)] Proxying [POST /element] to [POST http://127.0.0.1:8202/session/4ae94093-069d-41a0-ba97-f6ccb35f126d/element] with body: {"strategy":"id","selector":"com.androidsample.generalstore:id/nameField","context":"","multiple":false}
[debug] [AndroidUiautomator2Driver@186c (bcb36653)] Got response with status 200: {"sessionId":"4ae94093-069d-41a0-ba97-f6ccb35f126d","value":{"ELEMENT":"00000000-0000-0395-ffff-ffff00000013","element-6066-11e4-a52e-4f735466cecf":"00000000-0000-0395-ffff-ffff00000013"}}
[debug] [AndroidUiautomator2Driver@186c (bcb36653)] Responding to client with driver.findElement() result: {"element-6066-11e4-a52e-4f735466cecf":"00000000-0000-0395-ffff-ffff00000013","ELEMENT":"00000000-0000-0395-ffff-ffff00000013"}
[HTTP] <-- POST /session/bcb36653-c4ca-4285-8a38-b50763b3e7ba/element 200 527 ms - 137
[HTTP] 
[HTTP] &amp#27;[37m-->&amp#27;[39m &amp#27;[37mPOST&amp#27;[39m &amp#27;[37m/session/bcb36653-c4ca-4285-8a38-b50763b3e7ba/element/00000000-0000-0395-ffff-ffff00000013/value&amp#27;[39m
[HTTP] {"id":"00000000-0000-0395-ffff-ffff00000013","text":"shetty MR","value":["s","h","e","t","t","y"," ","M","R"]}
[debug] [AndroidUiautomator2Driver@186c (bcb36653)] Calling AppiumDriver.setValue() with args: [["s","h","e","t","t","y"," ","M","R"],"00000000-0000-0395-ffff-ffff00000013","bcb36653-c4ca-4285-8a38-b50763b3e7ba"]
[debug] [AndroidUiautomator2Driver@186c (bcb36653)] Matched '/element/00000000-0000-0395-ffff-ffff00000013/value' to command name 'setValue'
[debug] [AndroidUiautomator2Driver@186c (bcb36653)] Added 'value' property ["s","h","e","t","t","y"," ","M","R"] to 'setValue' request body
[debug] [AndroidUiautomator2Driver@186c (bcb36653)] Proxying [POST /element/00000000-0000-0395-ffff-ffff00000013/value] to [POST http://127.0.0.1:8202/session/4ae94093-069d-41a0-ba97-f6ccb35f126d/element/00000000-0000-0395-ffff-ffff00000013/value] with body: {"elementId":"00000000-0000-0395-ffff-ffff00000013","text":"shetty MR","replace":false,"value":["s","h","e","t","t","y"," ","M","R"]}
[debug] [AndroidUiautomator2Driver@186c (bcb36653)] Got response with status 200: {"sessionId":"4ae94093-069d-41a0-ba97-f6ccb35f126d","value":null}
[debug] [AndroidUiautomator2Driver@186c (bcb36653)] Responding to client with driver.setValue() result: null
[HTTP] <-- POST /session/bcb36653-c4ca-4285-8a38-b50763b3e7ba/element/00000000-0000-0395-ffff-ffff00000013/value 200 556 ms - 14
[HTTP] 
[HTTP] &amp#27;[37m-->&amp#27;[39m &amp#27;[37mPOST&amp#27;[39m &amp#27;[37m/session/bcb36653-c4ca-4285-8a38-b50763b3e7ba/appium/device/hide_keyboard&amp#27;[39m
[HTTP] {}
[debug] [AndroidUiautomator2Driver@186c (bcb36653)] Calling AppiumDriver.hideKeyboard() with args: [null,null,null,null,"bcb36653-c4ca-4285-8a38-b50763b3e7ba"]
[debug] [ADB] Running '/users/rahulshetty/Library/Android/sdk/platform-tools/adb -P 5037 -s emulator-5554 shell dumpsys input_method'
[ADB] Keyboard has no UI; no closing necessary
[debug] [AndroidUiautomator2Driver@186c (bcb36653)] Responding to client with driver.hideKeyboard() result: false
[HTTP] <-- POST /session/bcb36653-c4ca-4285-8a38-b50763b3e7ba/appium/device/hide_keyboard 200 100 ms - 15
[HTTP] 
[HTTP] &amp#27;[37m-->&amp#27;[39m &amp#27;[37mGET&amp#27;[39m &amp#27;[37m/session/bcb36653-c4ca-4285-8a38-b50763b3e7ba/context&amp#27;[39m
[HTTP] {}
[debug] [AndroidUiautomator2Driver@186c (bcb36653)] Calling AppiumDriver.getCurrentContext() with args: ["bcb36653-c4ca-4285-8a38-b50763b3e7ba"]
[debug] [AndroidUiautomator2Driver@186c (bcb36653)] Responding to client with driver.getCurrentContext() result: "NATIVE_APP"
[HTTP] <-- GET /session/bcb36653-c4ca-4285-8a38-b50763b3e7ba/context 200 1 ms - 22
[HTTP] 
[HTTP] &amp#27;[37m-->&amp#27;[39m &amp#27;[37mPOST&amp#27;[39m &amp#27;[37m/session/bcb36653-c4ca-4285-8a38-b50763b3e7ba/element&amp#27;[39m
[HTTP] {"using":"xpath","value":"//android.widget.RadioButton[@text='Male']"}
[debug] [AndroidUiautomator2Driver@186c (bcb36653)] Calling AppiumDriver.findElement() with args: ["xpath","//android.widget.RadioButton[@text='Male']","bcb36653-c4ca-4285-8a38-b50763b3e7ba"]
[debug] [AndroidUiautomator2Driver@186c (bcb36653)] Valid locator strategies for this request: xpath, id, class name, accessibility id, css selector, -android uiautomator
[debug] [AndroidUiautomator2Driver@186c (bcb36653)] Waiting up to 10000 ms for condition
[debug] [AndroidUiautomator2Driver@186c (bcb36653)] Matched '/element' to command name 'findElement'
[debug] [AndroidUiautomator2Driver@186c (bcb36653)] Proxying [POST /element] to [POST http://127.0.0.1:8202/session/4ae94093-069d-41a0-ba97-f6ccb35f126d/element] with body: {"strategy":"xpath","selector":"//android.widget.RadioButton[@text='Male']","context":"","multiple":false}
[debug] [AndroidUiautomator2Driver@186c (bcb36653)] Got response with status 200: {"sessionId":"4ae94093-069d-41a0-ba97-f6ccb35f126d","value":{"ELEMENT":"00000000-0000-0395-ffff-ffff00000016","element-6066-11e4-a52e-4f735466cecf":"00000000-0000-0395-ffff-ffff00000016"}}
[debug] [AndroidUiautomator2Driver@186c (bcb36653)] Responding to client with driver.findElement() result: {"element-6066-11e4-a52e-4f735466cecf":"00000000-0000-0395-ffff-ffff00000016","ELEMENT":"00000000-0000-0395-ffff-ffff00000016"}
[HTTP] <-- POST /session/bcb36653-c4ca-4285-8a38-b50763b3e7ba/element 200 413 ms - 137
[HTTP] 
[HTTP] &amp#27;[37m-->&amp#27;[39m &amp#27;[37mPOST&amp#27;[39m &amp#27;[37m/session/bcb36653-c4ca-4285-8a38-b50763b3e7ba/element/00000000-0000-0395-ffff-ffff00000016/click&amp#27;[39m
[HTTP] {"id":"00000000-0000-0395-ffff-ffff00000016"}
[debug] [AndroidUiautomator2Driver@186c (bcb36653)] Calling AppiumDriver.click() with args: ["00000000-0000-0395-ffff-ffff00000016","bcb36653-c4ca-4285-8a38-b50763b3e7ba"]
[debug] [AndroidUiautomator2Driver@186c (bcb36653)] Matched '/element/00000000-0000-0395-ffff-ffff00000016/click' to command name 'click'
[debug] [AndroidUiautomator2Driver@186c (bcb36653)] Proxying [POST /element/00000000-0000-0395-ffff-ffff00000016/click] to [POST http://127.0.0.1:8202/session/4ae94093-069d-41a0-ba97-f6ccb35f126d/element/00000000-0000-0395-ffff-ffff00000016/click] with body: {"element":"00000000-0000-0395-ffff-ffff00000016"}
[debug] [AndroidUiautomator2Driver@186c (bcb36653)] Got response with status 200: {"sessionId":"4ae94093-069d-41a0-ba97-f6ccb35f126d","value":null}
[debug] [AndroidUiautomator2Driver@186c (bcb36653)] Responding to client with driver.click() result: null
[HTTP] <-- POST /session/bcb36653-c4ca-4285-8a38-b50763b3e7ba/element/00000000-0000-0395-ffff-ffff00000016/click 200 42 ms - 14
[HTTP] 
[HTTP] &amp#27;[37m-->&amp#27;[39m &amp#27;[37mGET&amp#27;[39m &amp#27;[37m/session/bcb36653-c4ca-4285-8a38-b50763b3e7ba/context&amp#27;[39m
[HTTP] {}
[debug] [AndroidUiautomator2Driver@186c (bcb36653)] Calling AppiumDriver.getCurrentContext() with args: ["bcb36653-c4ca-4285-8a38-b50763b3e7ba"]
[debug] [AndroidUiautomator2Driver@186c (bcb36653)] Responding to client with driver.getCurrentContext() result: "NATIVE_APP"
[HTTP] <-- GET /session/bcb36653-c4ca-4285-8a38-b50763b3e7ba/context 200 1 ms - 22
[HTTP] 
[HTTP] &amp#27;[37m-->&amp#27;[39m &amp#27;[37mPOST&amp#27;[39m &amp#27;[37m/session/bcb36653-c4ca-4285-8a38-b50763b3e7ba/element&amp#27;[39m
[HTTP] {"using":"id","value":"android:id/text1"}
[debug] [AndroidUiautomator2Driver@186c (bcb36653)] Calling AppiumDriver.findElement() with args: ["id","android:id/text1","bcb36653-c4ca-4285-8a38-b50763b3e7ba"]
[debug] [AndroidUiautomator2Driver@186c (bcb36653)] Valid locator strategies for this request: xpath, id, class name, accessibility id, css selector, -android uiautomator
[debug] [AndroidUiautomator2Driver@186c (bcb36653)] Waiting up to 10000 ms for condition
[debug] [AndroidUiautomator2Driver@186c (bcb36653)] Matched '/element' to command name 'findElement'
[debug] [AndroidUiautomator2Driver@186c (bcb36653)] Proxying [POST /element] to [POST http://127.0.0.1:8202/session/4ae94093-069d-41a0-ba97-f6ccb35f126d/element] with body: {"strategy":"id","selector":"android:id/text1","context":"","multiple":false}
[debug] [AndroidUiautomator2Driver@186c (bcb36653)] Got response with status 200: {"sessionId":"4ae94093-069d-41a0-ba97-f6ccb35f126d","value":{"ELEMENT":"00000000-0000-0395-ffff-ffff0000001b","element-6066-11e4-a52e-4f735466cecf":"00000000-0000-0395-ffff-ffff0000001b"}}
[debug] [AndroidUiautomator2Driver@186c (bcb36653)] Responding to client with driver.findElement() result: {"element-6066-11e4-a52e-4f735466cecf":"00000000-0000-0395-ffff-ffff0000001b","ELEMENT":"00000000-0000-0395-ffff-ffff0000001b"}
[HTTP] <-- POST /session/bcb36653-c4ca-4285-8a38-b50763b3e7ba/element 200 494 ms - 137
[HTTP] 
[HTTP] &amp#27;[37m-->&amp#27;[39m &amp#27;[37mPOST&amp#27;[39m &amp#27;[37m/session/bcb36653-c4ca-4285-8a38-b50763b3e7ba/element/00000000-0000-0395-ffff-ffff0000001b/click&amp#27;[39m
[HTTP] {"id":"00000000-0000-0395-ffff-ffff0000001b"}
[debug] [AndroidUiautomator2Driver@186c (bcb36653)] Calling AppiumDriver.click() with args: ["00000000-0000-0395-ffff-ffff0000001b","bcb36653-c4ca-4285-8a38-b50763b3e7ba"]
[debug] [AndroidUiautomator2Driver@186c (bcb36653)] Matched '/element/00000000-0000-0395-ffff-ffff0000001b/click' to command name 'click'
[debug] [AndroidUiautomator2Driver@186c (bcb36653)] Proxying [POST /element/00000000-0000-0395-ffff-ffff0000001b/click] to [POST http://127.0.0.1:8202/session/4ae94093-069d-41a0-ba97-f6ccb35f126d/element/00000000-0000-0395-ffff-ffff0000001b/click] with body: {"element":"00000000-0000-0395-ffff-ffff0000001b"}
[debug] [AndroidUiautomator2Driver@186c (bcb36653)] Got response with status 200: {"sessionId":"4ae94093-069d-41a0-ba97-f6ccb35f126d","value":null}
[debug] [AndroidUiautomator2Driver@186c (bcb36653)] Responding to client with driver.click() result: null
[HTTP] <-- POST /session/bcb36653-c4ca-4285-8a38-b50763b3e7ba/element/00000000-0000-0395-ffff-ffff0000001b/click 200 64 ms - 14
[HTTP] 
[HTTP] &amp#27;[37m-->&amp#27;[39m &amp#27;[37mPOST&amp#27;[39m &amp#27;[37m/session/bcb36653-c4ca-4285-8a38-b50763b3e7ba/element&amp#27;[39m
[HTTP] {"using":"-android uiautomator","value":"new UiScrollable(new UiSelector()).scrollIntoView(text(\"Argentina\"));"}
[debug] [AndroidUiautomator2Driver@186c (bcb36653)] Calling AppiumDriver.findElement() with args: ["-android uiautomator","new UiScrollable(new UiSelector()).scrollIntoView(text(\"Argentina\"));","bcb36653-c4ca-4285-8a38-b50763b3e7ba"]
[debug] [AndroidUiautomator2Driver@186c (bcb36653)] Valid locator strategies for this request: xpath, id, class name, accessibility id, css selector, -android uiautomator
[debug] [AndroidUiautomator2Driver@186c (bcb36653)] Waiting up to 10000 ms for condition
[debug] [AndroidUiautomator2Driver@186c (bcb36653)] Matched '/element' to command name 'findElement'
[debug] [AndroidUiautomator2Driver@186c (bcb36653)] Proxying [POST /element] to [POST http://127.0.0.1:8202/session/4ae94093-069d-41a0-ba97-f6ccb35f126d/element] with body: {"strategy":"-android uiautomator","selector":"new UiScrollable(new UiSelector()).scrollIntoView(text(\"Argentina\"));","context":"","multiple":false}
[debug] [AndroidUiautomator2Driver@186c (bcb36653)] Got response with status 200: {"sessionId":"4ae94093-069d-41a0-ba97-f6ccb35f126d","value":{"ELEMENT":"00000000-0000-0396-ffff-ffff00000029","element-6066-11e4-a52e-4f735466cecf":"00000000-0000-0396-ffff-ffff00000029"}}
[debug] [AndroidUiautomator2Driver@186c (bcb36653)] Responding to client with driver.findElement() result: {"element-6066-11e4-a52e-4f735466cecf":"00000000-0000-0396-ffff-ffff00000029","ELEMENT":"00000000-0000-0396-ffff-ffff00000029"}
[HTTP] <-- POST /session/bcb36653-c4ca-4285-8a38-b50763b3e7ba/element 200 850 ms - 137
[HTTP] 
[HTTP] &amp#27;[37m-->&amp#27;[39m &amp#27;[37mPOST&amp#27;[39m &amp#27;[37m/session/bcb36653-c4ca-4285-8a38-b50763b3e7ba/element&amp#27;[39m
[HTTP] {"using":"xpath","value":"//android.widget.TextView[@text='Argentina']"}
[debug] [AndroidUiautomator2Driver@186c (bcb36653)] Calling AppiumDriver.findElement() with args: ["xpath","//android.widget.TextView[@text='Argentina']","bcb36653-c4ca-4285-8a38-b50763b3e7ba"]
[debug] [AndroidUiautomator2Driver@186c (bcb36653)] Valid locator strategies for this request: xpath, id, class name, accessibility id, css selector, -android uiautomator
[debug] [AndroidUiautomator2Driver@186c (bcb36653)] Waiting up to 10000 ms for condition
[debug] [AndroidUiautomator2Driver@186c (bcb36653)] Matched '/element' to command name 'findElement'
[debug] [AndroidUiautomator2Driver@186c (bcb36653)] Proxying [POST /element] to [POST http://127.0.0.1:8202/session/4ae94093-069d-41a0-ba97-f6ccb35f126d/element] with body: {"strategy":"xpath","selector":"//android.widget.TextView[@text='Argentina']","context":"","multiple":false}
[debug] [AndroidUiautomator2Driver@186c (bcb36653)] Got response with status 200: {"sessionId":"4ae94093-069d-41a0-ba97-f6ccb35f126d","value":{"ELEMENT":"00000000-0000-0396-ffff-ffff00000029","element-6066-11e4-a52e-4f735466cecf":"00000000-0000-0396-ffff-ffff00000029"}}
[debug] [AndroidUiautomator2Driver@186c (bcb36653)] Responding to client with driver.findElement() result: {"element-6066-11e4-a52e-4f735466cecf":"00000000-0000-0396-ffff-ffff00000029","ELEMENT":"00000000-0000-0396-ffff-ffff00000029"}
[HTTP] <-- POST /session/bcb36653-c4ca-4285-8a38-b50763b3e7ba/element 200 31 ms - 137
[HTTP] 
[HTTP] &amp#27;[37m-->&amp#27;[39m &amp#27;[37mPOST&amp#27;[39m &amp#27;[37m/session/bcb36653-c4ca-4285-8a38-b50763b3e7ba/element/00000000-0000-0396-ffff-ffff00000029/click&amp#27;[39m
[HTTP] {"id":"00000000-0000-0396-ffff-ffff00000029"}
[debug] [AndroidUiautomator2Driver@186c (bcb36653)] Calling AppiumDriver.click() with args: ["00000000-0000-0396-ffff-ffff00000029","bcb36653-c4ca-4285-8a38-b50763b3e7ba"]
[debug] [AndroidUiautomator2Driver@186c (bcb36653)] Matched '/element/00000000-0000-0396-ffff-ffff00000029/click' to command name 'click'
[debug] [AndroidUiautomator2Driver@186c (bcb36653)] Proxying [POST /element/00000000-0000-0396-ffff-ffff00000029/click] to [POST http://127.0.0.1:8202/session/4ae94093-069d-41a0-ba97-f6ccb35f126d/element/00000000-0000-0396-ffff-ffff00000029/click] with body: {"element":"00000000-0000-0396-ffff-ffff00000029"}
[debug] [AndroidUiautomator2Driver@186c (bcb36653)] Got response with status 200: {"sessionId":"4ae94093-069d-41a0-ba97-f6ccb35f126d","value":null}
[debug] [AndroidUiautomator2Driver@186c (bcb36653)] Responding to client with driver.click() result: null
[HTTP] <-- POST /session/bcb36653-c4ca-4285-8a38-b50763b3e7ba/element/00000000-0000-0396-ffff-ffff00000029/click 200 654 ms - 14
[HTTP] 
[HTTP] &amp#27;[37m-->&amp#27;[39m &amp#27;[37mGET&amp#27;[39m &amp#27;[37m/session/bcb36653-c4ca-4285-8a38-b50763b3e7ba/context&amp#27;[39m
[HTTP] {}
[debug] [AndroidUiautomator2Driver@186c (bcb36653)] Calling AppiumDriver.getCurrentContext() with args: ["bcb36653-c4ca-4285-8a38-b50763b3e7ba"]
[debug] [AndroidUiautomator2Driver@186c (bcb36653)] Responding to client with driver.getCurrentContext() result: "NATIVE_APP"
[HTTP] <-- GET /session/bcb36653-c4ca-4285-8a38-b50763b3e7ba/context 200 2 ms - 22
[HTTP] 
[HTTP] &amp#27;[37m-->&amp#27;[39m &amp#27;[37mPOST&amp#27;[39m &amp#27;[37m/session/bcb36653-c4ca-4285-8a38-b50763b3e7ba/element&amp#27;[39m
[HTTP] {"using":"id","value":"com.androidsample.generalstore:id/btnLetsShop"}
[debug] [AndroidUiautomator2Driver@186c (bcb36653)] Calling AppiumDriver.findElement() with args: ["id","com.androidsample.generalstore:id/btnLetsShop","bcb36653-c4ca-4285-8a38-b50763b3e7ba"]
[debug] [AndroidUiautomator2Driver@186c (bcb36653)] Valid locator strategies for this request: xpath, id, class name, accessibility id, css selector, -android uiautomator
[debug] [AndroidUiautomator2Driver@186c (bcb36653)] Waiting up to 10000 ms for condition
[debug] [AndroidUiautomator2Driver@186c (bcb36653)] Matched '/element' to command name 'findElement'
[debug] [AndroidUiautomator2Driver@186c (bcb36653)] Proxying [POST /element] to [POST http://127.0.0.1:8202/session/4ae94093-069d-41a0-ba97-f6ccb35f126d/element] with body: {"strategy":"id","selector":"com.androidsample.generalstore:id/btnLetsShop","context":"","multiple":false}
[debug] [AndroidUiautomator2Driver@186c (bcb36653)] Got response with status 200: {"sessionId":"4ae94093-069d-41a0-ba97-f6ccb35f126d","value":{"ELEMENT":"00000000-0000-0395-ffff-ffff00000018","element-6066-11e4-a52e-4f735466cecf":"00000000-0000-0395-ffff-ffff00000018"}}
[debug] [AndroidUiautomator2Driver@186c (bcb36653)] Responding to client with driver.findElement() result: {"element-6066-11e4-a52e-4f735466cecf":"00000000-0000-0395-ffff-ffff00000018","ELEMENT":"00000000-0000-0395-ffff-ffff00000018"}
[HTTP] <-- POST /session/bcb36653-c4ca-4285-8a38-b50763b3e7ba/element 200 15 ms - 137
[HTTP] 
[HTTP] &amp#27;[37m-->&amp#27;[39m &amp#27;[37mPOST&amp#27;[39m &amp#27;[37m/session/bcb36653-c4ca-4285-8a38-b50763b3e7ba/element/00000000-0000-0395-ffff-ffff00000018/click&amp#27;[39m
[HTTP] {"id":"00000000-0000-0395-ffff-ffff00000018"}
[debug] [AndroidUiautomator2Driver@186c (bcb36653)] Calling AppiumDriver.click() with args: ["00000000-0000-0395-ffff-ffff00000018","bcb36653-c4ca-4285-8a38-b50763b3e7ba"]
[debug] [AndroidUiautomator2Driver@186c (bcb36653)] Matched '/element/00000000-0000-0395-ffff-ffff00000018/click' to command name 'click'
[debug] [AndroidUiautomator2Driver@186c (bcb36653)] Proxying [POST /element/00000000-0000-0395-ffff-ffff00000018/click] to [POST http://127.0.0.1:8202/session/4ae94093-069d-41a0-ba97-f6ccb35f126d/element/00000000-0000-0395-ffff-ffff00000018/click] with body: {"element":"00000000-0000-0395-ffff-ffff00000018"}
[debug] [AndroidUiautomator2Driver@186c (bcb36653)] Got response with status 200: {"sessionId":"4ae94093-069d-41a0-ba97-f6ccb35f126d","value":null}
[debug] [AndroidUiautomator2Driver@186c (bcb36653)] Responding to client with driver.click() result: null
[HTTP] <-- POST /session/bcb36653-c4ca-4285-8a38-b50763b3e7ba/element/00000000-0000-0395-ffff-ffff00000018/click 200 64 ms - 14
[HTTP] 
[HTTP] &amp#27;[37m-->&amp#27;[39m &amp#27;[37mGET&amp#27;[39m &amp#27;[37m/session/bcb36653-c4ca-4285-8a38-b50763b3e7ba/context&amp#27;[39m
[HTTP] {}
[debug] [AndroidUiautomator2Driver@186c (bcb36653)] Calling AppiumDriver.getCurrentContext() with args: ["bcb36653-c4ca-4285-8a38-b50763b3e7ba"]
[debug] [AndroidUiautomator2Driver@186c (bcb36653)] Responding to client with driver.getCurrentContext() result: "NATIVE_APP"
[HTTP] <-- GET /session/bcb36653-c4ca-4285-8a38-b50763b3e7ba/context 200 1 ms - 22
[HTTP] 
[HTTP] &amp#27;[37m-->&amp#27;[39m &amp#27;[37mPOST&amp#27;[39m &amp#27;[37m/session/bcb36653-c4ca-4285-8a38-b50763b3e7ba/elements&amp#27;[39m
[HTTP] {"using":"xpath","value":"//android.widget.TextView[@text='ADD TO CART']"}
[debug] [AndroidUiautomator2Driver@186c (bcb36653)] Calling AppiumDriver.findElements() with args: ["xpath","//android.widget.TextView[@text='ADD TO CART']","bcb36653-c4ca-4285-8a38-b50763b3e7ba"]
[debug] [AndroidUiautomator2Driver@186c (bcb36653)] Valid locator strategies for this request: xpath, id, class name, accessibility id, css selector, -android uiautomator
[debug] [AndroidUiautomator2Driver@186c (bcb36653)] Waiting up to 10000 ms for condition
[debug] [AndroidUiautomator2Driver@186c (bcb36653)] Matched '/elements' to command name 'findElements'
[debug] [AndroidUiautomator2Driver@186c (bcb36653)] Proxying [POST /elements] to [POST http://127.0.0.1:8202/session/4ae94093-069d-41a0-ba97-f6ccb35f126d/elements] with body: {"strategy":"xpath","selector":"//android.widget.TextView[@text='ADD TO CART']","context":"","multiple":true}
[debug] [AndroidUiautomator2Driver@186c (bcb36653)] Got response with status 200: {"sessionId":"4ae94093-069d-41a0-ba97-f6ccb35f126d","value":[{"ELEMENT":"00000000-0000-0397-ffff-ffff00000048","element-6066-11e4-a52e-4f735466cecf":"00000000-0000-0397-ffff-ffff00000048"},{"ELEMENT":"00000000-0000-0397-ffff-ffff00000050","element-6066-11e4-a52e-4f735466cecf":"00000000-0000-0397-ffff-ffff00000050"}]}
[debug] [AndroidUiautomator2Driver@186c (bcb36653)] Responding to client with driver.findElements() result: [{"element-6066-11e4-a52e-4f735466cecf":"00000000-0000-0397-ffff-ffff00000048","ELEMENT":"00000000-0000-0397-ffff-ffff00000048"},{"element-6066-11e4-a52e-4f735466cecf":"00000000-0000-0397-ffff-ffff00000050","ELEMENT":"00000000-0000-0397-ffff-ffff00000050"}]
[HTTP] <-- POST /session/bcb36653-c4ca-4285-8a38-b50763b3e7ba/elements 200 683 ms - 267
[HTTP] 
[HTTP] &amp#27;[37m-->&amp#27;[39m &amp#27;[37mPOST&amp#27;[39m &amp#27;[37m/session/bcb36653-c4ca-4285-8a38-b50763b3e7ba/element/00000000-0000-0397-ffff-ffff00000048/click&amp#27;[39m
[HTTP] {"id":"00000000-0000-0397-ffff-ffff00000048"}
[debug] [AndroidUiautomator2Driver@186c (bcb36653)] Calling AppiumDriver.click() with args: ["00000000-0000-0397-ffff-ffff00000048","bcb36653-c4ca-4285-8a38-b50763b3e7ba"]
[debug] [AndroidUiautomator2Driver@186c (bcb36653)] Matched '/element/00000000-0000-0397-ffff-ffff00000048/click' to command name 'click'
[debug] [AndroidUiautomator2Driver@186c (bcb36653)] Proxying [POST /element/00000000-0000-0397-ffff-ffff00000048/click] to [POST http://127.0.0.1:8202/session/4ae94093-069d-41a0-ba97-f6ccb35f126d/element/00000000-0000-0397-ffff-ffff00000048/click] with body: {"element":"00000000-0000-0397-ffff-ffff00000048"}
[debug] [AndroidUiautomator2Driver@186c (bcb36653)] Got response with status 200: {"sessionId":"4ae94093-069d-41a0-ba97-f6ccb35f126d","value":null}
[debug] [AndroidUiautomator2Driver@186c (bcb36653)] Responding to client with driver.click() result: null
[HTTP] <-- POST /session/bcb36653-c4ca-4285-8a38-b50763b3e7ba/element/00000000-0000-0397-ffff-ffff00000048/click 200 547 ms - 14
[HTTP] 
[HTTP] &amp#27;[37m-->&amp#27;[39m &amp#27;[37mGET&amp#27;[39m &amp#27;[37m/session/bcb36653-c4ca-4285-8a38-b50763b3e7ba/context&amp#27;[39m
[HTTP] {}
[debug] [AndroidUiautomator2Driver@186c (bcb36653)] Calling AppiumDriver.getCurrentContext() with args: ["bcb36653-c4ca-4285-8a38-b50763b3e7ba"]
[debug] [AndroidUiautomator2Driver@186c (bcb36653)] Responding to client with driver.getCurrentContext() result: "NATIVE_APP"
[HTTP] <-- GET /session/bcb36653-c4ca-4285-8a38-b50763b3e7ba/context 200 1 ms - 22
[HTTP] 
[HTTP] &amp#27;[37m-->&amp#27;[39m &amp#27;[37mPOST&amp#27;[39m &amp#27;[37m/session/bcb36653-c4ca-4285-8a38-b50763b3e7ba/elements&amp#27;[39m
[HTTP] {"using":"xpath","value":"//android.widget.TextView[@text='ADD TO CART']"}
[debug] [AndroidUiautomator2Driver@186c (bcb36653)] Calling AppiumDriver.findElements() with args: ["xpath","//android.widget.TextView[@text='ADD TO CART']","bcb36653-c4ca-4285-8a38-b50763b3e7ba"]
[debug] [AndroidUiautomator2Driver@186c (bcb36653)] Valid locator strategies for this request: xpath, id, class name, accessibility id, css selector, -android uiautomator
[debug] [AndroidUiautomator2Driver@186c (bcb36653)] Waiting up to 10000 ms for condition
[debug] [AndroidUiautomator2Driver@186c (bcb36653)] Matched '/elements' to command name 'findElements'
[debug] [AndroidUiautomator2Driver@186c (bcb36653)] Proxying [POST /elements] to [POST http://127.0.0.1:8202/session/4ae94093-069d-41a0-ba97-f6ccb35f126d/elements] with body: {"strategy":"xpath","selector":"//android.widget.TextView[@text='ADD TO CART']","context":"","multiple":true}
[debug] [AndroidUiautomator2Driver@186c (bcb36653)] Got response with status 200: {"sessionId":"4ae94093-069d-41a0-ba97-f6ccb35f126d","value":[{"ELEMENT":"00000000-0000-0397-ffff-ffff00000050","element-6066-11e4-a52e-4f735466cecf":"00000000-0000-0397-ffff-ffff00000050"}]}
[debug] [AndroidUiautomator2Driver@186c (bcb36653)] Responding to client with driver.findElements() result: [{"element-6066-11e4-a52e-4f735466cecf":"00000000-0000-0397-ffff-ffff00000050","ELEMENT":"00000000-0000-0397-ffff-ffff00000050"}]
[HTTP] <-- POST /session/bcb36653-c4ca-4285-8a38-b50763b3e7ba/elements 200 52 ms - 139
[HTTP] 
[HTTP] &amp#27;[37m-->&amp#27;[39m &amp#27;[37mPOST&amp#27;[39m &amp#27;[37m/session/bcb36653-c4ca-4285-8a38-b50763b3e7ba/element/00000000-0000-0397-ffff-ffff00000050/click&amp#27;[39m
[HTTP] {"id":"00000000-0000-0397-ffff-ffff00000050"}
[debug] [AndroidUiautomator2Driver@186c (bcb36653)] Calling AppiumDriver.click() with args: ["00000000-0000-0397-ffff-ffff00000050","bcb36653-c4ca-4285-8a38-b50763b3e7ba"]
[debug] [AndroidUiautomator2Driver@186c (bcb36653)] Matched '/element/00000000-0000-0397-ffff-ffff00000050/click' to command name 'click'
[debug] [AndroidUiautomator2Driver@186c (bcb36653)] Proxying [POST /element/00000000-0000-0397-ffff-ffff00000050/click] to [POST http://127.0.0.1:8202/session/4ae94093-069d-41a0-ba97-f6ccb35f126d/element/00000000-0000-0397-ffff-ffff00000050/click] with body: {"element":"00000000-0000-0397-ffff-ffff00000050"}
[debug] [AndroidUiautomator2Driver@186c (bcb36653)] Got response with status 200: {"sessionId":"4ae94093-069d-41a0-ba97-f6ccb35f126d","value":null}
[debug] [AndroidUiautomator2Driver@186c (bcb36653)] Responding to client with driver.click() result: null
[HTTP] <-- POST /session/bcb36653-c4ca-4285-8a38-b50763b3e7ba/element/00000000-0000-0397-ffff-ffff00000050/click 200 43 ms - 14
[HTTP] 
[HTTP] &amp#27;[37m-->&amp#27;[39m &amp#27;[37mGET&amp#27;[39m &amp#27;[37m/session/bcb36653-c4ca-4285-8a38-b50763b3e7ba/context&amp#27;[39m
[HTTP] {}
[debug] [AndroidUiautomator2Driver@186c (bcb36653)] Calling AppiumDriver.getCurrentContext() with args: ["bcb36653-c4ca-4285-8a38-b50763b3e7ba"]
[debug] [AndroidUiautomator2Driver@186c (bcb36653)] Responding to client with driver.getCurrentContext() result: "NATIVE_APP"
[HTTP] <-- GET /session/bcb36653-c4ca-4285-8a38-b50763b3e7ba/context 200 1 ms - 22
[HTTP] 
[HTTP] &amp#27;[37m-->&amp#27;[39m &amp#27;[37mPOST&amp#27;[39m &amp#27;[37m/session/bcb36653-c4ca-4285-8a38-b50763b3e7ba/element&amp#27;[39m
[HTTP] {"using":"id","value":"com.androidsample.generalstore:id/appbar_btn_cart"}
[debug] [AndroidUiautomator2Driver@186c (bcb36653)] Calling AppiumDriver.findElement() with args: ["id","com.androidsample.generalstore:id/appbar_btn_cart","bcb36653-c4ca-4285-8a38-b50763b3e7ba"]
[debug] [AndroidUiautomator2Driver@186c (bcb36653)] Valid locator strategies for this request: xpath, id, class name, accessibility id, css selector, -android uiautomator
[debug] [AndroidUiautomator2Driver@186c (bcb36653)] Waiting up to 10000 ms for condition
[debug] [AndroidUiautomator2Driver@186c (bcb36653)] Matched '/element' to command name 'findElement'
[debug] [AndroidUiautomator2Driver@186c (bcb36653)] Proxying [POST /element] to [POST http://127.0.0.1:8202/session/4ae94093-069d-41a0-ba97-f6ccb35f126d/element] with body: {"strategy":"id","selector":"com.androidsample.generalstore:id/appbar_btn_cart","context":"","multiple":false}
[debug] [AndroidUiautomator2Driver@186c (bcb36653)] Got response with status 200: {"sessionId":"4ae94093-069d-41a0-ba97-f6ccb35f126d","value":{"ELEMENT":"00000000-0000-0397-ffff-ffff0000003b","element-6066-11e4-a52e-4f735466cecf":"00000000-0000-0397-ffff-ffff0000003b"}}
[debug] [AndroidUiautomator2Driver@186c (bcb36653)] Responding to client with driver.findElement() result: {"element-6066-11e4-a52e-4f735466cecf":"00000000-0000-0397-ffff-ffff0000003b","ELEMENT":"00000000-0000-0397-ffff-ffff0000003b"}
[HTTP] <-- POST /session/bcb36653-c4ca-4285-8a38-b50763b3e7ba/element 200 495 ms - 137
[HTTP] 
[HTTP] &amp#27;[37m-->&amp#27;[39m &amp#27;[37mPOST&amp#27;[39m &amp#27;[37m/session/bcb36653-c4ca-4285-8a38-b50763b3e7ba/element/00000000-0000-0397-ffff-ffff0000003b/click&amp#27;[39m
[HTTP] {"id":"00000000-0000-0397-ffff-ffff0000003b"}
[debug] [AndroidUiautomator2Driver@186c (bcb36653)] Calling AppiumDriver.click() with args: ["00000000-0000-0397-ffff-ffff0000003b","bcb36653-c4ca-4285-8a38-b50763b3e7ba"]
[debug] [AndroidUiautomator2Driver@186c (bcb36653)] Matched '/element/00000000-0000-0397-ffff-ffff0000003b/click' to command name 'click'
[debug] [AndroidUiautomator2Driver@186c (bcb36653)] Proxying [POST /element/00000000-0000-0397-ffff-ffff0000003b/click] to [POST http://127.0.0.1:8202/session/4ae94093-069d-41a0-ba97-f6ccb35f126d/element/00000000-0000-0397-ffff-ffff0000003b/click] with body: {"element":"00000000-0000-0397-ffff-ffff0000003b"}
[debug] [AndroidUiautomator2Driver@186c (bcb36653)] Got response with status 200: {"sessionId":"4ae94093-069d-41a0-ba97-f6ccb35f126d","value":null}
[debug] [AndroidUiautomator2Driver@186c (bcb36653)] Responding to client with driver.click() result: null
[HTTP] <-- POST /session/bcb36653-c4ca-4285-8a38-b50763b3e7ba/element/00000000-0000-0397-ffff-ffff0000003b/click 200 703 ms - 14
[HTTP] 
[HTTP] &amp#27;[37m-->&amp#27;[39m &amp#27;[37mGET&amp#27;[39m &amp#27;[37m/session/bcb36653-c4ca-4285-8a38-b50763b3e7ba/context&amp#27;[39m
[HTTP] {}
[debug] [AndroidUiautomator2Driver@186c (bcb36653)] Calling AppiumDriver.getCurrentContext() with args: ["bcb36653-c4ca-4285-8a38-b50763b3e7ba"]
[debug] [AndroidUiautomator2Driver@186c (bcb36653)] Responding to client with driver.getCurrentContext() result: "NATIVE_APP"
[HTTP] <-- GET /session/bcb36653-c4ca-4285-8a38-b50763b3e7ba/context 200 2 ms - 22
[HTTP] 
[HTTP] &amp#27;[37m-->&amp#27;[39m &amp#27;[37mPOST&amp#27;[39m &amp#27;[37m/session/bcb36653-c4ca-4285-8a38-b50763b3e7ba/elements&amp#27;[39m
[HTTP] {"using":"id","value":"com.androidsample.generalstore:id/productPrice"}
[debug] [AndroidUiautomator2Driver@186c (bcb36653)] Calling AppiumDriver.findElements() with args: ["id","com.androidsample.generalstore:id/productPrice","bcb36653-c4ca-4285-8a38-b50763b3e7ba"]
[debug] [AndroidUiautomator2Driver@186c (bcb36653)] Valid locator strategies for this request: xpath, id, class name, accessibility id, css selector, -android uiautomator
[debug] [AndroidUiautomator2Driver@186c (bcb36653)] Waiting up to 10000 ms for condition
[debug] [AndroidUiautomator2Driver@186c (bcb36653)] Matched '/elements' to command name 'findElements'
[debug] [AndroidUiautomator2Driver@186c (bcb36653)] Proxying [POST /elements] to [POST http://127.0.0.1:8202/session/4ae94093-069d-41a0-ba97-f6ccb35f126d/elements] with body: {"strategy":"id","selector":"com.androidsample.generalstore:id/productPrice","context":"","multiple":true}
[debug] [AndroidUiautomator2Driver@186c (bcb36653)] Got response with status 200: {"sessionId":"4ae94093-069d-41a0-ba97-f6ccb35f126d","value":[{"ELEMENT":"00000000-0000-0398-ffff-ffff0000007d","element-6066-11e4-a52e-4f735466cecf":"00000000-0000-0398-ffff-ffff0000007d"},{"ELEMENT":"00000000-0000-0398-ffff-ffff00000085","element-6066-11e4-a52e-4f735466cecf":"00000000-0000-0398-ffff-ffff00000085"}]}
[debug] [AndroidUiautomator2Driver@186c (bcb36653)] Responding to client with driver.findElements() result: [{"element-6066-11e4-a52e-4f735466cecf":"00000000-0000-0398-ffff-ffff0000007d","ELEMENT":"00000000-0000-0398-ffff-ffff0000007d"},{"element-6066-11e4-a52e-4f735466cecf":"00000000-0000-0398-ffff-ffff00000085","ELEMENT":"00000000-0000-0398-ffff-ffff00000085"}]
[HTTP] <-- POST /session/bcb36653-c4ca-4285-8a38-b50763b3e7ba/elements 200 37 ms - 267
[HTTP] 
[HTTP] &amp#27;[37m-->&amp#27;[39m &amp#27;[37mGET&amp#27;[39m &amp#27;[37m/session/bcb36653-c4ca-4285-8a38-b50763b3e7ba/context&amp#27;[39m
[HTTP] {}
[debug] [AndroidUiautomator2Driver@186c (bcb36653)] Calling AppiumDriver.getCurrentContext() with args: ["bcb36653-c4ca-4285-8a38-b50763b3e7ba"]
[debug] [AndroidUiautomator2Driver@186c (bcb36653)] Responding to client with driver.getCurrentContext() result: "NATIVE_APP"
[HTTP] <-- GET /session/bcb36653-c4ca-4285-8a38-b50763b3e7ba/context 200 1 ms - 22
[HTTP] 
[HTTP] &amp#27;[37m-->&amp#27;[39m &amp#27;[37mPOST&amp#27;[39m &amp#27;[37m/session/bcb36653-c4ca-4285-8a38-b50763b3e7ba/elements&amp#27;[39m
[HTTP] {"using":"id","value":"com.androidsample.generalstore:id/productPrice"}
[debug] [AndroidUiautomator2Driver@186c (bcb36653)] Calling AppiumDriver.findElements() with args: ["id","com.androidsample.generalstore:id/productPrice","bcb36653-c4ca-4285-8a38-b50763b3e7ba"]
[debug] [AndroidUiautomator2Driver@186c (bcb36653)] Valid locator strategies for this request: xpath, id, class name, accessibility id, css selector, -android uiautomator
[debug] [AndroidUiautomator2Driver@186c (bcb36653)] Waiting up to 10000 ms for condition
[debug] [AndroidUiautomator2Driver@186c (bcb36653)] Matched '/elements' to command name 'findElements'
[debug] [AndroidUiautomator2Driver@186c (bcb36653)] Proxying [POST /elements] to [POST http://127.0.0.1:8202/session/4ae94093-069d-41a0-ba97-f6ccb35f126d/elements] with body: {"strategy":"id","selector":"com.androidsample.generalstore:id/productPrice","context":"","multiple":true}
[debug] [AndroidUiautomator2Driver@186c (bcb36653)] Got response with status 200: {"sessionId":"4ae94093-069d-41a0-ba97-f6ccb35f126d","value":[{"ELEMENT":"00000000-0000-0398-ffff-ffff0000007d","element-6066-11e4-a52e-4f735466cecf":"00000000-0000-0398-ffff-ffff0000007d"},{"ELEMENT":"00000000-0000-0398-ffff-ffff00000085","element-6066-11e4-a52e-4f735466cecf":"00000000-0000-0398-ffff-ffff00000085"}]}
[debug] [AndroidUiautomator2Driver@186c (bcb36653)] Responding to client with driver.findElements() result: [{"element-6066-11e4-a52e-4f735466cecf":"00000000-0000-0398-ffff-ffff0000007d","ELEMENT":"00000000-0000-0398-ffff-ffff0000007d"},{"element-6066-11e4-a52e-4f735466cecf":"00000000-0000-0398-ffff-ffff00000085","ELEMENT":"00000000-0000-0398-ffff-ffff00000085"}]
[HTTP] <-- POST /session/bcb36653-c4ca-4285-8a38-b50763b3e7ba/elements 200 19 ms - 267
[HTTP] 
[HTTP] &amp#27;[37m-->&amp#27;[39m &amp#27;[37mGET&amp#27;[39m &amp#27;[37m/session/bcb36653-c4ca-4285-8a38-b50763b3e7ba/element/00000000-0000-0398-ffff-ffff0000007d/text&amp#27;[39m
[HTTP] {}
[AndroidUiautomator2Driver@186c (bcb36653)] Driver proxy active, passing request on via HTTP proxy
[debug] [AndroidUiautomator2Driver@186c (bcb36653)] Matched '/session/bcb36653-c4ca-4285-8a38-b50763b3e7ba/element/00000000-0000-0398-ffff-ffff0000007d/text' to command name 'getText'
[debug] [AndroidUiautomator2Driver@186c (bcb36653)] Proxying [GET /session/bcb36653-c4ca-4285-8a38-b50763b3e7ba/element/00000000-0000-0398-ffff-ffff0000007d/text] to [GET http://127.0.0.1:8202/session/4ae94093-069d-41a0-ba97-f6ccb35f126d/element/00000000-0000-0398-ffff-ffff0000007d/text] with no body
[debug] [AndroidUiautomator2Driver@186c (bcb36653)] Got response with status 200: {"sessionId":"4ae94093-069d-41a0-ba97-f6ccb35f126d","value":"$160.97"}
[AndroidUiautomator2Driver@186c (bcb36653)] Replacing sessionId 4ae94093-069d-41a0-ba97-f6ccb35f126d with bcb36653-c4ca-4285-8a38-b50763b3e7ba
[HTTP] <-- GET /session/bcb36653-c4ca-4285-8a38-b50763b3e7ba/element/00000000-0000-0398-ffff-ffff0000007d/text 200 7 ms - 70
[HTTP] 
[HTTP] &amp#27;[37m-->&amp#27;[39m &amp#27;[37mGET&amp#27;[39m &amp#27;[37m/session/bcb36653-c4ca-4285-8a38-b50763b3e7ba/context&amp#27;[39m
[HTTP] {}
[debug] [AndroidUiautomator2Driver@186c (bcb36653)] Calling AppiumDriver.getCurrentContext() with args: ["bcb36653-c4ca-4285-8a38-b50763b3e7ba"]
[debug] [AndroidUiautomator2Driver@186c (bcb36653)] Responding to client with driver.getCurrentContext() result: "NATIVE_APP"
[HTTP] <-- GET /session/bcb36653-c4ca-4285-8a38-b50763b3e7ba/context 200 1 ms - 22
[HTTP] 
[HTTP] &amp#27;[37m-->&amp#27;[39m &amp#27;[37mPOST&amp#27;[39m &amp#27;[37m/session/bcb36653-c4ca-4285-8a38-b50763b3e7ba/elements&amp#27;[39m
[HTTP] {"using":"id","value":"com.androidsample.generalstore:id/productPrice"}
[debug] [AndroidUiautomator2Driver@186c (bcb36653)] Calling AppiumDriver.findElements() with args: ["id","com.androidsample.generalstore:id/productPrice","bcb36653-c4ca-4285-8a38-b50763b3e7ba"]
[debug] [AndroidUiautomator2Driver@186c (bcb36653)] Valid locator strategies for this request: xpath, id, class name, accessibility id, css selector, -android uiautomator
[debug] [AndroidUiautomator2Driver@186c (bcb36653)] Waiting up to 10000 ms for condition
[debug] [AndroidUiautomator2Driver@186c (bcb36653)] Matched '/elements' to command name 'findElements'
[debug] [AndroidUiautomator2Driver@186c (bcb36653)] Proxying [POST /elements] to [POST http://127.0.0.1:8202/session/4ae94093-069d-41a0-ba97-f6ccb35f126d/elements] with body: {"strategy":"id","selector":"com.androidsample.generalstore:id/productPrice","context":"","multiple":true}
[debug] [AndroidUiautomator2Driver@186c (bcb36653)] Got response with status 200: {"sessionId":"4ae94093-069d-41a0-ba97-f6ccb35f126d","value":[{"ELEMENT":"00000000-0000-0398-ffff-ffff0000007d","element-6066-11e4-a52e-4f735466cecf":"00000000-0000-0398-ffff-ffff0000007d"},{"ELEMENT":"00000000-0000-0398-ffff-ffff00000085","element-6066-11e4-a52e-4f735466cecf":"00000000-0000-0398-ffff-ffff00000085"}]}
[debug] [AndroidUiautomator2Driver@186c (bcb36653)] Responding to client with driver.findElements() result: [{"element-6066-11e4-a52e-4f735466cecf":"00000000-0000-0398-ffff-ffff0000007d","ELEMENT":"00000000-0000-0398-ffff-ffff0000007d"},{"element-6066-11e4-a52e-4f735466cecf":"00000000-0000-0398-ffff-ffff00000085","ELEMENT":"00000000-0000-0398-ffff-ffff00000085"}]
[HTTP] <-- POST /session/bcb36653-c4ca-4285-8a38-b50763b3e7ba/elements 200 17 ms - 267
[HTTP] 
[HTTP] &amp#27;[37m-->&amp#27;[39m &amp#27;[37mGET&amp#27;[39m &amp#27;[37m/session/bcb36653-c4ca-4285-8a38-b50763b3e7ba/element/00000000-0000-0398-ffff-ffff00000085/text&amp#27;[39m
[HTTP] {}
[AndroidUiautomator2Driver@186c (bcb36653)] Driver proxy active, passing request on via HTTP proxy
[debug] [AndroidUiautomator2Driver@186c (bcb36653)] Matched '/session/bcb36653-c4ca-4285-8a38-b50763b3e7ba/element/00000000-0000-0398-ffff-ffff00000085/text' to command name 'getText'
[debug] [AndroidUiautomator2Driver@186c (bcb36653)] Proxying [GET /session/bcb36653-c4ca-4285-8a38-b50763b3e7ba/element/00000000-0000-0398-ffff-ffff00000085/text] to [GET http://127.0.0.1:8202/session/4ae94093-069d-41a0-ba97-f6ccb35f126d/element/00000000-0000-0398-ffff-ffff00000085/text] with no body
[debug] [AndroidUiautomator2Driver@186c (bcb36653)] Got response with status 200: {"sessionId":"4ae94093-069d-41a0-ba97-f6ccb35f126d","value":"$120.0"}
[AndroidUiautomator2Driver@186c (bcb36653)] Replacing sessionId 4ae94093-069d-41a0-ba97-f6ccb35f126d with bcb36653-c4ca-4285-8a38-b50763b3e7ba
[HTTP] <-- GET /session/bcb36653-c4ca-4285-8a38-b50763b3e7ba/element/00000000-0000-0398-ffff-ffff00000085/text 200 6 ms - 69
[HTTP] 
[HTTP] &amp#27;[37m-->&amp#27;[39m &amp#27;[37mGET&amp#27;[39m &amp#27;[37m/session/bcb36653-c4ca-4285-8a38-b50763b3e7ba/context&amp#27;[39m
[HTTP] {}
[debug] [AndroidUiautomator2Driver@186c (bcb36653)] Calling AppiumDriver.getCurrentContext() with args: ["bcb36653-c4ca-4285-8a38-b50763b3e7ba"]
[debug] [AndroidUiautomator2Driver@186c (bcb36653)] Responding to client with driver.getCurrentContext() result: "NATIVE_APP"
[HTTP] <-- GET /session/bcb36653-c4ca-4285-8a38-b50763b3e7ba/context 200 1 ms - 22
[HTTP] 
[HTTP] &amp#27;[37m-->&amp#27;[39m &amp#27;[37mPOST&amp#27;[39m &amp#27;[37m/session/bcb36653-c4ca-4285-8a38-b50763b3e7ba/element&amp#27;[39m
[HTTP] {"using":"id","value":"com.androidsample.generalstore:id/totalAmountLbl"}
[debug] [AndroidUiautomator2Driver@186c (bcb36653)] Calling AppiumDriver.findElement() with args: ["id","com.androidsample.generalstore:id/totalAmountLbl","bcb36653-c4ca-4285-8a38-b50763b3e7ba"]
[debug] [AndroidUiautomator2Driver@186c (bcb36653)] Valid locator strategies for this request: xpath, id, class name, accessibility id, css selector, -android uiautomator
[debug] [AndroidUiautomator2Driver@186c (bcb36653)] Waiting up to 10000 ms for condition
[debug] [AndroidUiautomator2Driver@186c (bcb36653)] Matched '/element' to command name 'findElement'
[debug] [AndroidUiautomator2Driver@186c (bcb36653)] Proxying [POST /element] to [POST http://127.0.0.1:8202/session/4ae94093-069d-41a0-ba97-f6ccb35f126d/element] with body: {"strategy":"id","selector":"com.androidsample.generalstore:id/totalAmountLbl","context":"","multiple":false}
[debug] [AndroidUiautomator2Driver@186c (bcb36653)] Got response with status 200: {"sessionId":"4ae94093-069d-41a0-ba97-f6ccb35f126d","value":{"ELEMENT":"00000000-0000-0398-ffff-ffff00000071","element-6066-11e4-a52e-4f735466cecf":"00000000-0000-0398-ffff-ffff00000071"}}
[debug] [AndroidUiautomator2Driver@186c (bcb36653)] Responding to client with driver.findElement() result: {"element-6066-11e4-a52e-4f735466cecf":"00000000-0000-0398-ffff-ffff00000071","ELEMENT":"00000000-0000-0398-ffff-ffff00000071"}
[HTTP] <-- POST /session/bcb36653-c4ca-4285-8a38-b50763b3e7ba/element 200 16 ms - 137
[HTTP] 
[HTTP] &amp#27;[37m-->&amp#27;[39m &amp#27;[37mGET&amp#27;[39m &amp#27;[37m/session/bcb36653-c4ca-4285-8a38-b50763b3e7ba/element/00000000-0000-0398-ffff-ffff00000071/text&amp#27;[39m
[HTTP] {}
[AndroidUiautomator2Driver@186c (bcb36653)] Driver proxy active, passing request on via HTTP proxy
[debug] [AndroidUiautomator2Driver@186c (bcb36653)] Matched '/session/bcb36653-c4ca-4285-8a38-b50763b3e7ba/element/00000000-0000-0398-ffff-ffff00000071/text' to command name 'getText'
[debug] [AndroidUiautomator2Driver@186c (bcb36653)] Proxying [GET /session/bcb36653-c4ca-4285-8a38-b50763b3e7ba/element/00000000-0000-0398-ffff-ffff00000071/text] to [GET http://127.0.0.1:8202/session/4ae94093-069d-41a0-ba97-f6ccb35f126d/element/00000000-0000-0398-ffff-ffff00000071/text] with no body
[debug] [AndroidUiautomator2Driver@186c (bcb36653)] Got response with status 200: {"sessionId":"4ae94093-069d-41a0-ba97-f6ccb35f126d","value":"$ 280.97"}
[AndroidUiautomator2Driver@186c (bcb36653)] Replacing sessionId 4ae94093-069d-41a0-ba97-f6ccb35f126d with bcb36653-c4ca-4285-8a38-b50763b3e7ba
[HTTP] <-- GET /session/bcb36653-c4ca-4285-8a38-b50763b3e7ba/element/00000000-0000-0398-ffff-ffff00000071/text 200 5 ms - 71
[HTTP] 
[HTTP] &amp#27;[37m-->&amp#27;[39m &amp#27;[37mGET&amp#27;[39m &amp#27;[37m/session/bcb36653-c4ca-4285-8a38-b50763b3e7ba/context&amp#27;[39m
[HTTP] {}
[debug] [AndroidUiautomator2Driver@186c (bcb36653)] Calling AppiumDriver.getCurrentContext() with args: ["bcb36653-c4ca-4285-8a38-b50763b3e7ba"]
[debug] [AndroidUiautomator2Driver@186c (bcb36653)] Responding to client with driver.getCurrentContext() result: "NATIVE_APP"
[HTTP] <-- GET /session/bcb36653-c4ca-4285-8a38-b50763b3e7ba/context 200 1 ms - 22
[HTTP] 
[HTTP] &amp#27;[37m-->&amp#27;[39m &amp#27;[37mPOST&amp#27;[39m &amp#27;[37m/session/bcb36653-c4ca-4285-8a38-b50763b3e7ba/element&amp#27;[39m
[HTTP] {"using":"id","value":"com.androidsample.generalstore:id/termsButton"}
[debug] [AndroidUiautomator2Driver@186c (bcb36653)] Calling AppiumDriver.findElement() with args: ["id","com.androidsample.generalstore:id/termsButton","bcb36653-c4ca-4285-8a38-b50763b3e7ba"]
[debug] [AndroidUiautomator2Driver@186c (bcb36653)] Valid locator strategies for this request: xpath, id, class name, accessibility id, css selector, -android uiautomator
[debug] [AndroidUiautomator2Driver@186c (bcb36653)] Waiting up to 10000 ms for condition
[debug] [AndroidUiautomator2Driver@186c (bcb36653)] Matched '/element' to command name 'findElement'
[debug] [AndroidUiautomator2Driver@186c (bcb36653)] Proxying [POST /element] to [POST http://127.0.0.1:8202/session/4ae94093-069d-41a0-ba97-f6ccb35f126d/element] with body: {"strategy":"id","selector":"com.androidsample.generalstore:id/termsButton","context":"","multiple":false}
[debug] [AndroidUiautomator2Driver@186c (bcb36653)] Got response with status 200: {"sessionId":"4ae94093-069d-41a0-ba97-f6ccb35f126d","value":{"ELEMENT":"00000000-0000-0398-ffff-ffff00000074","element-6066-11e4-a52e-4f735466cecf":"00000000-0000-0398-ffff-ffff00000074"}}
[debug] [AndroidUiautomator2Driver@186c (bcb36653)] Responding to client with driver.findElement() result: {"element-6066-11e4-a52e-4f735466cecf":"00000000-0000-0398-ffff-ffff00000074","ELEMENT":"00000000-0000-0398-ffff-ffff00000074"}
[HTTP] <-- POST /session/bcb36653-c4ca-4285-8a38-b50763b3e7ba/element 200 11 ms - 137
[HTTP] 
[HTTP] &amp#27;[37m-->&amp#27;[39m &amp#27;[37mPOST&amp#27;[39m &amp#27;[37m/session/bcb36653-c4ca-4285-8a38-b50763b3e7ba/execute/sync&amp#27;[39m
[HTTP] {"script":"mobile: longClickGesture","args":[{"elementId":"00000000-0000-0398-ffff-ffff00000074","duration":2000}]}
[debug] [AndroidUiautomator2Driver@186c (bcb36653)] Calling AppiumDriver.execute() with args: ["mobile: longClickGesture",[{"elementId":"00000000-0000-0398-ffff-ffff00000074","duration":2000}],"bcb36653-c4ca-4285-8a38-b50763b3e7ba"]
[AndroidUiautomator2Driver@186c (bcb36653)] Executing native command 'mobile: longClickGesture'
[debug] [AndroidUiautomator2Driver@186c (bcb36653)] Proxying [POST /appium/gestures/long_click] to [POST http://127.0.0.1:8202/session/4ae94093-069d-41a0-ba97-f6ccb35f126d/appium/gestures/long_click] with body: {"origin":{"ELEMENT":"00000000-0000-0398-ffff-ffff00000074","element-6066-11e4-a52e-4f735466cecf":"00000000-0000-0398-ffff-ffff00000074"},"duration":2000}
[debug] [AndroidUiautomator2Driver@186c (bcb36653)] Got response with status 200: {"sessionId":"4ae94093-069d-41a0-ba97-f6ccb35f126d","value":null}
[debug] [AndroidUiautomator2Driver@186c (bcb36653)] Responding to client with driver.execute() result: null
[HTTP] <-- POST /session/bcb36653-c4ca-4285-8a38-b50763b3e7ba/execute/sync 200 2080 ms - 14
[HTTP] 
[HTTP] &amp#27;[37m-->&amp#27;[39m &amp#27;[37mGET&amp#27;[39m &amp#27;[37m/session/bcb36653-c4ca-4285-8a38-b50763b3e7ba/context&amp#27;[39m
[HTTP] {}
[debug] [AndroidUiautomator2Driver@186c (bcb36653)] Calling AppiumDriver.getCurrentContext() with args: ["bcb36653-c4ca-4285-8a38-b50763b3e7ba"]
[debug] [AndroidUiautomator2Driver@186c (bcb36653)] Responding to client with driver.getCurrentContext() result: "NATIVE_APP"
[HTTP] <-- GET /session/bcb36653-c4ca-4285-8a38-b50763b3e7ba/context 200 3 ms - 22
[HTTP] 
[HTTP] &amp#27;[37m-->&amp#27;[39m &amp#27;[37mPOST&amp#27;[39m &amp#27;[37m/session/bcb36653-c4ca-4285-8a38-b50763b3e7ba/element&amp#27;[39m
[HTTP] {"using":"id","value":"android:id/button1"}
[debug] [AndroidUiautomator2Driver@186c (bcb36653)] Calling AppiumDriver.findElement() with args: ["id","android:id/button1","bcb36653-c4ca-4285-8a38-b50763b3e7ba"]
[debug] [AndroidUiautomator2Driver@186c (bcb36653)] Valid locator strategies for this request: xpath, id, class name, accessibility id, css selector, -android uiautomator
[debug] [AndroidUiautomator2Driver@186c (bcb36653)] Waiting up to 10000 ms for condition
[debug] [AndroidUiautomator2Driver@186c (bcb36653)] Matched '/element' to command name 'findElement'
[debug] [AndroidUiautomator2Driver@186c (bcb36653)] Proxying [POST /element] to [POST http://127.0.0.1:8202/session/4ae94093-069d-41a0-ba97-f6ccb35f126d/element] with body: {"strategy":"id","selector":"android:id/button1","context":"","multiple":false}
[debug] [AndroidUiautomator2Driver@186c (bcb36653)] Got response with status 200: {"sessionId":"4ae94093-069d-41a0-ba97-f6ccb35f126d","value":{"ELEMENT":"00000000-0000-0399-ffff-ffff000000a0","element-6066-11e4-a52e-4f735466cecf":"00000000-0000-0399-ffff-ffff000000a0"}}
[debug] [AndroidUiautomator2Driver@186c (bcb36653)] Responding to client with driver.findElement() result: {"element-6066-11e4-a52e-4f735466cecf":"00000000-0000-0399-ffff-ffff000000a0","ELEMENT":"00000000-0000-0399-ffff-ffff000000a0"}
[HTTP] <-- POST /session/bcb36653-c4ca-4285-8a38-b50763b3e7ba/element 200 16 ms - 137
[HTTP] 
[HTTP] &amp#27;[37m-->&amp#27;[39m &amp#27;[37mPOST&amp#27;[39m &amp#27;[37m/session/bcb36653-c4ca-4285-8a38-b50763b3e7ba/element/00000000-0000-0399-ffff-ffff000000a0/click&amp#27;[39m
[HTTP] {"id":"00000000-0000-0399-ffff-ffff000000a0"}
[debug] [AndroidUiautomator2Driver@186c (bcb36653)] Calling AppiumDriver.click() with args: ["00000000-0000-0399-ffff-ffff000000a0","bcb36653-c4ca-4285-8a38-b50763b3e7ba"]
[debug] [AndroidUiautomator2Driver@186c (bcb36653)] Matched '/element/00000000-0000-0399-ffff-ffff000000a0/click' to command name 'click'
[debug] [AndroidUiautomator2Driver@186c (bcb36653)] Proxying [POST /element/00000000-0000-0399-ffff-ffff000000a0/click] to [POST http://127.0.0.1:8202/session/4ae94093-069d-41a0-ba97-f6ccb35f126d/element/00000000-0000-0399-ffff-ffff000000a0/click] with body: {"element":"00000000-0000-0399-ffff-ffff000000a0"}
[debug] [AndroidUiautomator2Driver@186c (bcb36653)] Got response with status 200: {"sessionId":"4ae94093-069d-41a0-ba97-f6ccb35f126d","value":null}
[debug] [AndroidUiautomator2Driver@186c (bcb36653)] Responding to client with driver.click() result: null
[HTTP] <-- POST /session/bcb36653-c4ca-4285-8a38-b50763b3e7ba/element/00000000-0000-0399-ffff-ffff000000a0/click 200 109 ms - 14
[HTTP] 
[HTTP] &amp#27;[37m-->&amp#27;[39m &amp#27;[37mGET&amp#27;[39m &amp#27;[37m/session/bcb36653-c4ca-4285-8a38-b50763b3e7ba/context&amp#27;[39m
[HTTP] {}
[debug] [AndroidUiautomator2Driver@186c (bcb36653)] Calling AppiumDriver.getCurrentContext() with args: ["bcb36653-c4ca-4285-8a38-b50763b3e7ba"]
[debug] [AndroidUiautomator2Driver@186c (bcb36653)] Responding to client with driver.getCurrentContext() result: "NATIVE_APP"
[HTTP] <-- GET /session/bcb36653-c4ca-4285-8a38-b50763b3e7ba/context 200 3 ms - 22
[HTTP] 
[HTTP] &amp#27;[37m-->&amp#27;[39m &amp#27;[37mPOST&amp#27;[39m &amp#27;[37m/session/bcb36653-c4ca-4285-8a38-b50763b3e7ba/element&amp#27;[39m
[HTTP] {"using":"class name","value":"android.widget.CheckBox"}
[debug] [AndroidUiautomator2Driver@186c (bcb36653)] Calling AppiumDriver.findElement() with args: ["class name","android.widget.CheckBox","bcb36653-c4ca-4285-8a38-b50763b3e7ba"]
[debug] [AndroidUiautomator2Driver@186c (bcb36653)] Valid locator strategies for this request: xpath, id, class name, accessibility id, css selector, -android uiautomator
[debug] [AndroidUiautomator2Driver@186c (bcb36653)] Waiting up to 10000 ms for condition
[debug] [AndroidUiautomator2Driver@186c (bcb36653)] Matched '/element' to command name 'findElement'
[debug] [AndroidUiautomator2Driver@186c (bcb36653)] Proxying [POST /element] to [POST http://127.0.0.1:8202/session/4ae94093-069d-41a0-ba97-f6ccb35f126d/element] with body: {"strategy":"class name","selector":"android.widget.CheckBox","context":"","multiple":false}
[debug] [AndroidUiautomator2Driver@186c (bcb36653)] Got response with status 200: {"sessionId":"4ae94093-069d-41a0-ba97-f6ccb35f126d","value":{"ELEMENT":"00000000-0000-0398-ffff-ffff00000072","element-6066-11e4-a52e-4f735466cecf":"00000000-0000-0398-ffff-ffff00000072"}}
[debug] [AndroidUiautomator2Driver@186c (bcb36653)] Responding to client with driver.findElement() result: {"element-6066-11e4-a52e-4f735466cecf":"00000000-0000-0398-ffff-ffff00000072","ELEMENT":"00000000-0000-0398-ffff-ffff00000072"}
[HTTP] <-- POST /session/bcb36653-c4ca-4285-8a38-b50763b3e7ba/element 200 271 ms - 137
[HTTP] 
[HTTP] &amp#27;[37m-->&amp#27;[39m &amp#27;[37mPOST&amp#27;[39m &amp#27;[37m/session/bcb36653-c4ca-4285-8a38-b50763b3e7ba/element/00000000-0000-0398-ffff-ffff00000072/click&amp#27;[39m
[HTTP] {"id":"00000000-0000-0398-ffff-ffff00000072"}
[debug] [AndroidUiautomator2Driver@186c (bcb36653)] Calling AppiumDriver.click() with args: ["00000000-0000-0398-ffff-ffff00000072","bcb36653-c4ca-4285-8a38-b50763b3e7ba"]
[debug] [AndroidUiautomator2Driver@186c (bcb36653)] Matched '/element/00000000-0000-0398-ffff-ffff00000072/click' to command name 'click'
[debug] [AndroidUiautomator2Driver@186c (bcb36653)] Proxying [POST /element/00000000-0000-0398-ffff-ffff00000072/click] to [POST http://127.0.0.1:8202/session/4ae94093-069d-41a0-ba97-f6ccb35f126d/element/00000000-0000-0398-ffff-ffff00000072/click] with body: {"element":"00000000-0000-0398-ffff-ffff00000072"}
[debug] [AndroidUiautomator2Driver@186c (bcb36653)] Got response with status 200: {"sessionId":"4ae94093-069d-41a0-ba97-f6ccb35f126d","value":null}
[debug] [AndroidUiautomator2Driver@186c (bcb36653)] Responding to client with driver.click() result: null
[HTTP] <-- POST /session/bcb36653-c4ca-4285-8a38-b50763b3e7ba/element/00000000-0000-0398-ffff-ffff00000072/click 200 333 ms - 14
[HTTP] 
[HTTP] &amp#27;[37m-->&amp#27;[39m &amp#27;[37mGET&amp#27;[39m &amp#27;[37m/session/bcb36653-c4ca-4285-8a38-b50763b3e7ba/context&amp#27;[39m
[HTTP] {}
[debug] [AndroidUiautomator2Driver@186c (bcb36653)] Calling AppiumDriver.getCurrentContext() with args: ["bcb36653-c4ca-4285-8a38-b50763b3e7ba"]
[debug] [AndroidUiautomator2Driver@186c (bcb36653)] Responding to client with driver.getCurrentContext() result: "NATIVE_APP"
[HTTP] <-- GET /session/bcb36653-c4ca-4285-8a38-b50763b3e7ba/context 200 1 ms - 22
[HTTP] 
[HTTP] &amp#27;[37m-->&amp#27;[39m &amp#27;[37mPOST&amp#27;[39m &amp#27;[37m/session/bcb36653-c4ca-4285-8a38-b50763b3e7ba/element&amp#27;[39m
[HTTP] {"using":"id","value":"com.androidsample.generalstore:id/btnProceed"}
[debug] [AndroidUiautomator2Driver@186c (bcb36653)] Calling AppiumDriver.findElement() with args: ["id","com.androidsample.generalstore:id/btnProceed","bcb36653-c4ca-4285-8a38-b50763b3e7ba"]
[debug] [AndroidUiautomator2Driver@186c (bcb36653)] Valid locator strategies for this request: xpath, id, class name, accessibility id, css selector, -android uiautomator
[debug] [AndroidUiautomator2Driver@186c (bcb36653)] Waiting up to 10000 ms for condition
[debug] [AndroidUiautomator2Driver@186c (bcb36653)] Matched '/element' to command name 'findElement'
[debug] [AndroidUiautomator2Driver@186c (bcb36653)] Proxying [POST /element] to [POST http://127.0.0.1:8202/session/4ae94093-069d-41a0-ba97-f6ccb35f126d/element] with body: {"strategy":"id","selector":"com.androidsample.generalstore:id/btnProceed","context":"","multiple":false}
[debug] [AndroidUiautomator2Driver@186c (bcb36653)] Got response with status 200: {"sessionId":"4ae94093-069d-41a0-ba97-f6ccb35f126d","value":{"ELEMENT":"00000000-0000-0398-ffff-ffff00000073","element-6066-11e4-a52e-4f735466cecf":"00000000-0000-0398-ffff-ffff00000073"}}
[debug] [AndroidUiautomator2Driver@186c (bcb36653)] Responding to client with driver.findElement() result: {"element-6066-11e4-a52e-4f735466cecf":"00000000-0000-0398-ffff-ffff00000073","ELEMENT":"00000000-0000-0398-ffff-ffff00000073"}
[HTTP] <-- POST /session/bcb36653-c4ca-4285-8a38-b50763b3e7ba/element 200 568 ms - 137
[HTTP] 
[HTTP] &amp#27;[37m-->&amp#27;[39m &amp#27;[37mPOST&amp#27;[39m &amp#27;[37m/session/bcb36653-c4ca-4285-8a38-b50763b3e7ba/element/00000000-0000-0398-ffff-ffff00000073/click&amp#27;[39m
[HTTP] {"id":"00000000-0000-0398-ffff-ffff00000073"}
[debug] [AndroidUiautomator2Driver@186c (bcb36653)] Calling AppiumDriver.click() with args: ["00000000-0000-0398-ffff-ffff00000073","bcb36653-c4ca-4285-8a38-b50763b3e7ba"]
[debug] [AndroidUiautomator2Driver@186c (bcb36653)] Matched '/element/00000000-0000-0398-ffff-ffff00000073/click' to command name 'click'
[debug] [AndroidUiautomator2Driver@186c (bcb36653)] Proxying [POST /element/00000000-0000-0398-ffff-ffff00000073/click] to [POST http://127.0.0.1:8202/session/4ae94093-069d-41a0-ba97-f6ccb35f126d/element/00000000-0000-0398-ffff-ffff00000073/click] with body: {"element":"00000000-0000-0398-ffff-ffff00000073"}
[debug] [AndroidUiautomator2Driver@186c (bcb36653)] Got response with status 200: {"sessionId":"4ae94093-069d-41a0-ba97-f6ccb35f126d","value":null}
[debug] [AndroidUiautomator2Driver@186c (bcb36653)] Responding to client with driver.click() result: null
[HTTP] <-- POST /session/bcb36653-c4ca-4285-8a38-b50763b3e7ba/element/00000000-0000-0398-ffff-ffff00000073/click 200 54 ms - 14
[HTTP] 
]]></system-out>
  </testcase>
</testsuite>