<?xml version="1.0" encoding="UTF-8"?>
<!-- Generated by org.testng.reporters.JUnitReportReporter -->
<testsuite hostname="MacBook-Pro.attlocal.net" failures="0" tests="1" name="rahulshettyacademy.AppiumBasics" time="8.413" errors="0" timestamp="2022-05-27T15:35:23 EDT" skipped="0">
  <testcase classname="rahulshettyacademy.AppiumBasics" name="WifiSettingsName" time="8.413"/>
  <system-out/>
</testsuite> <!-- rahulshettyacademy.AppiumBasics -->
