<?xml version="1.0" encoding="UTF-8"?>
<!-- Generated by org.testng.reporters.JUnitReportReporter -->
<testsuite hostname="DESKTOP-NBMC4JQ" failures="0" tests="1" name="BuffyAppiumAcademy.SwipeDemo" time="9.719" errors="0" timestamp="2023-07-08T14:48:01 NZST" skipped="0">
  <testcase classname="BuffyAppiumAcademy.SwipeDemo" name="SwipeDemoTest" time="9.719"/>
</testsuite> <!-- BuffyAppiumAcademy.SwipeDemo -->
