<?xml version="1.0" encoding="UTF-8"?>
<!-- Generated by org.testng.reporters.JUnitReportReporter -->
<testsuite hostname="DESKTOP-NBMC4JQ" failures="0" tests="1" name="BuffyAppiumAcademy.LongPress" time="9.338" errors="0" timestamp="2023-07-08T12:02:00 NZST" skipped="0">
  <testcase classname="BuffyAppiumAcademy.LongPress" name="AppiumTest" time="9.338"/>
</testsuite> <!-- BuffyAppiumAcademy.LongPress -->
