<?xml version="1.0" encoding="UTF-8"?>
<!-- Generated by org.testng.reporters.JUnitReportReporter -->
<testsuite hostname="DESKTOP-NBMC4JQ" failures="0" tests="1" name="BuffyBrowser.MobileBrowserTest" time="8.105" errors="0" timestamp="2023-07-13T08:39:42 NZST" skipped="0">
  <testcase classname="BuffyBrowser.MobileBrowserTest" name="browserTest" time="8.105"/>
</testsuite> <!-- BuffyBrowser.MobileBrowserTest -->
