<?xml version="1.0" encoding="UTF-8"?>
<!-- Generated by org.testng.reporters.JUnitReportReporter -->
<testsuite hostname="DESKTOP-NBMC4JQ" failures="0" tests="1" name="BuffyAppiumAcademy.AppiumBasics" time="10.766" errors="0" timestamp="2023-07-08T10:12:31 NZST" skipped="0">
  <testcase classname="BuffyAppiumAcademy.AppiumBasics" name="AppiumTest" time="10.766"/>
</testsuite> <!-- BuffyAppiumAcademy.AppiumBasics -->
