<?xml version="1.0" encoding="UTF-8"?>
<!-- Generated by org.testng.reporters.JUnitReportReporter -->
<testsuite hostname="DESKTOP-NBMC4JQ" failures="0" tests="1" name="BuffyEcommerceE2E.ecommerce_tc_2" time="38.030" errors="0" timestamp="2023-07-10T20:37:12 NZST" skipped="0">
  <testcase classname="BuffyEcommerceE2E.ecommerce_tc_2" name="FillForm" time="38.030"/>
</testsuite> <!-- BuffyEcommerceE2E.ecommerce_tc_2 -->
