<?xml version="1.0" encoding="UTF-8"?>
<!-- Generated by org.testng.reporters.JUnitReportReporter -->
<testsuite hostname="DESKTOP-NBMC4JQ" failures="0" tests="1" name="BuffyEcommerceE2E.ecommerce_tc_1" time="12.419" errors="0" timestamp="2023-07-09T10:07:10 NZST" skipped="0">
  <testcase classname="BuffyEcommerceE2E.ecommerce_tc_1" name="FillForm" time="12.419"/>
</testsuite> <!-- BuffyEcommerceE2E.ecommerce_tc_1 -->
