<?xml version="1.0" encoding="UTF-8"?>
<!-- Generated by org.testng.reporters.JUnitReportReporter -->
<testsuite hostname="DESKTOP-NBMC4JQ" failures="0" tests="1" name="BuffyAppiumAcademy.MisceallaniousAppiumActions" time="11.932" errors="0" timestamp="2023-07-08T16:34:26 NZST" skipped="0">
  <testcase classname="BuffyAppiumAcademy.MisceallaniousAppiumActions" name="AppiumTest" time="11.932"/>
</testsuite> <!-- BuffyAppiumAcademy.MisceallaniousAppiumActions -->
