<?xml version="1.0" encoding="UTF-8"?>
<!-- Generated by org.testng.reporters.JUnitReportReporter -->
<testsuite hostname="DESKTOP-NBMC4JQ" failures="0" tests="1" name="BuffyEcommerceE2E.ecommerce_tc_3_Hybrid" time="66.496" errors="0" timestamp="2023-07-13T08:14:54 NZST" skipped="0">
  <testcase classname="BuffyEcommerceE2E.ecommerce_tc_3_Hybrid" name="FillForm" time="66.496"/>
</testsuite> <!-- BuffyEcommerceE2E.ecommerce_tc_3_Hybrid -->
