<?xml version="1.0" encoding="UTF-8"?>
<!-- Generated by org.testng.reporters.JUnitReportReporter -->
<testsuite hostname="DESKTOP-NBMC4JQ" failures="0" tests="1" name="BuffyAppiumAcademy.ScrollDemo" time="2.985" errors="0" timestamp="2023-07-08T14:04:45 NZST" skipped="0">
  <testcase classname="BuffyAppiumAcademy.ScrollDemo" name="ScrollDemoTest" time="2.985"/>
</testsuite> <!-- BuffyAppiumAcademy.ScrollDemo -->
