<?xml version="1.0" encoding="UTF-8"?>
<!-- Generated by org.testng.reporters.JUnitReportReporter -->
<testsuite hostname="DESKTOP-NBMC4JQ" failures="0" tests="1" name="BuffyAppiumAcademy.DragDropDemo" time="6.527" errors="0" timestamp="2023-07-08T15:28:54 NZST" skipped="0">
  <testcase classname="BuffyAppiumAcademy.DragDropDemo" name="DragDropDemoTest" time="6.527"/>
</testsuite> <!-- BuffyAppiumAcademy.DragDropDemo -->
